2025-02-21 08:11:18 [scrapy.middleware] INFO: Enabled downloader middlewares:
['scrapy.downloadermiddlewares.offsite.OffsiteMiddleware',
 'scrapy.downloadermiddlewares.robotstxt.RobotsTxtMiddleware',
 'scrapy.downloadermiddlewares.httpauth.HttpAuthMiddleware',
 'scrapy.downloadermiddlewares.downloadtimeout.DownloadTimeoutMiddleware',
 'scrapy.downloadermiddlewares.defaultheaders.DefaultHeadersMiddleware',
 'NodeScrapy.middlewares.RandomUserAgentMiddleware',
 'scrapy.downloadermiddlewares.useragent.UserAgentMiddleware',
 'scrapy.downloadermiddlewares.retry.RetryMiddleware',
 'scrapy.downloadermiddlewares.redirect.MetaRefreshMiddleware',
 'scrapy.downloadermiddlewares.httpcompression.HttpCompressionMiddleware',
 'scrapy.downloadermiddlewares.redirect.RedirectMiddleware',
 'scrapy.downloadermiddlewares.cookies.CookiesMiddleware',
 'scrapy.downloadermiddlewares.httpproxy.HttpProxyMiddleware',
 'scrapy.downloadermiddlewares.stats.DownloaderStats']
2025-02-21 08:11:18 [scrapy.middleware] INFO: Enabled spider middlewares:
['scrapy.spidermiddlewares.httperror.HttpErrorMiddleware',
 'scrapy.spidermiddlewares.referer.RefererMiddleware',
 'scrapy.spidermiddlewares.urllength.UrlLengthMiddleware',
 'scrapy.spidermiddlewares.depth.DepthMiddleware']
2025-02-21 08:11:18 [scrapy.middleware] INFO: Enabled item pipelines:
['NodeScrapy.pipelines.Pipeline']
2025-02-21 08:11:18 [scrapy.core.engine] INFO: Spider opened
2025-02-21 08:11:18 [scrapy.extensions.logstats] INFO: Crawled 0 pages (at 0 pages/min), scraped 0 items (at 0 items/min)
2025-02-21 08:11:18 [scrapy.extensions.telnet] INFO: Telnet console listening on 127.0.0.1:6023
2025-02-21 08:11:18 [simple] INFO: clashmeta start
2025-02-21 08:11:18 [simple] INFO: ndnode start
2025-02-21 08:11:18 [simple] INFO: nodev2ray start
2025-02-21 08:11:18 [simple] INFO: nodefree start
2025-02-21 08:11:18 [simple] INFO: v2rayshare start
2025-02-21 08:11:18 [simple] INFO: wenode start
2025-02-21 08:11:18 [simple] INFO: clashmeta found /free-nodes/2025-2-20-clash-meta-github.htm on 2025-02-20
2025-02-21 08:11:18 [simple] INFO: clashmeta found /free-nodes/2025-2-20-clash-meta-github.htm on 2025-02-20
2025-02-21 08:11:18 [simple] INFO: clashmeta found /free-nodes/2025-2-19-clash-meta-github.htm on 2025-02-19
2025-02-21 08:11:18 [simple] INFO: clashmeta found /free-nodes/2025-2-19-clash-meta-github.htm on 2025-02-19
2025-02-21 08:11:18 [simple] INFO: clashmeta found /free-nodes/2025-2-18-free-clash-meta-node.htm on 2025-02-18
2025-02-21 08:11:18 [simple] INFO: clashmeta found /free-nodes/2025-2-18-free-clash-meta-node.htm on 2025-02-18
2025-02-21 08:11:18 [simple] INFO: clashmeta found /free-nodes/2025-2-17-today-clash-meta-node.htm on 2025-02-17
2025-02-21 08:11:18 [simple] INFO: clashmeta found /free-nodes/2025-2-17-today-clash-meta-node.htm on 2025-02-17
2025-02-21 08:11:18 [simple] INFO: clashmeta found /free-nodes/2025-2-16-clash-meta-github.htm on 2025-02-16
2025-02-21 08:11:18 [simple] INFO: clashmeta found /free-nodes/2025-2-16-clash-meta-github.htm on 2025-02-16
2025-02-21 08:11:18 [simple] INFO: clashmeta found /free-nodes/2025-2-15-clash-meta-windows.htm on 2025-02-15
2025-02-21 08:11:18 [simple] INFO: clashmeta found /free-nodes/2025-2-15-clash-meta-windows.htm on 2025-02-15
2025-02-21 08:11:18 [simple] INFO: clashmeta found /free-nodes/2025-2-14-free-node-subscribe.htm on 2025-02-14
2025-02-21 08:11:18 [simple] INFO: clashmeta found /free-nodes/2025-2-14-free-node-subscribe.htm on 2025-02-14
2025-02-21 08:11:18 [simple] INFO: clashmeta found /free-nodes/2025-2-13-clash-meta-windows.htm on 2025-02-13
2025-02-21 08:11:18 [simple] INFO: clashmeta found /free-nodes/2025-2-13-clash-meta-windows.htm on 2025-02-13
2025-02-21 08:11:18 [simple] INFO: clashmeta found /free-nodes/2025-2-12-clash-meta-node-github.htm on 2025-02-12
2025-02-21 08:11:18 [simple] INFO: clashmeta found /free-nodes/2025-2-12-clash-meta-node-github.htm on 2025-02-12
2025-02-21 08:11:18 [simple] INFO: clashmeta found /free-nodes/2025-2-11-clash-meta-windows.htm on 2025-02-11
2025-02-21 08:11:18 [simple] INFO: clashmeta found /free-nodes/2025-2-11-clash-meta-windows.htm on 2025-02-11
2025-02-21 08:11:18 [simple] INFO: clashmeta found /free-nodes/2025-2-10-free-clash-meta-node.htm on 2025-02-10
2025-02-21 08:11:18 [simple] INFO: clashmeta found /free-nodes/2025-2-10-free-clash-meta-node.htm on 2025-02-10
2025-02-21 08:11:18 [simple] INFO: clashmeta found /free-nodes/2025-2-9-free-clash-meta-node.htm on 2025-02-09
2025-02-21 08:11:18 [simple] INFO: clashmeta found /free-nodes/2025-2-9-free-clash-meta-node.htm on 2025-02-09
2025-02-21 08:11:18 [simple] INFO: clashmeta found /free-nodes/2025-2-8-free-subscribe-node.htm on 2025-02-08
2025-02-21 08:11:18 [simple] INFO: clashmeta found /free-nodes/2025-2-8-free-subscribe-node.htm on 2025-02-08
2025-02-21 08:11:18 [simple] INFO: clashmeta found /free-nodes/2025-2-7-node-share-links.htm on 2025-02-07
2025-02-21 08:11:18 [simple] INFO: clashmeta found /free-nodes/2025-2-7-node-share-links.htm on 2025-02-07
2025-02-21 08:11:18 [simple] INFO: clashmeta found /free-nodes/2025-2-6-clash-meta-node-share.htm on 2025-02-06
2025-02-21 08:11:18 [simple] INFO: clashmeta found /free-nodes/2025-2-6-clash-meta-node-share.htm on 2025-02-06
2025-02-21 08:11:18 [simple] INFO: clashmeta found /free-nodes/2025-2-5-clash-meta-node-github.htm on 2025-02-05
2025-02-21 08:11:18 [simple] INFO: clashmeta found /free-nodes/2025-2-5-clash-meta-node-github.htm on 2025-02-05
2025-02-21 08:11:18 [simple] INFO: clashmeta found /free-nodes/2025-2-4-free-high-speed-nodes.htm on 2025-02-04
2025-02-21 08:11:18 [simple] INFO: clashmeta found /free-nodes/2025-2-4-free-high-speed-nodes.htm on 2025-02-04
2025-02-21 08:11:18 [simple] INFO: clashmeta found /free-nodes/2025-2-3-clash-meta-github.htm on 2025-02-03
2025-02-21 08:11:18 [simple] INFO: clashmeta found /free-nodes/2025-2-3-clash-meta-github.htm on 2025-02-03
2025-02-21 08:11:18 [simple] INFO: clashmeta found /free-nodes/2025-2-2-free-node-subscribe.htm on 2025-02-02
2025-02-21 08:11:18 [simple] INFO: clashmeta found /free-nodes/2025-2-2-free-node-subscribe.htm on 2025-02-02
2025-02-21 08:11:18 [simple] INFO: clashmeta found /free-nodes/2025-2-1-today-clash-meta-node.htm on 2025-02-01
2025-02-21 08:11:18 [simple] INFO: clashmeta found /free-nodes/2025-2-1-today-clash-meta-node.htm on 2025-02-01
2025-02-21 08:11:18 [simple] INFO: clashmeta is up to date, exiting
2025-02-21 08:11:18 [simple] INFO: clashmeta is up to date, exiting
2025-02-21 08:11:18 [simple] INFO: clashmeta is up to date, exiting
2025-02-21 08:11:19 [simple] INFO: wenode found https://wenode.cc/a/2628.html on 2025-02-21
2025-02-21 08:11:19 [simple] INFO: wenode found https://wenode.cc/a/2629.html on 2025-02-20
2025-02-21 08:11:19 [simple] INFO: wenode found https://wenode.cc/a/2630.html on 2025-02-19
2025-02-21 08:11:19 [simple] INFO: wenode found https://wenode.cc/a/2631.html on 2025-02-18
2025-02-21 08:11:19 [simple] INFO: wenode found https://wenode.cc/a/2632.html on 2025-02-17
2025-02-21 08:11:19 [simple] INFO: wenode found https://wenode.cc/a/2633.html on 2025-02-16
2025-02-21 08:11:19 [simple] INFO: wenode found https://wenode.cc/a/2634.html on 2025-02-15
2025-02-21 08:11:19 [simple] INFO: wenode found https://wenode.cc/a/2635.html on 2025-02-14
2025-02-21 08:11:19 [simple] INFO: wenode found https://wenode.cc/a/2636.html on 2025-02-13
2025-02-21 08:11:19 [simple] INFO: wenode found https://wenode.cc/a/2637.html on 2025-02-12
2025-02-21 08:11:19 [simple] INFO: wenode needs update, accessing https://wenode.cc/a/2628.html
2025-02-21 08:11:19 [simple] INFO: wenode is up to date, exiting
2025-02-21 08:11:19 [simple] INFO: wenode is up to date, exiting
2025-02-21 08:11:19 [simple] INFO: nodev2ray found /free-node/2025-2-21-v2ray-windows.htm on 2025-02-21
2025-02-21 08:11:19 [simple] INFO: nodev2ray found /free-node/2025-2-20-free-shadowrocket-node.htm on 2025-02-20
2025-02-21 08:11:19 [simple] INFO: nodev2ray found /free-node/2025-2-19-free-high-speed-nodes.htm on 2025-02-19
2025-02-21 08:11:19 [simple] INFO: nodev2ray found /free-node/2025-2-18-free-clash.htm on 2025-02-18
2025-02-21 08:11:19 [simple] INFO: nodev2ray found /free-node/2025-2-17-free-ssr-node.htm on 2025-02-17
2025-02-21 08:11:19 [simple] INFO: nodev2ray found /free-node/2025-2-16-v2ray-node.htm on 2025-02-16
2025-02-21 08:11:19 [simple] INFO: nodev2ray found /free-node/2025-2-15-free-v2ray.htm on 2025-02-15
2025-02-21 08:11:19 [simple] INFO: nodev2ray found /free-node/2025-2-14-free-subscribe-node.htm on 2025-02-14
2025-02-21 08:11:19 [simple] INFO: nodev2ray found /free-node/2025-2-13-node-share.htm on 2025-02-13
2025-02-21 08:11:19 [simple] INFO: nodev2ray found /free-node/2025-2-12-free-shadowrocket-node.htm on 2025-02-12
2025-02-21 08:11:19 [simple] INFO: nodev2ray found /free-node/2025-2-11-free-clash.htm on 2025-02-11
2025-02-21 08:11:19 [simple] INFO: nodev2ray found /free-node/2025-2-10-free-node-subscribe-links.htm on 2025-02-10
2025-02-21 08:11:19 [simple] INFO: nodev2ray found /free-node/2025-2-9-v2ray-windows.htm on 2025-02-09
2025-02-21 08:11:19 [simple] INFO: nodev2ray found /free-node/2025-2-8-free-node-subscribe-links.htm on 2025-02-08
2025-02-21 08:11:19 [simple] INFO: nodev2ray found /free-node/2025-2-7-free-clash.htm on 2025-02-07
2025-02-21 08:11:19 [simple] INFO: nodev2ray found /free-node/2025-2-6-free-clash.htm on 2025-02-06
2025-02-21 08:11:19 [simple] INFO: nodev2ray found /free-node/2025-2-5-free-ssr-node.htm on 2025-02-05
2025-02-21 08:11:19 [simple] INFO: nodev2ray found /free-node/2025-2-4-free-subscribe-node.htm on 2025-02-04
2025-02-21 08:11:19 [simple] INFO: nodev2ray found /free-node/2025-2-3-free-clash-subscribe.htm on 2025-02-03
2025-02-21 08:11:19 [simple] INFO: nodev2ray found /free-node/2025-2-2-free-ssr-subscribe.htm on 2025-02-02
2025-02-21 08:11:19 [simple] INFO: nodev2ray needs update, accessing https://nodev2ray.com/free-node/2025-2-21-v2ray-windows.htm
2025-02-21 08:11:19 [simple] INFO: nodev2ray needs update, accessing https://nodev2ray.com/free-node/2025-2-20-free-shadowrocket-node.htm
2025-02-21 08:11:19 [simple] INFO: nodev2ray needs update, accessing https://nodev2ray.com/free-node/2025-2-19-free-high-speed-nodes.htm
2025-02-21 08:11:19 [simple] INFO: wenode found https://wenode.githubrowcontent.com/2025/02/20250221.txt
2025-02-21 08:11:19 [simple] INFO: wenode found https://wenode.githubrowcontent.com/2025/02/20250221.yaml
2025-02-21 08:13:38 [tldextract] WARNING: Exception reading Public Suffix List url https://publicsuffix.org/list/public_suffix_list.dat
Traceback (most recent call last):
  File "/opt/hostedtoolcache/Python/3.11.11/x64/lib/python3.11/site-packages/tldextract/cache.py", line 198, in run_and_cache
    result = cast(T, self.get(namespace=namespace, key=key_args))
                     ^^^^^^^^^^^^^^^^^^^^^^^^^^^^^^^^^^^^^^^^^^^
  File "/opt/hostedtoolcache/Python/3.11.11/x64/lib/python3.11/site-packages/tldextract/cache.py", line 101, in get
    raise KeyError("namespace: " + namespace + " key: " + repr(key))
KeyError: "namespace: publicsuffix.org-tlds key: {'urls': ('https://publicsuffix.org/list/public_suffix_list.dat', 'https://raw.githubusercontent.com/publicsuffix/list/master/public_suffix_list.dat'), 'fallback_to_snapshot': True}"

During handling of the above exception, another exception occurred:

Traceback (most recent call last):
  File "/opt/hostedtoolcache/Python/3.11.11/x64/lib/python3.11/site-packages/tldextract/cache.py", line 198, in run_and_cache
    result = cast(T, self.get(namespace=namespace, key=key_args))
                     ^^^^^^^^^^^^^^^^^^^^^^^^^^^^^^^^^^^^^^^^^^^
  File "/opt/hostedtoolcache/Python/3.11.11/x64/lib/python3.11/site-packages/tldextract/cache.py", line 101, in get
    raise KeyError("namespace: " + namespace + " key: " + repr(key))
KeyError: "namespace: urls key: {'url': 'https://publicsuffix.org/list/public_suffix_list.dat'}"

During handling of the above exception, another exception occurred:

Traceback (most recent call last):
  File "/opt/hostedtoolcache/Python/3.11.11/x64/lib/python3.11/site-packages/urllib3/connection.py", line 198, in _new_conn
    sock = connection.create_connection(
           ^^^^^^^^^^^^^^^^^^^^^^^^^^^^^
  File "/opt/hostedtoolcache/Python/3.11.11/x64/lib/python3.11/site-packages/urllib3/util/connection.py", line 85, in create_connection
    raise err
  File "/opt/hostedtoolcache/Python/3.11.11/x64/lib/python3.11/site-packages/urllib3/util/connection.py", line 73, in create_connection
    sock.connect(sa)
OSError: [Errno 101] Network is unreachable

The above exception was the direct cause of the following exception:

Traceback (most recent call last):
  File "/opt/hostedtoolcache/Python/3.11.11/x64/lib/python3.11/site-packages/urllib3/connectionpool.py", line 787, in urlopen
    response = self._make_request(
               ^^^^^^^^^^^^^^^^^^^
  File "/opt/hostedtoolcache/Python/3.11.11/x64/lib/python3.11/site-packages/urllib3/connectionpool.py", line 488, in _make_request
    raise new_e
  File "/opt/hostedtoolcache/Python/3.11.11/x64/lib/python3.11/site-packages/urllib3/connectionpool.py", line 464, in _make_request
    self._validate_conn(conn)
  File "/opt/hostedtoolcache/Python/3.11.11/x64/lib/python3.11/site-packages/urllib3/connectionpool.py", line 1093, in _validate_conn
    conn.connect()
  File "/opt/hostedtoolcache/Python/3.11.11/x64/lib/python3.11/site-packages/urllib3/connection.py", line 704, in connect
    self.sock = sock = self._new_conn()
                       ^^^^^^^^^^^^^^^^
  File "/opt/hostedtoolcache/Python/3.11.11/x64/lib/python3.11/site-packages/urllib3/connection.py", line 213, in _new_conn
    raise NewConnectionError(
urllib3.exceptions.NewConnectionError: <urllib3.connection.HTTPSConnection object at 0x7fe3e61f9610>: Failed to establish a new connection: [Errno 101] Network is unreachable

The above exception was the direct cause of the following exception:

Traceback (most recent call last):
  File "/opt/hostedtoolcache/Python/3.11.11/x64/lib/python3.11/site-packages/requests/adapters.py", line 667, in send
    resp = conn.urlopen(
           ^^^^^^^^^^^^^
  File "/opt/hostedtoolcache/Python/3.11.11/x64/lib/python3.11/site-packages/urllib3/connectionpool.py", line 841, in urlopen
    retries = retries.increment(
              ^^^^^^^^^^^^^^^^^^
  File "/opt/hostedtoolcache/Python/3.11.11/x64/lib/python3.11/site-packages/urllib3/util/retry.py", line 519, in increment
    raise MaxRetryError(_pool, url, reason) from reason  # type: ignore[arg-type]
    ^^^^^^^^^^^^^^^^^^^^^^^^^^^^^^^^^^^^^^^^^^^^^^^^^^^
urllib3.exceptions.MaxRetryError: HTTPSConnectionPool(host='publicsuffix.org', port=443): Max retries exceeded with url: /list/public_suffix_list.dat (Caused by NewConnectionError('<urllib3.connection.HTTPSConnection object at 0x7fe3e61f9610>: Failed to establish a new connection: [Errno 101] Network is unreachable'))

During handling of the above exception, another exception occurred:

Traceback (most recent call last):
  File "/opt/hostedtoolcache/Python/3.11.11/x64/lib/python3.11/site-packages/tldextract/suffix_list.py", line 46, in find_first_response
    return cache.cached_fetch_url(
           ^^^^^^^^^^^^^^^^^^^^^^^
  File "/opt/hostedtoolcache/Python/3.11.11/x64/lib/python3.11/site-packages/tldextract/cache.py", line 209, in cached_fetch_url
    return self.run_and_cache(
           ^^^^^^^^^^^^^^^^^^^
  File "/opt/hostedtoolcache/Python/3.11.11/x64/lib/python3.11/site-packages/tldextract/cache.py", line 200, in run_and_cache
    result = func(**kwargs)
             ^^^^^^^^^^^^^^
  File "/opt/hostedtoolcache/Python/3.11.11/x64/lib/python3.11/site-packages/tldextract/cache.py", line 218, in _fetch_url
    response = session.get(url, timeout=timeout)
               ^^^^^^^^^^^^^^^^^^^^^^^^^^^^^^^^^
  File "/opt/hostedtoolcache/Python/3.11.11/x64/lib/python3.11/site-packages/requests/sessions.py", line 602, in get
    return self.request("GET", url, **kwargs)
           ^^^^^^^^^^^^^^^^^^^^^^^^^^^^^^^^^^
  File "/opt/hostedtoolcache/Python/3.11.11/x64/lib/python3.11/site-packages/requests/sessions.py", line 589, in request
    resp = self.send(prep, **send_kwargs)
           ^^^^^^^^^^^^^^^^^^^^^^^^^^^^^^
  File "/opt/hostedtoolcache/Python/3.11.11/x64/lib/python3.11/site-packages/requests/sessions.py", line 703, in send
    r = adapter.send(request, **kwargs)
        ^^^^^^^^^^^^^^^^^^^^^^^^^^^^^^^
  File "/opt/hostedtoolcache/Python/3.11.11/x64/lib/python3.11/site-packages/requests/adapters.py", line 700, in send
    raise ConnectionError(e, request=request)
requests.exceptions.ConnectionError: HTTPSConnectionPool(host='publicsuffix.org', port=443): Max retries exceeded with url: /list/public_suffix_list.dat (Caused by NewConnectionError('<urllib3.connection.HTTPSConnection object at 0x7fe3e61f9610>: Failed to establish a new connection: [Errno 101] Network is unreachable'))
2025-02-21 08:13:38 [scrapy.extensions.logstats] INFO: Crawled 17 pages (at 17 pages/min), scraped 0 items (at 0 items/min)
2025-02-21 08:13:38 [simple] WARNING: nodev2ray could not parse https://nodev2ray.com/uploads/20240708/4c3626c88f18b82eab837f8ae11f7819.webp" /, skipping
2025-02-21 08:13:38 [simple] WARNING: nodev2ray could not parse https://nodev2ray.com/uploads/20240708/aadc0cae58714bcb79262d002b422926.webp" /, skipping
2025-02-21 08:13:38 [simple] WARNING: nodev2ray could not parse https://nodev2ray.com/uploads/20240708/4c3626c88f18b82eab837f8ae11f7819.webp" /, skipping
2025-02-21 08:13:38 [simple] INFO: Pipeline processing wenode.txt
2025-02-21 08:13:38 [simple] INFO: Pipeline processed wenode.txt
2025-02-21 08:13:39 [simple] INFO: Pipeline processing wenode.yaml
2025-02-21 08:13:39 [simple] INFO: Pipeline processed wenode.yaml
2025-02-21 08:13:39 [scrapy.core.engine] INFO: Closing spider (finished)
2025-02-21 08:13:39 [scrapy.statscollectors] INFO: Dumping Scrapy stats:
{'downloader/request_bytes': 7187,
 'downloader/request_count': 21,
 'downloader/request_method_count/GET': 21,
 'downloader/response_bytes': 285652,
 'downloader/response_count': 21,
 'downloader/response_status_count/200': 17,
 'downloader/response_status_count/301': 2,
 'downloader/response_status_count/404': 2,
 'elapsed_time_seconds': 141.315661,
 'finish_reason': 'finished',
 'finish_time': datetime.datetime(2025, 2, 21, 8, 13, 39, 835011, tzinfo=datetime.timezone.utc),
 'httpcompression/response_bytes': 405480,
 'httpcompression/response_count': 15,
 'item_scraped_count': 2,
 'items_per_minute': None,
 'log_count/INFO': 102,
 'log_count/WARNING': 4,
 'memusage/max': 487542784,
 'memusage/startup': 481730560,
 'request_depth_max': 2,
 'response_received_count': 19,
 'responses_per_minute': None,
 'robotstxt/request_count': 7,
 'robotstxt/response_count': 7,
 'robotstxt/response_status_count/200': 5,
 'robotstxt/response_status_count/404': 2,
 'scheduler/dequeued': 12,
 'scheduler/dequeued/memory': 12,
 'scheduler/enqueued': 12,
 'scheduler/enqueued/memory': 12,
 'start_time': datetime.datetime(2025, 2, 21, 8, 11, 18, 519350, tzinfo=datetime.timezone.utc)}
2025-02-21 08:13:39 [scrapy.core.engine] INFO: Spider closed (finished)
2025-02-21 08:13:48 [scrapy.addons] INFO: Enabled addons:
[]
2025-02-21 08:13:48 [scrapy.extensions.telnet] INFO: Telnet Password: e37b8545679bdeba
2025-02-21 08:13:48 [scrapy.middleware] INFO: Enabled extensions:
['scrapy.extensions.corestats.CoreStats',
 'scrapy.extensions.telnet.TelnetConsole',
 'scrapy.extensions.memusage.MemoryUsage',
 'scrapy.extensions.logstats.LogStats']
2025-02-21 08:13:48 [scrapy.crawler] INFO: Overridden settings:
{'BOT_NAME': 'NodeScrapy',
 'FEED_EXPORT_ENCODING': 'utf-8',
 'LOG_FILE': 'scrapy.log',
 'LOG_LEVEL': 'INFO',
 'NEWSPIDER_MODULE': 'NodeScrapy.spiders',
 'REQUEST_FINGERPRINTER_IMPLEMENTATION': '2.7',
 'ROBOTSTXT_OBEY': True,
 'SPIDER_MODULES': ['NodeScrapy.spiders'],
 'TWISTED_REACTOR': 'twisted.internet.asyncioreactor.AsyncioSelectorReactor'}
2025-02-21 08:13:48 [scrapy.middleware] INFO: Enabled downloader middlewares:
['scrapy.downloadermiddlewares.offsite.OffsiteMiddleware',
 'scrapy.downloadermiddlewares.robotstxt.RobotsTxtMiddleware',
 'scrapy.downloadermiddlewares.httpauth.HttpAuthMiddleware',
 'scrapy.downloadermiddlewares.downloadtimeout.DownloadTimeoutMiddleware',
 'scrapy.downloadermiddlewares.defaultheaders.DefaultHeadersMiddleware',
 'NodeScrapy.middlewares.RandomUserAgentMiddleware',
 'scrapy.downloadermiddlewares.useragent.UserAgentMiddleware',
 'scrapy.downloadermiddlewares.retry.RetryMiddleware',
 'scrapy.downloadermiddlewares.redirect.MetaRefreshMiddleware',
 'scrapy.downloadermiddlewares.httpcompression.HttpCompressionMiddleware',
 'scrapy.downloadermiddlewares.redirect.RedirectMiddleware',
 'scrapy.downloadermiddlewares.cookies.CookiesMiddleware',
 'scrapy.downloadermiddlewares.httpproxy.HttpProxyMiddleware',
 'scrapy.downloadermiddlewares.stats.DownloaderStats']
2025-02-21 08:13:49 [scrapy.middleware] INFO: Enabled spider middlewares:
['scrapy.spidermiddlewares.httperror.HttpErrorMiddleware',
 'scrapy.spidermiddlewares.referer.RefererMiddleware',
 'scrapy.spidermiddlewares.urllength.UrlLengthMiddleware',
 'scrapy.spidermiddlewares.depth.DepthMiddleware']
2025-02-21 08:13:49 [scrapy.middleware] INFO: Enabled item pipelines:
['NodeScrapy.pipelines.Pipeline']
2025-02-21 08:13:49 [scrapy.core.engine] INFO: Spider opened
2025-02-21 08:13:49 [scrapy.extensions.logstats] INFO: Crawled 0 pages (at 0 pages/min), scraped 0 items (at 0 items/min)
2025-02-21 08:13:49 [scrapy.extensions.telnet] INFO: Telnet console listening on 127.0.0.1:6023
2025-02-21 08:13:49 [decrypt] INFO: yudou66 start
2025-02-21 08:13:49 [decrypt] INFO: blues start
2025-02-21 08:13:49 [decrypt] INFO: blues found https://blues2022.blogspot.com/2025/02/20252214kchatgpt4k8kclashv2ray.html on 2025-02-21
2025-02-21 08:13:49 [decrypt] INFO: blues found https://blues2022.blogspot.com/2025/02/20252204kchatgpt4k8kclashv2ray.html on 2025-02-20
2025-02-21 08:13:49 [decrypt] INFO: blues found https://blues2022.blogspot.com/2025/02/20252194kchatgpt4k8kclashv2ray.html on 2025-02-19
2025-02-21 08:13:49 [decrypt] INFO: blues found https://blues2022.blogspot.com/2025/02/20252184kchatgpt4k8kclashv2ray.html on 2025-02-18
2025-02-21 08:13:49 [decrypt] INFO: blues found https://blues2022.blogspot.com/2025/02/20252174kchatgpt4k8kclashv2ray.html on 2025-02-17
2025-02-21 08:13:49 [decrypt] INFO: blues found https://blues2022.blogspot.com/2025/02/20252164kchatgpt4k8kclashv2ray.html on 2025-02-16
2025-02-21 08:13:49 [decrypt] INFO: blues found https://blues2022.blogspot.com/2025/02/20252154kchatgpt4k8kclashv2ray.html on 2025-02-15
2025-02-21 08:13:49 [decrypt] INFO: blues found https://blues2022.blogspot.com/2025/02/20252144kchatgpt4k8kclashv2ray.html on 2025-02-14
2025-02-21 08:13:49 [decrypt] INFO: blues found https://blues2022.blogspot.com/2025/02/20252134kchatgpt4k8kclashv2ray.html on 2025-02-13
2025-02-21 08:13:49 [decrypt] INFO: blues found https://blues2022.blogspot.com/2025/02/20252124kchatgpt4k8kclashv2ray.html on 2025-02-12
2025-02-21 08:13:49 [decrypt] INFO: blues found https://blues2022.blogspot.com/2025/02/20252174kchatgpt4k8kclashv2ray.html on 2025-02-17
2025-02-21 08:13:49 [decrypt] INFO: blues found https://blues2022.blogspot.com/2025/02/20252184kchatgpt4k8kclashv2ray.html on 2025-02-18
2025-02-21 08:13:49 [decrypt] INFO: blues found https://blues2022.blogspot.com/2025/02/20252164kchatgpt4k8kclashv2ray.html on 2025-02-16
2025-02-21 08:13:49 [decrypt] INFO: blues found https://blues2022.blogspot.com/2025/02/20252154kchatgpt4k8kclashv2ray.html on 2025-02-15
2025-02-21 08:13:49 [decrypt] INFO: blues found https://blues2022.blogspot.com/2025/02/20252194kchatgpt4k8kclashv2ray.html on 2025-02-19
2025-02-21 08:13:49 [decrypt] INFO: blues needs update, accessing https://blues2022.blogspot.com/2025/02/20252214kchatgpt4k8kclashv2ray.html
2025-02-21 08:13:49 [decrypt] INFO: blues needs update, accessing https://blues2022.blogspot.com/2025/02/20252204kchatgpt4k8kclashv2ray.html
2025-02-21 08:13:49 [decrypt] INFO: blues needs update, accessing https://blues2022.blogspot.com/2025/02/20252194kchatgpt4k8kclashv2ray.html
2025-02-21 08:13:49 [decrypt] INFO: blues found yt_url: https://youtu.be/RFVtLkS9X0o
2025-02-21 08:15:00 [scrapy.core.scraper] ERROR: Spider error processing <GET https://blues2022.blogspot.com/2025/02/20252194kchatgpt4k8kclashv2ray.html?m=1> (referer: https://blues2022.blogspot.com/?m=1)
Traceback (most recent call last):
  File "/opt/hostedtoolcache/Python/3.11.11/x64/lib/python3.11/site-packages/scrapy/utils/defer.py", line 327, in iter_errback
    yield next(it)
          ^^^^^^^^
  File "/opt/hostedtoolcache/Python/3.11.11/x64/lib/python3.11/site-packages/scrapy/utils/python.py", line 368, in __next__
    return next(self.data)
           ^^^^^^^^^^^^^^^
  File "/opt/hostedtoolcache/Python/3.11.11/x64/lib/python3.11/site-packages/scrapy/utils/python.py", line 368, in __next__
    return next(self.data)
           ^^^^^^^^^^^^^^^
  File "/opt/hostedtoolcache/Python/3.11.11/x64/lib/python3.11/site-packages/scrapy/core/spidermw.py", line 106, in process_sync
    yield from iterable
  File "/opt/hostedtoolcache/Python/3.11.11/x64/lib/python3.11/site-packages/scrapy/spidermiddlewares/referer.py", line 379, in <genexpr>
    return (self._set_referer(r, response) for r in result)
           ^^^^^^^^^^^^^^^^^^^^^^^^^^^^^^^^^^^^^^^^^^^^^^^^
  File "/opt/hostedtoolcache/Python/3.11.11/x64/lib/python3.11/site-packages/scrapy/core/spidermw.py", line 106, in process_sync
    yield from iterable
  File "/opt/hostedtoolcache/Python/3.11.11/x64/lib/python3.11/site-packages/scrapy/spidermiddlewares/urllength.py", line 57, in <genexpr>
    return (r for r in result if self._filter(r, spider))
           ^^^^^^^^^^^^^^^^^^^^^^^^^^^^^^^^^^^^^^^^^^^^^^
  File "/opt/hostedtoolcache/Python/3.11.11/x64/lib/python3.11/site-packages/scrapy/core/spidermw.py", line 106, in process_sync
    yield from iterable
  File "/opt/hostedtoolcache/Python/3.11.11/x64/lib/python3.11/site-packages/scrapy/spidermiddlewares/depth.py", line 54, in <genexpr>
    return (r for r in result if self._filter(r, response, spider))
           ^^^^^^^^^^^^^^^^^^^^^^^^^^^^^^^^^^^^^^^^^^^^^^^^^^^^^^^^
  File "/opt/hostedtoolcache/Python/3.11.11/x64/lib/python3.11/site-packages/scrapy/core/spidermw.py", line 106, in process_sync
    yield from iterable
  File "/home/runner/work/FreeNodes/FreeNodes/NodeScrapy/spiders/DecryptSpider.py", line 76, in parse_blog
    pwdfinder = PwdFinder(name, self.logger, yt_url)
                ^^^^^^^^^^^^^^^^^^^^^^^^^^^^^^^^^^^^
  File "/home/runner/work/FreeNodes/FreeNodes/utils/PwdFinder.py", line 65, in __init__
    match = re.search(r"(?:\d{4}[-年])?(\d{1,2})[-月](\d{1,2})", yt.title)
                                                                 ^^^^^^^^
  File "/opt/hostedtoolcache/Python/3.11.11/x64/lib/python3.11/site-packages/pytubefix/__main__.py", line 756, in title
    self._author = self.vid_info.get("videoDetails", {}).get(
                   ^^^^^^^^^^^^^
  File "/opt/hostedtoolcache/Python/3.11.11/x64/lib/python3.11/site-packages/pytubefix/__main__.py", line 490, in vid_info
    innertube_response = call_innertube()
                         ^^^^^^^^^^^^^^^^
  File "/opt/hostedtoolcache/Python/3.11.11/x64/lib/python3.11/site-packages/pytubefix/__main__.py", line 483, in call_innertube
    response = innertube.player(self.video_id)
               ^^^^^^^^^^^^^^^^^^^^^^^^^^^^^^^
  File "/opt/hostedtoolcache/Python/3.11.11/x64/lib/python3.11/site-packages/pytubefix/innertube.py", line 877, in player
    return self._call_api(endpoint, query, self.base_data)
           ^^^^^^^^^^^^^^^^^^^^^^^^^^^^^^^^^^^^^^^^^^^^^^^
  File "/opt/hostedtoolcache/Python/3.11.11/x64/lib/python3.11/site-packages/pytubefix/innertube.py", line 771, in _call_api
    self.fetch_bearer_token()
  File "/opt/hostedtoolcache/Python/3.11.11/x64/lib/python3.11/site-packages/pytubefix/innertube.py", line 687, in fetch_bearer_token
    self.oauth_verifier(verification_url, user_code)
  File "/opt/hostedtoolcache/Python/3.11.11/x64/lib/python3.11/site-packages/pytubefix/innertube.py", line 521, in _default_oauth_verifier
    input('Press enter when you have completed this step.')
EOFError: EOF when reading a line
2025-02-21 08:15:00 [scrapy.extensions.logstats] INFO: Crawled 3 pages (at 3 pages/min), scraped 0 items (at 0 items/min)
2025-02-21 08:15:00 [decrypt] INFO: blues found yt_url: https://youtu.be/_VRsK9H87NM
2025-02-21 08:15:01 [scrapy.core.scraper] ERROR: Spider error processing <GET https://blues2022.blogspot.com/2025/02/20252214kchatgpt4k8kclashv2ray.html?m=1> (referer: https://blues2022.blogspot.com/?m=1)
Traceback (most recent call last):
  File "/opt/hostedtoolcache/Python/3.11.11/x64/lib/python3.11/site-packages/scrapy/utils/defer.py", line 327, in iter_errback
    yield next(it)
          ^^^^^^^^
  File "/opt/hostedtoolcache/Python/3.11.11/x64/lib/python3.11/site-packages/scrapy/utils/python.py", line 368, in __next__
    return next(self.data)
           ^^^^^^^^^^^^^^^
  File "/opt/hostedtoolcache/Python/3.11.11/x64/lib/python3.11/site-packages/scrapy/utils/python.py", line 368, in __next__
    return next(self.data)
           ^^^^^^^^^^^^^^^
  File "/opt/hostedtoolcache/Python/3.11.11/x64/lib/python3.11/site-packages/scrapy/core/spidermw.py", line 106, in process_sync
    yield from iterable
  File "/opt/hostedtoolcache/Python/3.11.11/x64/lib/python3.11/site-packages/scrapy/spidermiddlewares/referer.py", line 379, in <genexpr>
    return (self._set_referer(r, response) for r in result)
           ^^^^^^^^^^^^^^^^^^^^^^^^^^^^^^^^^^^^^^^^^^^^^^^^
  File "/opt/hostedtoolcache/Python/3.11.11/x64/lib/python3.11/site-packages/scrapy/core/spidermw.py", line 106, in process_sync
    yield from iterable
  File "/opt/hostedtoolcache/Python/3.11.11/x64/lib/python3.11/site-packages/scrapy/spidermiddlewares/urllength.py", line 57, in <genexpr>
    return (r for r in result if self._filter(r, spider))
           ^^^^^^^^^^^^^^^^^^^^^^^^^^^^^^^^^^^^^^^^^^^^^^
  File "/opt/hostedtoolcache/Python/3.11.11/x64/lib/python3.11/site-packages/scrapy/core/spidermw.py", line 106, in process_sync
    yield from iterable
  File "/opt/hostedtoolcache/Python/3.11.11/x64/lib/python3.11/site-packages/scrapy/spidermiddlewares/depth.py", line 54, in <genexpr>
    return (r for r in result if self._filter(r, response, spider))
           ^^^^^^^^^^^^^^^^^^^^^^^^^^^^^^^^^^^^^^^^^^^^^^^^^^^^^^^^
  File "/opt/hostedtoolcache/Python/3.11.11/x64/lib/python3.11/site-packages/scrapy/core/spidermw.py", line 106, in process_sync
    yield from iterable
  File "/home/runner/work/FreeNodes/FreeNodes/NodeScrapy/spiders/DecryptSpider.py", line 76, in parse_blog
    pwdfinder = PwdFinder(name, self.logger, yt_url)
                ^^^^^^^^^^^^^^^^^^^^^^^^^^^^^^^^^^^^
  File "/home/runner/work/FreeNodes/FreeNodes/utils/PwdFinder.py", line 65, in __init__
    match = re.search(r"(?:\d{4}[-年])?(\d{1,2})[-月](\d{1,2})", yt.title)
                                                                 ^^^^^^^^
  File "/opt/hostedtoolcache/Python/3.11.11/x64/lib/python3.11/site-packages/pytubefix/__main__.py", line 756, in title
    self._author = self.vid_info.get("videoDetails", {}).get(
                   ^^^^^^^^^^^^^
  File "/opt/hostedtoolcache/Python/3.11.11/x64/lib/python3.11/site-packages/pytubefix/__main__.py", line 490, in vid_info
    innertube_response = call_innertube()
                         ^^^^^^^^^^^^^^^^
  File "/opt/hostedtoolcache/Python/3.11.11/x64/lib/python3.11/site-packages/pytubefix/__main__.py", line 483, in call_innertube
    response = innertube.player(self.video_id)
               ^^^^^^^^^^^^^^^^^^^^^^^^^^^^^^^
  File "/opt/hostedtoolcache/Python/3.11.11/x64/lib/python3.11/site-packages/pytubefix/innertube.py", line 877, in player
    return self._call_api(endpoint, query, self.base_data)
           ^^^^^^^^^^^^^^^^^^^^^^^^^^^^^^^^^^^^^^^^^^^^^^^
  File "/opt/hostedtoolcache/Python/3.11.11/x64/lib/python3.11/site-packages/pytubefix/innertube.py", line 771, in _call_api
    self.fetch_bearer_token()
  File "/opt/hostedtoolcache/Python/3.11.11/x64/lib/python3.11/site-packages/pytubefix/innertube.py", line 687, in fetch_bearer_token
    self.oauth_verifier(verification_url, user_code)
  File "/opt/hostedtoolcache/Python/3.11.11/x64/lib/python3.11/site-packages/pytubefix/innertube.py", line 521, in _default_oauth_verifier
    input('Press enter when you have completed this step.')
EOFError: EOF when reading a line
2025-02-21 08:15:01 [decrypt] INFO: yudou66 found https://www.yudou66.com/2025/02/202502212921080p4kv2rayclashsing.html on 2025-02-21
2025-02-21 08:15:01 [decrypt] INFO: yudou66 found https://www.yudou66.com/2025/02/202502202951080p4kv2rayclashsing.html on 2025-02-20
2025-02-21 08:15:01 [decrypt] INFO: yudou66 found https://www.yudou66.com/2025/02/202502192901080p4kv2rayclashsing.html on 2025-02-19
2025-02-21 08:15:01 [decrypt] INFO: yudou66 found https://www.yudou66.com/2025/02/202502182931080p4kv2rayclashsing.html on 2025-02-18
2025-02-21 08:15:01 [decrypt] INFO: yudou66 found https://www.yudou66.com/2025/02/202502172741080p4kv2rayclashsing.html on 2025-02-17
2025-02-21 08:15:01 [decrypt] INFO: yudou66 found https://www.yudou66.com/2025/02/202502162881080p4kv2rayclashsing.html on 2025-02-16
2025-02-21 08:15:01 [decrypt] INFO: yudou66 found https://www.yudou66.com/2025/02/202502152851080p4kv2rayclashsing.html on 2025-02-15
2025-02-21 08:15:01 [decrypt] INFO: yudou66 found https://www.yudou66.com/2025/02/202502142951080p4kv2rayclashsing.html on 2025-02-14
2025-02-21 08:15:01 [decrypt] INFO: yudou66 found https://www.yudou66.com/2025/02/202502132661080p4kv2rayclashsing.html on 2025-02-13
2025-02-21 08:15:01 [decrypt] INFO: yudou66 found https://www.yudou66.com/2025/02/202502122551080p4kv2rayclashsing.html on 2025-02-12
2025-02-21 08:15:01 [decrypt] INFO: yudou66 found https://www.yudou66.com/2025/02/202502152851080p4kv2rayclashsing.html on 2025-02-15
2025-02-21 08:15:01 [decrypt] INFO: yudou66 found https://www.yudou66.com/2025/02/202502172741080p4kv2rayclashsing.html on 2025-02-17
2025-02-21 08:15:01 [decrypt] INFO: yudou66 found https://www.yudou66.com/2025/02/202502162881080p4kv2rayclashsing.html on 2025-02-16
2025-02-21 08:15:01 [decrypt] INFO: yudou66 found https://www.yudou66.com/2025/02/202502212921080p4kv2rayclashsing.html on 2025-02-21
2025-02-21 08:15:01 [decrypt] INFO: yudou66 needs update, accessing https://www.yudou66.com/2025/02/202502212921080p4kv2rayclashsing.html
2025-02-21 08:15:01 [decrypt] INFO: yudou66 needs update, accessing https://www.yudou66.com/2025/02/202502202951080p4kv2rayclashsing.html
2025-02-21 08:15:01 [decrypt] INFO: yudou66 is up to date, exiting
2025-02-21 08:15:01 [decrypt] INFO: blues found yt_url: https://youtu.be/v5WT0FXDnEs
2025-02-21 08:15:02 [scrapy.core.scraper] ERROR: Spider error processing <GET https://blues2022.blogspot.com/2025/02/20252204kchatgpt4k8kclashv2ray.html> (referer: https://blues2022.blogspot.com/?m=1)
Traceback (most recent call last):
  File "/opt/hostedtoolcache/Python/3.11.11/x64/lib/python3.11/site-packages/scrapy/utils/defer.py", line 327, in iter_errback
    yield next(it)
          ^^^^^^^^
  File "/opt/hostedtoolcache/Python/3.11.11/x64/lib/python3.11/site-packages/scrapy/utils/python.py", line 368, in __next__
    return next(self.data)
           ^^^^^^^^^^^^^^^
  File "/opt/hostedtoolcache/Python/3.11.11/x64/lib/python3.11/site-packages/scrapy/utils/python.py", line 368, in __next__
    return next(self.data)
           ^^^^^^^^^^^^^^^
  File "/opt/hostedtoolcache/Python/3.11.11/x64/lib/python3.11/site-packages/scrapy/core/spidermw.py", line 106, in process_sync
    yield from iterable
  File "/opt/hostedtoolcache/Python/3.11.11/x64/lib/python3.11/site-packages/scrapy/spidermiddlewares/referer.py", line 379, in <genexpr>
    return (self._set_referer(r, response) for r in result)
           ^^^^^^^^^^^^^^^^^^^^^^^^^^^^^^^^^^^^^^^^^^^^^^^^
  File "/opt/hostedtoolcache/Python/3.11.11/x64/lib/python3.11/site-packages/scrapy/core/spidermw.py", line 106, in process_sync
    yield from iterable
  File "/opt/hostedtoolcache/Python/3.11.11/x64/lib/python3.11/site-packages/scrapy/spidermiddlewares/urllength.py", line 57, in <genexpr>
    return (r for r in result if self._filter(r, spider))
           ^^^^^^^^^^^^^^^^^^^^^^^^^^^^^^^^^^^^^^^^^^^^^^
  File "/opt/hostedtoolcache/Python/3.11.11/x64/lib/python3.11/site-packages/scrapy/core/spidermw.py", line 106, in process_sync
    yield from iterable
  File "/opt/hostedtoolcache/Python/3.11.11/x64/lib/python3.11/site-packages/scrapy/spidermiddlewares/depth.py", line 54, in <genexpr>
    return (r for r in result if self._filter(r, response, spider))
           ^^^^^^^^^^^^^^^^^^^^^^^^^^^^^^^^^^^^^^^^^^^^^^^^^^^^^^^^
  File "/opt/hostedtoolcache/Python/3.11.11/x64/lib/python3.11/site-packages/scrapy/core/spidermw.py", line 106, in process_sync
    yield from iterable
  File "/home/runner/work/FreeNodes/FreeNodes/NodeScrapy/spiders/DecryptSpider.py", line 76, in parse_blog
    pwdfinder = PwdFinder(name, self.logger, yt_url)
                ^^^^^^^^^^^^^^^^^^^^^^^^^^^^^^^^^^^^
  File "/home/runner/work/FreeNodes/FreeNodes/utils/PwdFinder.py", line 65, in __init__
    match = re.search(r"(?:\d{4}[-年])?(\d{1,2})[-月](\d{1,2})", yt.title)
                                                                 ^^^^^^^^
  File "/opt/hostedtoolcache/Python/3.11.11/x64/lib/python3.11/site-packages/pytubefix/__main__.py", line 756, in title
    self._author = self.vid_info.get("videoDetails", {}).get(
                   ^^^^^^^^^^^^^
  File "/opt/hostedtoolcache/Python/3.11.11/x64/lib/python3.11/site-packages/pytubefix/__main__.py", line 490, in vid_info
    innertube_response = call_innertube()
                         ^^^^^^^^^^^^^^^^
  File "/opt/hostedtoolcache/Python/3.11.11/x64/lib/python3.11/site-packages/pytubefix/__main__.py", line 483, in call_innertube
    response = innertube.player(self.video_id)
               ^^^^^^^^^^^^^^^^^^^^^^^^^^^^^^^
  File "/opt/hostedtoolcache/Python/3.11.11/x64/lib/python3.11/site-packages/pytubefix/innertube.py", line 877, in player
    return self._call_api(endpoint, query, self.base_data)
           ^^^^^^^^^^^^^^^^^^^^^^^^^^^^^^^^^^^^^^^^^^^^^^^
  File "/opt/hostedtoolcache/Python/3.11.11/x64/lib/python3.11/site-packages/pytubefix/innertube.py", line 771, in _call_api
    self.fetch_bearer_token()
  File "/opt/hostedtoolcache/Python/3.11.11/x64/lib/python3.11/site-packages/pytubefix/innertube.py", line 687, in fetch_bearer_token
    self.oauth_verifier(verification_url, user_code)
  File "/opt/hostedtoolcache/Python/3.11.11/x64/lib/python3.11/site-packages/pytubefix/innertube.py", line 521, in _default_oauth_verifier
    input('Press enter when you have completed this step.')
EOFError: EOF when reading a line
2025-02-21 08:15:02 [decrypt] INFO: yudou66 found yt_url: https://youtu.be/oWyDz8hyj1Y
2025-02-21 08:15:03 [scrapy.core.scraper] ERROR: Spider error processing <GET https://www.yudou66.com/2025/02/202502212921080p4kv2rayclashsing.html> (referer: https://www.yudou66.com)
Traceback (most recent call last):
  File "/opt/hostedtoolcache/Python/3.11.11/x64/lib/python3.11/site-packages/scrapy/utils/defer.py", line 327, in iter_errback
    yield next(it)
          ^^^^^^^^
  File "/opt/hostedtoolcache/Python/3.11.11/x64/lib/python3.11/site-packages/scrapy/utils/python.py", line 368, in __next__
    return next(self.data)
           ^^^^^^^^^^^^^^^
  File "/opt/hostedtoolcache/Python/3.11.11/x64/lib/python3.11/site-packages/scrapy/utils/python.py", line 368, in __next__
    return next(self.data)
           ^^^^^^^^^^^^^^^
  File "/opt/hostedtoolcache/Python/3.11.11/x64/lib/python3.11/site-packages/scrapy/core/spidermw.py", line 106, in process_sync
    yield from iterable
  File "/opt/hostedtoolcache/Python/3.11.11/x64/lib/python3.11/site-packages/scrapy/spidermiddlewares/referer.py", line 379, in <genexpr>
    return (self._set_referer(r, response) for r in result)
           ^^^^^^^^^^^^^^^^^^^^^^^^^^^^^^^^^^^^^^^^^^^^^^^^
  File "/opt/hostedtoolcache/Python/3.11.11/x64/lib/python3.11/site-packages/scrapy/core/spidermw.py", line 106, in process_sync
    yield from iterable
  File "/opt/hostedtoolcache/Python/3.11.11/x64/lib/python3.11/site-packages/scrapy/spidermiddlewares/urllength.py", line 57, in <genexpr>
    return (r for r in result if self._filter(r, spider))
           ^^^^^^^^^^^^^^^^^^^^^^^^^^^^^^^^^^^^^^^^^^^^^^
  File "/opt/hostedtoolcache/Python/3.11.11/x64/lib/python3.11/site-packages/scrapy/core/spidermw.py", line 106, in process_sync
    yield from iterable
  File "/opt/hostedtoolcache/Python/3.11.11/x64/lib/python3.11/site-packages/scrapy/spidermiddlewares/depth.py", line 54, in <genexpr>
    return (r for r in result if self._filter(r, response, spider))
           ^^^^^^^^^^^^^^^^^^^^^^^^^^^^^^^^^^^^^^^^^^^^^^^^^^^^^^^^
  File "/opt/hostedtoolcache/Python/3.11.11/x64/lib/python3.11/site-packages/scrapy/core/spidermw.py", line 106, in process_sync
    yield from iterable
  File "/home/runner/work/FreeNodes/FreeNodes/NodeScrapy/spiders/DecryptSpider.py", line 76, in parse_blog
    pwdfinder = PwdFinder(name, self.logger, yt_url)
                ^^^^^^^^^^^^^^^^^^^^^^^^^^^^^^^^^^^^
  File "/home/runner/work/FreeNodes/FreeNodes/utils/PwdFinder.py", line 65, in __init__
    match = re.search(r"(?:\d{4}[-年])?(\d{1,2})[-月](\d{1,2})", yt.title)
                                                                 ^^^^^^^^
  File "/opt/hostedtoolcache/Python/3.11.11/x64/lib/python3.11/site-packages/pytubefix/__main__.py", line 756, in title
    self._author = self.vid_info.get("videoDetails", {}).get(
                   ^^^^^^^^^^^^^
  File "/opt/hostedtoolcache/Python/3.11.11/x64/lib/python3.11/site-packages/pytubefix/__main__.py", line 490, in vid_info
    innertube_response = call_innertube()
                         ^^^^^^^^^^^^^^^^
  File "/opt/hostedtoolcache/Python/3.11.11/x64/lib/python3.11/site-packages/pytubefix/__main__.py", line 483, in call_innertube
    response = innertube.player(self.video_id)
               ^^^^^^^^^^^^^^^^^^^^^^^^^^^^^^^
  File "/opt/hostedtoolcache/Python/3.11.11/x64/lib/python3.11/site-packages/pytubefix/innertube.py", line 877, in player
    return self._call_api(endpoint, query, self.base_data)
           ^^^^^^^^^^^^^^^^^^^^^^^^^^^^^^^^^^^^^^^^^^^^^^^
  File "/opt/hostedtoolcache/Python/3.11.11/x64/lib/python3.11/site-packages/pytubefix/innertube.py", line 771, in _call_api
    self.fetch_bearer_token()
  File "/opt/hostedtoolcache/Python/3.11.11/x64/lib/python3.11/site-packages/pytubefix/innertube.py", line 687, in fetch_bearer_token
    self.oauth_verifier(verification_url, user_code)
  File "/opt/hostedtoolcache/Python/3.11.11/x64/lib/python3.11/site-packages/pytubefix/innertube.py", line 521, in _default_oauth_verifier
    input('Press enter when you have completed this step.')
EOFError: EOF when reading a line
2025-02-21 08:15:03 [decrypt] INFO: yudou66 found yt_url: https://youtu.be/Fc9KQn_eTv8
2025-02-21 08:15:04 [scrapy.core.scraper] ERROR: Spider error processing <GET https://www.yudou66.com/2025/02/202502202951080p4kv2rayclashsing.html?m=1> (referer: https://www.yudou66.com)
Traceback (most recent call last):
  File "/opt/hostedtoolcache/Python/3.11.11/x64/lib/python3.11/site-packages/scrapy/utils/defer.py", line 327, in iter_errback
    yield next(it)
          ^^^^^^^^
  File "/opt/hostedtoolcache/Python/3.11.11/x64/lib/python3.11/site-packages/scrapy/utils/python.py", line 368, in __next__
    return next(self.data)
           ^^^^^^^^^^^^^^^
  File "/opt/hostedtoolcache/Python/3.11.11/x64/lib/python3.11/site-packages/scrapy/utils/python.py", line 368, in __next__
    return next(self.data)
           ^^^^^^^^^^^^^^^
  File "/opt/hostedtoolcache/Python/3.11.11/x64/lib/python3.11/site-packages/scrapy/core/spidermw.py", line 106, in process_sync
    yield from iterable
  File "/opt/hostedtoolcache/Python/3.11.11/x64/lib/python3.11/site-packages/scrapy/spidermiddlewares/referer.py", line 379, in <genexpr>
    return (self._set_referer(r, response) for r in result)
           ^^^^^^^^^^^^^^^^^^^^^^^^^^^^^^^^^^^^^^^^^^^^^^^^
  File "/opt/hostedtoolcache/Python/3.11.11/x64/lib/python3.11/site-packages/scrapy/core/spidermw.py", line 106, in process_sync
    yield from iterable
  File "/opt/hostedtoolcache/Python/3.11.11/x64/lib/python3.11/site-packages/scrapy/spidermiddlewares/urllength.py", line 57, in <genexpr>
    return (r for r in result if self._filter(r, spider))
           ^^^^^^^^^^^^^^^^^^^^^^^^^^^^^^^^^^^^^^^^^^^^^^
  File "/opt/hostedtoolcache/Python/3.11.11/x64/lib/python3.11/site-packages/scrapy/core/spidermw.py", line 106, in process_sync
    yield from iterable
  File "/opt/hostedtoolcache/Python/3.11.11/x64/lib/python3.11/site-packages/scrapy/spidermiddlewares/depth.py", line 54, in <genexpr>
    return (r for r in result if self._filter(r, response, spider))
           ^^^^^^^^^^^^^^^^^^^^^^^^^^^^^^^^^^^^^^^^^^^^^^^^^^^^^^^^
  File "/opt/hostedtoolcache/Python/3.11.11/x64/lib/python3.11/site-packages/scrapy/core/spidermw.py", line 106, in process_sync
    yield from iterable
  File "/home/runner/work/FreeNodes/FreeNodes/NodeScrapy/spiders/DecryptSpider.py", line 76, in parse_blog
    pwdfinder = PwdFinder(name, self.logger, yt_url)
                ^^^^^^^^^^^^^^^^^^^^^^^^^^^^^^^^^^^^
  File "/home/runner/work/FreeNodes/FreeNodes/utils/PwdFinder.py", line 65, in __init__
    match = re.search(r"(?:\d{4}[-年])?(\d{1,2})[-月](\d{1,2})", yt.title)
                                                                 ^^^^^^^^
  File "/opt/hostedtoolcache/Python/3.11.11/x64/lib/python3.11/site-packages/pytubefix/__main__.py", line 756, in title
    self._author = self.vid_info.get("videoDetails", {}).get(
                   ^^^^^^^^^^^^^
  File "/opt/hostedtoolcache/Python/3.11.11/x64/lib/python3.11/site-packages/pytubefix/__main__.py", line 490, in vid_info
    innertube_response = call_innertube()
                         ^^^^^^^^^^^^^^^^
  File "/opt/hostedtoolcache/Python/3.11.11/x64/lib/python3.11/site-packages/pytubefix/__main__.py", line 483, in call_innertube
    response = innertube.player(self.video_id)
               ^^^^^^^^^^^^^^^^^^^^^^^^^^^^^^^
  File "/opt/hostedtoolcache/Python/3.11.11/x64/lib/python3.11/site-packages/pytubefix/innertube.py", line 877, in player
    return self._call_api(endpoint, query, self.base_data)
           ^^^^^^^^^^^^^^^^^^^^^^^^^^^^^^^^^^^^^^^^^^^^^^^
  File "/opt/hostedtoolcache/Python/3.11.11/x64/lib/python3.11/site-packages/pytubefix/innertube.py", line 771, in _call_api
    self.fetch_bearer_token()
  File "/opt/hostedtoolcache/Python/3.11.11/x64/lib/python3.11/site-packages/pytubefix/innertube.py", line 687, in fetch_bearer_token
    self.oauth_verifier(verification_url, user_code)
  File "/opt/hostedtoolcache/Python/3.11.11/x64/lib/python3.11/site-packages/pytubefix/innertube.py", line 521, in _default_oauth_verifier
    input('Press enter when you have completed this step.')
EOFError: EOF when reading a line
2025-02-21 08:15:04 [scrapy.core.engine] INFO: Closing spider (finished)
2025-02-21 08:15:04 [scrapy.statscollectors] INFO: Dumping Scrapy stats:
{'downloader/request_bytes': 5425,
 'downloader/request_count': 15,
 'downloader/request_method_count/GET': 15,
 'downloader/response_bytes': 286893,
 'downloader/response_count': 15,
 'downloader/response_status_count/200': 9,
 'downloader/response_status_count/302': 6,
 'elapsed_time_seconds': 75.234241,
 'finish_reason': 'finished',
 'finish_time': datetime.datetime(2025, 2, 21, 8, 15, 4, 236947, tzinfo=datetime.timezone.utc),
 'httpcompression/response_bytes': 1477714,
 'httpcompression/response_count': 9,
 'items_per_minute': None,
 'log_count/ERROR': 5,
 'log_count/INFO': 53,
 'memusage/max': 490790912,
 'memusage/startup': 480993280,
 'request_depth_max': 1,
 'response_received_count': 9,
 'responses_per_minute': None,
 'robotstxt/request_count': 2,
 'robotstxt/response_count': 2,
 'robotstxt/response_status_count/200': 2,
 'scheduler/dequeued': 11,
 'scheduler/dequeued/memory': 11,
 'scheduler/enqueued': 11,
 'scheduler/enqueued/memory': 11,
 'spider_exceptions/EOFError': 5,
 'start_time': datetime.datetime(2025, 2, 21, 8, 13, 49, 2706, tzinfo=datetime.timezone.utc)}
2025-02-21 08:15:04 [scrapy.core.engine] INFO: Spider closed (finished)
