2025-12-03 04:34:47 [scrapy.middleware] INFO: Enabled downloader middlewares:
['scrapy.downloadermiddlewares.offsite.OffsiteMiddleware',
 'scrapy.downloadermiddlewares.httpauth.HttpAuthMiddleware',
 'scrapy.downloadermiddlewares.downloadtimeout.DownloadTimeoutMiddleware',
 'scrapy.downloadermiddlewares.defaultheaders.DefaultHeadersMiddleware',
 'NodeScrapy.middlewares.RandomUserAgentMiddleware',
 'scrapy.downloadermiddlewares.useragent.UserAgentMiddleware',
 'scrapy.downloadermiddlewares.retry.RetryMiddleware',
 'scrapy.downloadermiddlewares.redirect.MetaRefreshMiddleware',
 'scrapy.downloadermiddlewares.httpcompression.HttpCompressionMiddleware',
 'scrapy.downloadermiddlewares.redirect.RedirectMiddleware',
 'scrapy.downloadermiddlewares.cookies.CookiesMiddleware',
 'scrapy.downloadermiddlewares.httpproxy.HttpProxyMiddleware',
 'scrapy.downloadermiddlewares.stats.DownloaderStats']
2025-12-03 04:34:47 [scrapy.middleware] INFO: Enabled spider middlewares:
['scrapy.spidermiddlewares.start.StartSpiderMiddleware',
 'scrapy.spidermiddlewares.httperror.HttpErrorMiddleware',
 'scrapy.spidermiddlewares.referer.RefererMiddleware',
 'scrapy.spidermiddlewares.urllength.UrlLengthMiddleware',
 'scrapy.spidermiddlewares.depth.DepthMiddleware']
2025-12-03 04:34:47 [scrapy.middleware] INFO: Enabled item pipelines:
['NodeScrapy.pipelines.Pipeline']
2025-12-03 04:34:47 [scrapy.core.engine] INFO: Spider opened
2025-12-03 04:34:47 [py.warnings] WARNING: /opt/hostedtoolcache/Python/3.12.12/x64/lib/python3.12/site-packages/scrapy/core/spidermw.py:433: ScrapyDeprecationWarning: NodeScrapy.spiders.SimpleSpider.SimpleSpider defines the deprecated start_requests() method. start_requests() has been deprecated in favor of a new method, start(), to support asynchronous code execution. start_requests() will stop being called in a future version of Scrapy. If you use Scrapy 2.13 or higher only, replace start_requests() with start(); note that start() is a coroutine (async def). If you need to maintain compatibility with lower Scrapy versions, when overriding start_requests() in a spider class, override start() as well; you can use super() to reuse the inherited start() implementation without copy-pasting. See the release notes of Scrapy 2.13 for details: https://docs.scrapy.org/en/2.13/news.html
  warn(

2025-12-03 04:34:47 [scrapy.extensions.logstats] INFO: Crawled 0 pages (at 0 pages/min), scraped 0 items (at 0 items/min)
2025-12-03 04:34:47 [scrapy.extensions.telnet] INFO: Telnet console listening on 127.0.0.1:6023
2025-12-03 04:34:47 [simple] INFO: clashmeta start
2025-12-03 04:34:47 [simple] INFO: ndnode start
2025-12-03 04:34:47 [simple] INFO: nodev2ray start
2025-12-03 04:34:47 [simple] INFO: nodefree start
2025-12-03 04:34:47 [simple] INFO: v2rayshare start
2025-12-03 04:34:47 [simple] INFO: wenode start
2025-12-03 04:34:47 [simple] INFO: clashmeta found /free-nodes/2025-11-26-free-node-subscribe-links.htm on 2025-11-26
2025-12-03 04:34:47 [simple] INFO: clashmeta found /free-nodes/2025-11-26-free-node-subscribe-links.htm on 2025-11-26
2025-12-03 04:34:47 [simple] INFO: clashmeta found /free-nodes/2025-11-23-latest-clash-meta-node.htm on 2025-11-23
2025-12-03 04:34:47 [simple] INFO: clashmeta found /free-nodes/2025-11-23-latest-clash-meta-node.htm on 2025-11-23
2025-12-03 04:34:47 [simple] INFO: clashmeta found /free-nodes/2025-11-22-free-node-subscribe.htm on 2025-11-22
2025-12-03 04:34:47 [simple] INFO: clashmeta found /free-nodes/2025-11-22-free-node-subscribe.htm on 2025-11-22
2025-12-03 04:34:47 [simple] INFO: clashmeta found /free-nodes/2025-11-21-free-high-speed-nodes.htm on 2025-11-21
2025-12-03 04:34:47 [simple] INFO: clashmeta found /free-nodes/2025-11-21-free-high-speed-nodes.htm on 2025-11-21
2025-12-03 04:34:47 [simple] INFO: clashmeta found /free-nodes/2025-11-20-today-clash-meta-node.htm on 2025-11-20
2025-12-03 04:34:47 [simple] INFO: clashmeta found /free-nodes/2025-11-20-today-clash-meta-node.htm on 2025-11-20
2025-12-03 04:34:47 [simple] INFO: clashmeta found /free-nodes/2025-11-19-latest-clash-meta-node.htm on 2025-11-19
2025-12-03 04:34:47 [simple] INFO: clashmeta found /free-nodes/2025-11-19-latest-clash-meta-node.htm on 2025-11-19
2025-12-03 04:34:47 [simple] INFO: clashmeta found /free-nodes/2025-11-18-free-clash-meta-node.htm on 2025-11-18
2025-12-03 04:34:47 [simple] INFO: clashmeta found /free-nodes/2025-11-18-free-clash-meta-node.htm on 2025-11-18
2025-12-03 04:34:47 [simple] INFO: clashmeta found /free-nodes/2025-11-17-free-subscribe-node.htm on 2025-11-17
2025-12-03 04:34:47 [simple] INFO: clashmeta found /free-nodes/2025-11-17-free-subscribe-node.htm on 2025-11-17
2025-12-03 04:34:47 [simple] INFO: clashmeta found /free-nodes/2025-11-15-free-high-speed-nodes.htm on 2025-11-15
2025-12-03 04:34:47 [simple] INFO: clashmeta found /free-nodes/2025-11-15-free-high-speed-nodes.htm on 2025-11-15
2025-12-03 04:34:47 [simple] INFO: clashmeta found /free-nodes/2025-11-14-free-node-subscribe.htm on 2025-11-14
2025-12-03 04:34:47 [simple] INFO: clashmeta found /free-nodes/2025-11-14-free-node-subscribe.htm on 2025-11-14
2025-12-03 04:34:47 [simple] INFO: clashmeta needs update, accessing https://clash-meta.github.io/free-nodes/2025-11-26-free-node-subscribe-links.htm
2025-12-03 04:34:47 [simple] INFO: clashmeta needs update, accessing https://clash-meta.github.io/free-nodes/2025-11-26-free-node-subscribe-links.htm
2025-12-03 04:34:47 [simple] INFO: clashmeta needs update, accessing https://clash-meta.github.io/free-nodes/2025-11-23-latest-clash-meta-node.htm
2025-12-03 04:34:47 [simple] INFO: v2rayshare found https://v2rayshare.net/p/4128.html on 2025-11-30
2025-12-03 04:34:47 [simple] INFO: v2rayshare found https://v2rayshare.net/p/4129.html on 2025-11-29
2025-12-03 04:34:47 [simple] INFO: v2rayshare found https://v2rayshare.net/p/4130.html on 2025-11-28
2025-12-03 04:34:47 [simple] INFO: v2rayshare found https://v2rayshare.net/p/4131.html on 2025-11-27
2025-12-03 04:34:47 [simple] INFO: v2rayshare found https://v2rayshare.net/p/4132.html on 2025-11-26
2025-12-03 04:34:47 [simple] INFO: v2rayshare found https://v2rayshare.net/p/4133.html on 2025-11-25
2025-12-03 04:34:47 [simple] INFO: v2rayshare found https://v2rayshare.net/p/4134.html on 2025-11-24
2025-12-03 04:34:47 [simple] INFO: v2rayshare needs update, accessing https://v2rayshare.net/p/4125.html
2025-12-03 04:34:47 [simple] INFO: v2rayshare needs update, accessing https://v2rayshare.net/p/4126.html
2025-12-03 04:34:47 [simple] INFO: v2rayshare needs update, accessing https://v2rayshare.net/p/4127.html
2025-12-03 04:34:47 [simple] INFO: v2rayshare found https://v2rayshare.githubrowcontent.com/2025/12/20251203.txt
2025-12-03 04:34:47 [simple] INFO: v2rayshare found https://v2rayshare.githubrowcontent.com/2025/12/20251203.yaml
2025-12-03 04:34:47 [simple] INFO: v2rayshare found https://v2rayshare.githubrowcontent.com/2025/12/20251203.yaml
2025-12-03 04:34:48 [simple] INFO: nodev2ray found /free-node/2025-11-30-free-node-subscribe-links.htm on 2025-11-30
2025-12-03 04:34:48 [simple] INFO: nodev2ray found /free-node/2025-11-29-free-ssr-node.htm on 2025-11-29
2025-12-03 04:34:48 [simple] INFO: nodev2ray found /free-node/2025-11-28-v2ray-windows.htm on 2025-11-28
2025-12-03 04:34:48 [simple] INFO: nodev2ray found /free-node/2025-11-27-shadowrocket-node.htm on 2025-11-27
2025-12-03 04:34:48 [simple] INFO: nodev2ray found /free-node/2025-11-26-v2ray-node.htm on 2025-11-26
2025-12-03 04:34:48 [simple] INFO: nodev2ray found /free-node/2025-11-25-shadowrocket-node.htm on 2025-11-25
2025-12-03 04:34:48 [simple] INFO: nodev2ray found /free-node/2025-11-24-free-clash.htm on 2025-11-24
2025-12-03 04:34:48 [simple] INFO: nodev2ray needs update, accessing https://nodev2ray.com/free-node/2025-12-3-free-subscribe-node.htm
2025-12-03 04:34:48 [simple] INFO: nodev2ray needs update, accessing https://nodev2ray.com/free-node/2025-12-2-shadowrocket-node.htm
2025-12-03 04:34:48 [simple] INFO: nodev2ray needs update, accessing https://nodev2ray.com/free-node/2025-12-1-free-v2ray-subscribe.htm
2025-12-03 04:34:48 [simple] INFO: nodefree found https://nodefree.me/p/2714.html on 2025-11-30
2025-12-03 04:34:48 [simple] INFO: nodefree found https://nodefree.me/p/2715.html on 2025-11-29
2025-12-03 04:34:48 [simple] INFO: nodefree found https://nodefree.me/p/2716.html on 2025-11-28
2025-12-03 04:34:48 [simple] INFO: nodefree found https://nodefree.me/p/2717.html on 2025-11-27
2025-12-03 04:34:48 [simple] INFO: nodefree found https://nodefree.me/p/2718.html on 2025-11-26
2025-12-03 04:34:48 [simple] INFO: nodefree found https://nodefree.me/p/2719.html on 2025-11-25
2025-12-03 04:34:48 [simple] INFO: nodefree found https://nodefree.me/p/2720.html on 2025-11-24
2025-12-03 04:34:48 [simple] INFO: nodefree needs update, accessing https://nodefree.me/p/2711.html
2025-12-03 04:34:48 [simple] INFO: nodefree needs update, accessing https://nodefree.me/p/2712.html
2025-12-03 04:34:48 [simple] INFO: nodefree needs update, accessing https://nodefree.me/p/2713.html
2025-12-03 04:34:48 [simple] INFO: v2rayshare found https://v2rayshare.githubrowcontent.com/2025/12/20251201.txt
2025-12-03 04:34:48 [simple] INFO: v2rayshare found https://v2rayshare.githubrowcontent.com/2025/12/20251201.yaml
2025-12-03 04:34:48 [simple] INFO: v2rayshare found https://v2rayshare.githubrowcontent.com/2025/12/20251201.yaml
2025-12-03 04:34:48 [simple] INFO: ndnode found https://www.naidounode.com/n/3411.html on 2025-11-30
2025-12-03 04:34:48 [simple] INFO: ndnode found https://www.naidounode.com/n/3409.html on 2025-11-29
2025-12-03 04:34:48 [simple] INFO: ndnode found https://www.naidounode.com/n/3407.html on 2025-11-28
2025-12-03 04:34:48 [simple] INFO: ndnode found https://www.naidounode.com/n/3405.html on 2025-11-27
2025-12-03 04:34:48 [simple] INFO: ndnode found https://www.naidounode.com/n/3403.html on 2025-11-26
2025-12-03 04:34:48 [simple] INFO: ndnode found https://www.naidounode.com/n/3401.html on 2025-11-25
2025-12-03 04:34:48 [simple] INFO: ndnode found https://www.naidounode.com/n/3399.html on 2025-11-24
2025-12-03 04:34:48 [simple] INFO: ndnode needs update, accessing https://www.naidounode.com/n/3417.html
2025-12-03 04:34:48 [simple] INFO: ndnode needs update, accessing https://www.naidounode.com/n/3415.html
2025-12-03 04:34:48 [simple] INFO: ndnode needs update, accessing https://www.naidounode.com/n/3413.html
2025-12-03 04:34:48 [simple] INFO: v2rayshare found https://v2rayshare.githubrowcontent.com/2025/12/20251202.txt
2025-12-03 04:34:48 [simple] INFO: v2rayshare found https://v2rayshare.githubrowcontent.com/2025/12/20251202.yaml
2025-12-03 04:34:48 [simple] INFO: v2rayshare found https://v2rayshare.githubrowcontent.com/2025/12/20251202.yaml
2025-12-03 04:34:48 [simple] INFO: wenode found https://oneclash.cc/a/2324.html on 2025-11-30
2025-12-03 04:34:48 [simple] INFO: wenode found https://oneclash.cc/a/2325.html on 2025-11-29
2025-12-03 04:34:48 [simple] INFO: wenode found https://oneclash.cc/a/2326.html on 2025-11-28
2025-12-03 04:34:48 [simple] INFO: wenode found https://oneclash.cc/a/2327.html on 2025-11-27
2025-12-03 04:34:48 [simple] INFO: wenode found https://oneclash.cc/a/2328.html on 2025-11-26
2025-12-03 04:34:48 [simple] INFO: wenode found https://oneclash.cc/a/2329.html on 2025-11-25
2025-12-03 04:34:48 [simple] INFO: wenode found https://oneclash.cc/a/2330.html on 2025-11-24
2025-12-03 04:34:48 [simple] INFO: wenode needs update, accessing https://oneclash.cc/a/2321.html
2025-12-03 04:34:48 [simple] INFO: wenode needs update, accessing https://oneclash.cc/a/3122.html
2025-12-03 04:34:48 [simple] INFO: wenode needs update, accessing https://oneclash.cc/a/2323.html
2025-12-03 04:34:48 [simple] INFO: ndnode found http://naidounode.cczzuu.top/node/20251203-v2ray.txt
2025-12-03 04:34:48 [simple] INFO: ndnode found http://naidounode.cczzuu.top/node/20251203-clash.yaml
2025-12-03 04:34:48 [simple] INFO: nodefree found https://nodefree.githubrowcontent.com/2025/12/20251203.txt
2025-12-03 04:34:48 [simple] INFO: nodefree found https://nodefree.githubrowcontent.com/2025/12/20251203.yaml
2025-12-03 04:34:48 [simple] INFO: nodefree found https://nodefree.githubrowcontent.com/2025/12/m20251203.yaml
2025-12-03 04:34:48 [simple] INFO: nodefree found https://nodefree.githubrowcontent.com/2025/12/20251201.txt
2025-12-03 04:34:48 [simple] INFO: nodefree found https://nodefree.githubrowcontent.com/2025/12/20251201.yaml
2025-12-03 04:34:48 [simple] INFO: nodefree found https://nodefree.githubrowcontent.com/2025/12/m20251201.yaml
2025-12-03 04:34:48 [simple] INFO: nodefree found https://nodefree.githubrowcontent.com/2025/12/20251202.txt
2025-12-03 04:34:48 [simple] INFO: nodefree found https://nodefree.githubrowcontent.com/2025/12/20251202.yaml
2025-12-03 04:34:48 [simple] INFO: nodefree found https://nodefree.githubrowcontent.com/2025/12/m20251202.yaml
2025-12-03 04:34:48 [simple] INFO: ndnode found http://naidounode.cczzuu.top/node/20251202-v2ray.txt
2025-12-03 04:34:48 [simple] INFO: ndnode found http://naidounode.cczzuu.top/node/20251202-clash.yaml
2025-12-03 04:34:48 [simple] INFO: Pipeline got item v2rayshare.txt
2025-12-03 04:34:48 [simple] INFO: Pipeline processed v2rayshare.txt
2025-12-03 04:34:48 [simple] INFO: Pipeline got item v2rayshare.yaml
2025-12-03 04:34:48 [simple] INFO: Pipeline processed v2rayshare.yaml
2025-12-03 04:34:48 [simple] WARNING: wenode could not parse https://oneclash.githubrowcontent.com/2025/12..."/, skipping
2025-12-03 04:34:48 [simple] INFO: wenode found https://oneclash.githubrowcontent.com/2025/12/20251203.txt
2025-12-03 04:34:48 [simple] INFO: wenode found https://oneclash.githubrowcontent.com/2025/12/20251203.yaml
2025-12-03 04:34:48 [simple] INFO: wenode found https://oneclash.githubrowcontent.com/2025/12/m20251203.yaml
2025-12-03 04:34:48 [simple] INFO: ndnode found http://naidounode.cczzuu.top/node/20251201-v2ray.txt
2025-12-03 04:34:48 [simple] INFO: ndnode found http://naidounode.cczzuu.top/node/20251201-clash.yaml
2025-12-03 04:34:48 [simple] INFO: nodev2ray found https://node.nodev2ray.com/uploads/2025/12/1-20251201.txt
2025-12-03 04:34:48 [simple] INFO: nodev2ray found https://node.nodev2ray.com/uploads/2025/12/2-20251201.txt
2025-12-03 04:34:48 [simple] INFO: nodev2ray found https://node.nodev2ray.com/uploads/2025/12/4-20251201.txt
2025-12-03 04:34:48 [simple] INFO: nodev2ray found https://node.nodev2ray.com/uploads/2025/12/1-20251201.yaml
2025-12-03 04:34:48 [simple] INFO: nodev2ray found https://node.nodev2ray.com/uploads/2025/12/2-20251201.yaml
2025-12-03 04:34:48 [simple] INFO: nodev2ray found https://node.nodev2ray.com/uploads/2025/12/3-20251201.yaml
2025-12-03 04:34:48 [simple] INFO: nodev2ray found https://node.nodev2ray.com/uploads/2025/12/4-20251201.yaml
2025-12-03 04:34:48 [simple] WARNING: nodev2ray could not parse https://node.nodev2ray.com/uploads/2025/12/20251201.json, skipping
2025-12-03 04:34:48 [simple] INFO: Pipeline got item v2rayshare.txt
2025-12-03 04:34:48 [simple] INFO: Pipeline processed v2rayshare.txt
2025-12-03 04:34:48 [simple] INFO: nodev2ray found https://node.nodev2ray.com/uploads/2025/12/0-20251203.txt
2025-12-03 04:34:48 [simple] INFO: nodev2ray found https://node.nodev2ray.com/uploads/2025/12/1-20251203.txt
2025-12-03 04:34:48 [simple] INFO: nodev2ray found https://node.nodev2ray.com/uploads/2025/12/3-20251203.txt
2025-12-03 04:34:48 [simple] INFO: nodev2ray found https://node.nodev2ray.com/uploads/2025/12/4-20251203.txt
2025-12-03 04:34:48 [simple] INFO: nodev2ray found https://node.nodev2ray.com/uploads/2025/12/0-20251203.yaml
2025-12-03 04:34:48 [simple] INFO: nodev2ray found https://node.nodev2ray.com/uploads/2025/12/1-20251203.yaml
2025-12-03 04:34:48 [simple] INFO: nodev2ray found https://node.nodev2ray.com/uploads/2025/12/2-20251203.yaml
2025-12-03 04:34:48 [simple] INFO: nodev2ray found https://node.nodev2ray.com/uploads/2025/12/3-20251203.yaml
2025-12-03 04:34:48 [simple] INFO: nodev2ray found https://node.nodev2ray.com/uploads/2025/12/4-20251203.yaml
2025-12-03 04:34:48 [simple] WARNING: nodev2ray could not parse https://node.nodev2ray.com/uploads/2025/12/20251203.json, skipping
2025-12-03 04:34:48 [simple] INFO: Pipeline got item v2rayshare.yaml
2025-12-03 04:34:48 [simple] INFO: Pipeline processed v2rayshare.yaml
2025-12-03 04:34:48 [simple] WARNING: wenode could not parse https://oneclash.githubrowcontent.com/2025/1..."/, skipping
2025-12-03 04:34:48 [simple] INFO: wenode found https://oneclash.githubrowcontent.com/2025/12/20251202.txt
2025-12-03 04:34:48 [simple] INFO: wenode found https://oneclash.githubrowcontent.com/2025/12/20251202.yaml
2025-12-03 04:34:48 [simple] INFO: wenode found https://oneclash.githubrowcontent.com/2025/12/m20251202.yaml
2025-12-03 04:34:48 [simple] WARNING: wenode could not parse https://oneclash.githubrowcontent.com/2025/1..."/, skipping
2025-12-03 04:34:48 [simple] INFO: wenode found https://oneclash.githubrowcontent.com/2025/12/20251201.txt
2025-12-03 04:34:48 [simple] INFO: wenode found https://oneclash.githubrowcontent.com/2025/12/20251201.yaml
2025-12-03 04:34:48 [simple] INFO: wenode found https://oneclash.githubrowcontent.com/2025/12/m20251201.yaml
2025-12-03 04:34:48 [simple] INFO: nodev2ray found https://node.nodev2ray.com/uploads/2025/12/2-20251202.txt
2025-12-03 04:34:48 [simple] INFO: nodev2ray found https://node.nodev2ray.com/uploads/2025/12/3-20251202.txt
2025-12-03 04:34:48 [simple] INFO: nodev2ray found https://node.nodev2ray.com/uploads/2025/12/4-20251202.txt
2025-12-03 04:34:48 [simple] INFO: nodev2ray found https://node.nodev2ray.com/uploads/2025/12/3-20251202.yaml
2025-12-03 04:34:48 [simple] INFO: nodev2ray found https://node.nodev2ray.com/uploads/2025/12/4-20251202.yaml
2025-12-03 04:34:48 [simple] WARNING: nodev2ray could not parse https://node.nodev2ray.com/uploads/2025/12/20251202.json, skipping
2025-12-03 04:34:48 [simple] INFO: Pipeline got item v2rayshare.yaml
2025-12-03 04:34:48 [simple] INFO: Pipeline processed v2rayshare.yaml
2025-12-03 04:34:48 [simple] INFO: Pipeline got item v2rayshare.txt
2025-12-03 04:34:48 [simple] INFO: Pipeline processed v2rayshare.txt
2025-12-03 04:34:48 [simple] INFO: Pipeline got item nodefree.yaml
2025-12-03 04:34:48 [simple] INFO: Pipeline processed nodefree.yaml
2025-12-03 04:34:48 [simple] INFO: Pipeline got item nodefree.txt
2025-12-03 04:34:48 [simple] INFO: Pipeline processed nodefree.txt
2025-12-03 04:34:48 [simple] INFO: Pipeline got item nodefree.txt
2025-12-03 04:34:48 [simple] INFO: Pipeline processed nodefree.txt
2025-12-03 04:34:48 [simple] INFO: Pipeline got item nodefree.yaml
2025-12-03 04:34:48 [simple] INFO: Pipeline processed nodefree.yaml
2025-12-03 04:34:48 [simple] INFO: Pipeline got item nodefree.yaml
2025-12-03 04:34:48 [simple] INFO: Pipeline processed nodefree.yaml
2025-12-03 04:34:49 [simple] INFO: Pipeline got item nodefree.yaml
2025-12-03 04:34:49 [simple] INFO: Pipeline processed nodefree.yaml
2025-12-03 04:34:49 [simple] INFO: Pipeline got item nodefree.txt
2025-12-03 04:34:49 [simple] INFO: Pipeline processed nodefree.txt
2025-12-03 04:34:49 [simple] INFO: Pipeline got item nodefree.yaml
2025-12-03 04:34:49 [simple] INFO: Pipeline processed nodefree.yaml
2025-12-03 04:34:49 [simple] INFO: Pipeline got item ndnode.txt
2025-12-03 04:34:49 [simple] INFO: Pipeline processed ndnode.txt
2025-12-03 04:34:49 [simple] INFO: Pipeline got item ndnode.txt
2025-12-03 04:34:49 [simple] INFO: Pipeline processed ndnode.txt
2025-12-03 04:34:49 [simple] INFO: Pipeline got item ndnode.txt
2025-12-03 04:34:49 [simple] INFO: Pipeline processed ndnode.txt
2025-12-03 04:34:49 [simple] INFO: Pipeline got item nodev2ray.txt
2025-12-03 04:34:49 [simple] INFO: Pipeline processed nodev2ray.txt
2025-12-03 04:34:49 [simple] INFO: Pipeline got item nodev2ray.txt
2025-12-03 04:34:49 [simple] INFO: Pipeline processed nodev2ray.txt
2025-12-03 04:34:49 [simple] INFO: Pipeline got item nodev2ray.txt
2025-12-03 04:34:49 [simple] INFO: Pipeline processed nodev2ray.txt
2025-12-03 04:34:49 [simple] INFO: Pipeline got item nodev2ray.yaml
2025-12-03 04:34:49 [simple] INFO: Pipeline processed nodev2ray.yaml
2025-12-03 04:34:49 [simple] INFO: Pipeline got item nodefree.yaml
2025-12-03 04:34:49 [simple] INFO: Pipeline processed nodefree.yaml
2025-12-03 04:34:49 [simple] INFO: Pipeline got item wenode.yaml
2025-12-03 04:34:49 [simple] INFO: Pipeline processed wenode.yaml
2025-12-03 04:34:49 [simple] INFO: Pipeline got item wenode.yaml
2025-12-03 04:34:49 [simple] INFO: Pipeline processed wenode.yaml
2025-12-03 04:34:49 [simple] INFO: Pipeline got item wenode.txt
2025-12-03 04:34:49 [simple] INFO: Pipeline processed wenode.txt
2025-12-03 04:34:49 [simple] INFO: Pipeline got item nodev2ray.yaml
2025-12-03 04:34:49 [simple] INFO: Pipeline processed nodev2ray.yaml
2025-12-03 04:34:49 [simple] INFO: Pipeline got item nodev2ray.yaml
2025-12-03 04:34:50 [simple] INFO: Pipeline processed nodev2ray.yaml
2025-12-03 04:34:50 [simple] INFO: Pipeline got item nodev2ray.txt
2025-12-03 04:34:50 [simple] INFO: Pipeline processed nodev2ray.txt
2025-12-03 04:34:50 [simple] INFO: Pipeline got item nodev2ray.txt
2025-12-03 04:34:50 [simple] INFO: Pipeline processed nodev2ray.txt
2025-12-03 04:34:50 [simple] INFO: Pipeline got item nodev2ray.txt
2025-12-03 04:34:50 [simple] INFO: Pipeline processed nodev2ray.txt
2025-12-03 04:34:50 [simple] INFO: Pipeline got item nodev2ray.txt
2025-12-03 04:34:50 [simple] INFO: Pipeline processed nodev2ray.txt
2025-12-03 04:34:50 [simple] INFO: Pipeline got item ndnode.yaml
2025-12-03 04:34:50 [simple] INFO: Pipeline processed ndnode.yaml
2025-12-03 04:34:50 [simple] INFO: Pipeline got item ndnode.yaml
2025-12-03 04:34:51 [simple] INFO: Pipeline processed ndnode.yaml
2025-12-03 04:34:51 [simple] INFO: Pipeline got item ndnode.yaml
2025-12-03 04:34:51 [simple] INFO: Pipeline processed ndnode.yaml
2025-12-03 04:34:51 [simple] INFO: Pipeline got item nodev2ray.yaml
2025-12-03 04:34:52 [simple] INFO: Pipeline processed nodev2ray.yaml
2025-12-03 04:34:52 [simple] INFO: Pipeline got item nodev2ray.yaml
2025-12-03 04:34:53 [simple] INFO: Pipeline processed nodev2ray.yaml
2025-12-03 04:34:53 [simple] INFO: Pipeline got item nodev2ray.txt
2025-12-03 04:34:53 [simple] INFO: Pipeline processed nodev2ray.txt
2025-12-03 04:34:53 [simple] INFO: Pipeline got item nodev2ray.txt
2025-12-03 04:34:53 [simple] INFO: Pipeline processed nodev2ray.txt
2025-12-03 04:34:53 [simple] INFO: Pipeline got item wenode.txt
2025-12-03 04:34:53 [simple] INFO: Pipeline processed wenode.txt
2025-12-03 04:34:53 [simple] INFO: Pipeline got item wenode.yaml
2025-12-03 04:34:53 [simple] INFO: Pipeline processed wenode.yaml
2025-12-03 04:34:53 [simple] INFO: Pipeline got item nodev2ray.yaml
2025-12-03 04:34:53 [simple] INFO: Pipeline processed nodev2ray.yaml
2025-12-03 04:34:53 [simple] INFO: Pipeline got item wenode.yaml
2025-12-03 04:34:53 [simple] INFO: Pipeline processed wenode.yaml
2025-12-03 04:34:53 [simple] INFO: Pipeline got item nodev2ray.yaml
2025-12-03 04:34:53 [simple] INFO: Pipeline processed nodev2ray.yaml
2025-12-03 04:34:53 [simple] INFO: Pipeline got item nodev2ray.yaml
2025-12-03 04:34:55 [simple] INFO: Pipeline processed nodev2ray.yaml
2025-12-03 04:34:55 [simple] INFO: Pipeline got item nodev2ray.yaml
2025-12-03 04:34:55 [simple] INFO: Pipeline processed nodev2ray.yaml
2025-12-03 04:34:55 [simple] INFO: Pipeline got item nodev2ray.txt
2025-12-03 04:34:55 [simple] INFO: Pipeline processed nodev2ray.txt
2025-12-03 04:34:55 [simple] INFO: Pipeline got item wenode.yaml
2025-12-03 04:34:55 [simple] INFO: Pipeline processed wenode.yaml
2025-12-03 04:34:55 [simple] INFO: Pipeline got item wenode.yaml
2025-12-03 04:34:55 [simple] INFO: Pipeline processed wenode.yaml
2025-12-03 04:34:55 [simple] INFO: Pipeline got item wenode.txt
2025-12-03 04:34:55 [simple] INFO: Pipeline processed wenode.txt
2025-12-03 04:34:55 [simple] INFO: Pipeline got item nodev2ray.yaml
2025-12-03 04:34:57 [simple] INFO: Pipeline processed nodev2ray.yaml
2025-12-03 04:34:57 [simple] INFO: Pipeline got item nodev2ray.yaml
2025-12-03 04:34:58 [simple] INFO: Pipeline processed nodev2ray.yaml
2025-12-03 04:34:58 [scrapy.core.engine] INFO: Closing spider (finished)
2025-12-03 04:34:58 [scrapy.statscollectors] INFO: Dumping Scrapy stats:
{'downloader/request_bytes': 31833,
 'downloader/request_count': 77,
 'downloader/request_method_count/GET': 77,
 'downloader/response_bytes': 5916915,
 'downloader/response_count': 77,
 'downloader/response_status_count/200': 74,
 'downloader/response_status_count/301': 3,
 'dupefilter/filtered': 4,
 'elapsed_time_seconds': 11.275785,
 'finish_reason': 'finished',
 'finish_time': datetime.datetime(2025, 12, 3, 4, 34, 58, 790040, tzinfo=datetime.timezone.utc),
 'httpcompression/response_bytes': 1616225,
 'httpcompression/response_count': 45,
 'item_scraped_count': 51,
 'items_per_minute': 278.1818181818182,
 'log_count/INFO': 245,
 'log_count/WARNING': 8,
 'memusage/max': 181788672,
 'memusage/startup': 181788672,
 'request_depth_max': 2,
 'response_received_count': 74,
 'responses_per_minute': 403.6363636363637,
 'scheduler/dequeued': 77,
 'scheduler/dequeued/memory': 77,
 'scheduler/enqueued': 77,
 'scheduler/enqueued/memory': 77,
 'start_time': datetime.datetime(2025, 12, 3, 4, 34, 47, 514255, tzinfo=datetime.timezone.utc)}
2025-12-03 04:34:58 [scrapy.core.engine] INFO: Spider closed (finished)
2025-12-03 04:35:07 [scrapy.addons] INFO: Enabled addons:
[]
2025-12-03 04:35:07 [py.warnings] WARNING: /opt/hostedtoolcache/Python/3.12.12/x64/lib/python3.12/site-packages/scrapy/utils/request.py:120: ScrapyDeprecationWarning: 'REQUEST_FINGERPRINTER_IMPLEMENTATION' is a deprecated setting.
It will be removed in a future version of Scrapy.
  return cls(crawler)

2025-12-03 04:35:07 [scrapy.extensions.telnet] INFO: Telnet Password: 9573b121d230d7b2
2025-12-03 04:35:07 [scrapy.middleware] INFO: Enabled extensions:
['scrapy.extensions.corestats.CoreStats',
 'scrapy.extensions.telnet.TelnetConsole',
 'scrapy.extensions.memusage.MemoryUsage',
 'scrapy.extensions.logstats.LogStats']
2025-12-03 04:35:07 [scrapy.crawler] INFO: Overridden settings:
{'BOT_NAME': 'NodeScrapy',
 'FEED_EXPORT_ENCODING': 'utf-8',
 'LOG_FILE': 'scrapy.log',
 'LOG_LEVEL': 'INFO',
 'NEWSPIDER_MODULE': 'NodeScrapy.spiders',
 'REQUEST_FINGERPRINTER_IMPLEMENTATION': '2.7',
 'SPIDER_MODULES': ['NodeScrapy.spiders']}
2025-12-03 04:35:07 [scrapy.middleware] INFO: Enabled downloader middlewares:
['scrapy.downloadermiddlewares.offsite.OffsiteMiddleware',
 'scrapy.downloadermiddlewares.httpauth.HttpAuthMiddleware',
 'scrapy.downloadermiddlewares.downloadtimeout.DownloadTimeoutMiddleware',
 'scrapy.downloadermiddlewares.defaultheaders.DefaultHeadersMiddleware',
 'NodeScrapy.middlewares.RandomUserAgentMiddleware',
 'scrapy.downloadermiddlewares.useragent.UserAgentMiddleware',
 'scrapy.downloadermiddlewares.retry.RetryMiddleware',
 'scrapy.downloadermiddlewares.redirect.MetaRefreshMiddleware',
 'scrapy.downloadermiddlewares.httpcompression.HttpCompressionMiddleware',
 'scrapy.downloadermiddlewares.redirect.RedirectMiddleware',
 'scrapy.downloadermiddlewares.cookies.CookiesMiddleware',
 'scrapy.downloadermiddlewares.httpproxy.HttpProxyMiddleware',
 'scrapy.downloadermiddlewares.stats.DownloaderStats']
2025-12-03 04:35:07 [scrapy.middleware] INFO: Enabled spider middlewares:
['scrapy.spidermiddlewares.start.StartSpiderMiddleware',
 'scrapy.spidermiddlewares.httperror.HttpErrorMiddleware',
 'scrapy.spidermiddlewares.referer.RefererMiddleware',
 'scrapy.spidermiddlewares.urllength.UrlLengthMiddleware',
 'scrapy.spidermiddlewares.depth.DepthMiddleware']
2025-12-03 04:35:07 [scrapy.middleware] INFO: Enabled item pipelines:
['NodeScrapy.pipelines.Pipeline']
2025-12-03 04:35:07 [scrapy.core.engine] INFO: Spider opened
2025-12-03 04:35:07 [py.warnings] WARNING: /opt/hostedtoolcache/Python/3.12.12/x64/lib/python3.12/site-packages/scrapy/core/spidermw.py:433: ScrapyDeprecationWarning: NodeScrapy.spiders.SimpleSpider.SimpleSpider (inherited by NodeScrapy.spiders.DecryptSpider.DecryptSpider) defines the deprecated start_requests() method. start_requests() has been deprecated in favor of a new method, start(), to support asynchronous code execution. start_requests() will stop being called in a future version of Scrapy. If you use Scrapy 2.13 or higher only, replace start_requests() with start(); note that start() is a coroutine (async def). If you need to maintain compatibility with lower Scrapy versions, when overriding start_requests() in a spider class, override start() as well; you can use super() to reuse the inherited start() implementation without copy-pasting. See the release notes of Scrapy 2.13 for details: https://docs.scrapy.org/en/2.13/news.html
  warn(

2025-12-03 04:35:07 [scrapy.extensions.logstats] INFO: Crawled 0 pages (at 0 pages/min), scraped 0 items (at 0 items/min)
2025-12-03 04:35:07 [scrapy.extensions.telnet] INFO: Telnet console listening on 127.0.0.1:6023
2025-12-03 04:35:07 [decrypt] INFO: yudou66 start
2025-12-03 04:35:07 [decrypt] INFO: blues start
2025-12-03 04:35:07 [decrypt] INFO: blues found https://blues2022.blogspot.com/2025/11/202511304kchatgpt4k8kclashv2ray.html on 2025-11-30
2025-12-03 04:35:07 [decrypt] INFO: blues found https://blues2022.blogspot.com/2025/11/202511294kchatgpt4k8kclashv2ray.html on 2025-11-29
2025-12-03 04:35:07 [decrypt] INFO: blues found https://blues2022.blogspot.com/2025/11/202511284kchatgpt4k8kclashv2ray.html on 2025-11-28
2025-12-03 04:35:07 [decrypt] INFO: blues found https://blues2022.blogspot.com/2025/11/202511274kchatgpt4k8kclashv2ray.html on 2025-11-27
2025-12-03 04:35:07 [decrypt] INFO: blues found https://blues2022.blogspot.com/2025/11/202511264kchatgpt4k8kclashv2ray.html on 2025-11-26
2025-12-03 04:35:07 [decrypt] INFO: blues found https://blues2022.blogspot.com/2025/11/202511254kchatgpt4k8kclashv2ray.html on 2025-11-25
2025-12-03 04:35:07 [decrypt] INFO: blues found https://blues2022.blogspot.com/2025/11/202511244kchatgpt4k8kclashv2ray.html on 2025-11-24
2025-12-03 04:35:07 [decrypt] INFO: blues found https://blues2022.blogspot.com/2025/11/202511234kchatgpt4k8kclashv2ray.html on 2025-11-23
2025-12-03 04:35:07 [decrypt] INFO: blues needs update, accessing https://blues2022.blogspot.com/2025/12/20251224kchatgpt4k8kclashv2ray.html
2025-12-03 04:35:07 [decrypt] INFO: blues needs update, accessing https://blues2022.blogspot.com/2025/11/202511314kchatgpt4k8kclashv2ray.html
2025-12-03 04:35:07 [decrypt] INFO: blues is up to date, exiting
2025-12-03 04:35:11 [decrypt] WARNING: blues 4400 got 密碼錯誤
2025-12-03 04:35:12 [decrypt] WARNING: blues 0000 got 密碼錯誤
2025-12-03 04:35:13 [decrypt] WARNING: blues 0011 got 密碼錯誤
2025-12-03 04:35:15 [decrypt] WARNING: blues 0022 got 密碼錯誤
2025-12-03 04:35:16 [decrypt] WARNING: blues 0033 got 密碼錯誤
2025-12-03 04:35:17 [decrypt] WARNING: blues 0044 got 密碼錯誤
2025-12-03 04:35:19 [decrypt] WARNING: blues 0055 got 密碼錯誤
2025-12-03 04:35:20 [decrypt] WARNING: blues 0066 got 密碼錯誤
2025-12-03 04:35:21 [decrypt] WARNING: blues 0077 got 密碼錯誤
2025-12-03 04:35:22 [decrypt] WARNING: blues 0088 got 密碼錯誤
2025-12-03 04:35:23 [decrypt] WARNING: blues 0099 got 密碼錯誤
2025-12-03 04:35:25 [decrypt] WARNING: blues 1100 got 密碼錯誤
2025-12-03 04:35:26 [decrypt] WARNING: blues 1111 got 密碼錯誤
2025-12-03 04:35:27 [decrypt] WARNING: blues 1122 got 密碼錯誤
2025-12-03 04:35:28 [decrypt] WARNING: blues 1133 got 密碼錯誤
2025-12-03 04:35:30 [decrypt] WARNING: blues 1144 got 密碼錯誤
2025-12-03 04:35:31 [decrypt] WARNING: blues 1155 got 密碼錯誤
2025-12-03 04:35:32 [decrypt] WARNING: blues 1166 got 密碼錯誤
2025-12-03 04:35:33 [decrypt] WARNING: blues 1177 got 密碼錯誤
2025-12-03 04:35:34 [decrypt] WARNING: blues 1188 got 密碼錯誤
2025-12-03 04:35:35 [decrypt] WARNING: blues 1199 got 密碼錯誤
2025-12-03 04:35:36 [decrypt] WARNING: blues 2200 got 密碼錯誤
2025-12-03 04:35:37 [decrypt] WARNING: blues 2211 got 密碼錯誤
2025-12-03 04:35:38 [decrypt] WARNING: blues 2222 got 密碼錯誤
2025-12-03 04:35:39 [decrypt] WARNING: blues 2233 got 密碼錯誤
2025-12-03 04:35:40 [decrypt] WARNING: blues 2244 got 密碼錯誤
2025-12-03 04:35:41 [decrypt] WARNING: blues 2255 got 密碼錯誤
2025-12-03 04:35:42 [decrypt] WARNING: blues 2266 got 密碼錯誤
2025-12-03 04:35:43 [decrypt] WARNING: blues 2277 got 密碼錯誤
2025-12-03 04:35:44 [decrypt] WARNING: blues 2288 got 密碼錯誤
2025-12-03 04:35:45 [decrypt] WARNING: blues 2299 got 密碼錯誤
2025-12-03 04:35:46 [decrypt] WARNING: blues 3300 got 密碼錯誤
2025-12-03 04:35:47 [decrypt] WARNING: blues 3311 got 密碼錯誤
2025-12-03 04:35:48 [decrypt] WARNING: blues 3322 got 密碼錯誤
2025-12-03 04:35:49 [decrypt] WARNING: blues 3333 got 密碼錯誤
2025-12-03 04:35:50 [decrypt] WARNING: blues 3344 got 密碼錯誤
2025-12-03 04:35:51 [decrypt] WARNING: blues 3355 got 密碼錯誤
2025-12-03 04:35:53 [decrypt] WARNING: blues 3366 got 密碼錯誤
2025-12-03 04:35:54 [decrypt] WARNING: blues 3377 got 密碼錯誤
2025-12-03 04:35:56 [decrypt] WARNING: blues 3388 got 密碼錯誤
2025-12-03 04:35:57 [decrypt] WARNING: blues 3399 got 密碼錯誤
2025-12-03 04:35:58 [decrypt] WARNING: blues 4400 got 密碼錯誤
2025-12-03 04:35:59 [decrypt] WARNING: blues 4411 got 密碼錯誤
2025-12-03 04:36:00 [decrypt] WARNING: blues 4422 got 密碼錯誤
2025-12-03 04:36:01 [decrypt] WARNING: blues 4433 got 密碼錯誤
2025-12-03 04:36:02 [decrypt] WARNING: blues 4444 got 密碼錯誤
2025-12-03 04:36:03 [decrypt] WARNING: blues 4455 got 密碼錯誤
2025-12-03 04:36:04 [decrypt] WARNING: blues 4466 got 密碼錯誤
2025-12-03 04:36:05 [decrypt] WARNING: blues 4477 got 密碼錯誤
2025-12-03 04:36:06 [decrypt] WARNING: blues 4488 got 密碼錯誤
2025-12-03 04:36:07 [decrypt] WARNING: blues 4499 got 密碼錯誤
2025-12-03 04:36:08 [decrypt] WARNING: blues 5500 got 密碼錯誤
2025-12-03 04:36:09 [decrypt] WARNING: blues 5511 got 密碼錯誤
2025-12-03 04:36:10 [decrypt] WARNING: blues 5522 got 密碼錯誤
2025-12-03 04:36:11 [decrypt] WARNING: blues 5533 got 密碼錯誤
2025-12-03 04:36:12 [decrypt] WARNING: blues 5544 got 密碼錯誤
2025-12-03 04:36:13 [decrypt] WARNING: blues 5555 got 密碼錯誤
2025-12-03 04:36:14 [decrypt] WARNING: blues 5566 got 密碼錯誤
2025-12-03 04:36:15 [decrypt] WARNING: blues 5577 got 密碼錯誤
2025-12-03 04:36:16 [decrypt] WARNING: blues 5588 got 密碼錯誤
2025-12-03 04:36:18 [decrypt] WARNING: blues 5599 got 密碼錯誤
2025-12-03 04:36:19 [decrypt] WARNING: blues 6600 got 密碼錯誤
2025-12-03 04:36:20 [decrypt] WARNING: blues 6611 got 密碼錯誤
2025-12-03 04:36:21 [decrypt] WARNING: blues 6622 got 密碼錯誤
2025-12-03 04:36:22 [decrypt] WARNING: blues 6633 got 密碼錯誤
2025-12-03 04:36:23 [decrypt] WARNING: blues 6644 got 密碼錯誤
2025-12-03 04:36:24 [decrypt] WARNING: blues 6655 got 密碼錯誤
2025-12-03 04:36:25 [decrypt] WARNING: blues 6666 got 密碼錯誤
2025-12-03 04:36:26 [decrypt] WARNING: blues 6677 got 密碼錯誤
2025-12-03 04:36:27 [decrypt] WARNING: blues 6688 got 密碼錯誤
2025-12-03 04:36:28 [decrypt] WARNING: blues 6699 got 密碼錯誤
2025-12-03 04:36:29 [decrypt] WARNING: blues 7700 got 密碼錯誤
2025-12-03 04:36:30 [decrypt] WARNING: blues 7711 got 密碼錯誤
2025-12-03 04:36:31 [decrypt] WARNING: blues 7722 got 密碼錯誤
2025-12-03 04:36:32 [decrypt] WARNING: blues 7733 got 密碼錯誤
2025-12-03 04:36:33 [decrypt] WARNING: blues 7744 got 密碼錯誤
2025-12-03 04:36:34 [decrypt] WARNING: blues 7755 got 密碼錯誤
2025-12-03 04:36:35 [decrypt] WARNING: blues 7766 got 密碼錯誤
2025-12-03 04:36:36 [decrypt] WARNING: blues 7777 got 密碼錯誤
2025-12-03 04:36:37 [decrypt] WARNING: blues 7788 got 密碼錯誤
2025-12-03 04:36:39 [decrypt] WARNING: blues 7799 got 密碼錯誤
2025-12-03 04:36:40 [decrypt] WARNING: blues 8800 got 密碼錯誤
2025-12-03 04:36:41 [decrypt] WARNING: blues 8811 got 密碼錯誤
2025-12-03 04:36:42 [decrypt] WARNING: blues 8822 got 密碼錯誤
2025-12-03 04:36:43 [decrypt] WARNING: blues 8833 got 密碼錯誤
2025-12-03 04:36:44 [decrypt] WARNING: blues 8844 got 密碼錯誤
2025-12-03 04:36:45 [decrypt] WARNING: blues 8855 got 密碼錯誤
2025-12-03 04:36:48 [decrypt] INFO: blues found https://ylks.tt2000.sbs/2025/12/2/c.yaml
2025-12-03 04:36:48 [scrapy.extensions.logstats] INFO: Crawled 4 pages (at 4 pages/min), scraped 0 items (at 0 items/min)
2025-12-03 04:36:48 [decrypt] INFO: blues found https://ylks.tt2000.sbs/2025/12/2/v.txt
2025-12-03 04:36:48 [decrypt] INFO: blues saved new password 8866
2025-12-03 04:36:48 [decrypt] INFO: yudou66 found http://www.yudou6677.top/2025/11/202511301361080p4kv2rayclashsing.html on 2025-11-30
2025-12-03 04:36:48 [decrypt] INFO: yudou66 found http://www.yudou6677.top/2025/11/202511291391080p4kv2rayclashsing.html on 2025-11-29
2025-12-03 04:36:48 [decrypt] INFO: yudou66 found http://www.yudou6677.top/2025/11/202511281401080p4kv2rayclashsing.html on 2025-11-28
2025-12-03 04:36:48 [decrypt] INFO: yudou66 found http://www.yudou6677.top/2025/11/202511271341080p4kv2rayclashsing.html on 2025-11-27
2025-12-03 04:36:48 [decrypt] INFO: yudou66 found http://www.yudou6677.top/2025/11/202511261291080p4kv2rayclashsing.html on 2025-11-26
2025-12-03 04:36:48 [decrypt] INFO: yudou66 found http://www.yudou6677.top/2025/11/202511251941080p4kv2rayclashsing.html on 2025-11-25
2025-12-03 04:36:48 [decrypt] INFO: yudou66 found http://www.yudou6677.top/2025/11/202511241221080p4kv2rayclashsing.html on 2025-11-24
2025-12-03 04:36:48 [decrypt] INFO: yudou66 needs update, accessing http://www.yudou6677.top/2025/12/202512031491080p4kv2rayclashsing.html
2025-12-03 04:36:48 [decrypt] INFO: yudou66 needs update, accessing http://www.yudou6677.top/2025/12/202512021211080p4kv2rayclashsing.html
2025-12-03 04:36:48 [decrypt] INFO: yudou66 needs update, accessing http://www.yudou6677.top/2025/11/202512011351080p4kv2rayclashsing.html
2025-12-03 04:36:49 [decrypt] WARNING: blues 8866 got 密碼錯誤
2025-12-03 04:36:50 [decrypt] WARNING: blues 0000 got 密碼錯誤
2025-12-03 04:36:51 [decrypt] WARNING: blues 0011 got 密碼錯誤
2025-12-03 04:36:52 [decrypt] WARNING: blues 0022 got 密碼錯誤
2025-12-03 04:36:53 [decrypt] WARNING: blues 0033 got 密碼錯誤
2025-12-03 04:36:55 [decrypt] WARNING: blues 0044 got 密碼錯誤
2025-12-03 04:36:56 [decrypt] WARNING: blues 0055 got 密碼錯誤
2025-12-03 04:36:57 [decrypt] WARNING: blues 0066 got 密碼錯誤
2025-12-03 04:36:58 [decrypt] WARNING: blues 0077 got 密碼錯誤
2025-12-03 04:36:59 [decrypt] WARNING: blues 0088 got 密碼錯誤
2025-12-03 04:37:02 [decrypt] INFO: blues saved new password 0099
2025-12-03 04:37:02 [decrypt] INFO: yudou66 found https://yy.yudou66.top/202512/20251201bad3se.txt
2025-12-03 04:37:02 [decrypt] INFO: yudou66 found https://yy.yudou66.top/202512/2025.12.1Ck6lash.yaml
2025-12-03 04:37:03 [decrypt] WARNING: yudou66 8899 got 密碼錯誤
2025-12-03 04:37:04 [decrypt] WARNING: yudou66 0000 got 密碼錯誤
2025-12-03 04:37:04 [decrypt] WARNING: yudou66 0011 got 密碼錯誤
2025-12-03 04:37:04 [decrypt] WARNING: yudou66 0022 got 密碼錯誤
2025-12-03 04:37:05 [decrypt] WARNING: yudou66 0033 got 密碼錯誤
2025-12-03 04:37:05 [decrypt] WARNING: yudou66 0044 got 密碼錯誤
2025-12-03 04:39:05 [scrapy.core.scraper] ERROR: Spider error processing <GET http://www.yudou6677.top/2025/12/202512021211080p4kv2rayclashsing.html?m=1> (referer: None)
Traceback (most recent call last):
  File "/opt/hostedtoolcache/Python/3.12.12/x64/lib/python3.12/site-packages/urllib3/connectionpool.py", line 534, in _make_request
    response = conn.getresponse()
               ^^^^^^^^^^^^^^^^^^
  File "/opt/hostedtoolcache/Python/3.12.12/x64/lib/python3.12/site-packages/urllib3/connection.py", line 565, in getresponse
    httplib_response = super().getresponse()
                       ^^^^^^^^^^^^^^^^^^^^^
  File "/opt/hostedtoolcache/Python/3.12.12/x64/lib/python3.12/http/client.py", line 1430, in getresponse
    response.begin()
  File "/opt/hostedtoolcache/Python/3.12.12/x64/lib/python3.12/http/client.py", line 331, in begin
    version, status, reason = self._read_status()
                              ^^^^^^^^^^^^^^^^^^^
  File "/opt/hostedtoolcache/Python/3.12.12/x64/lib/python3.12/http/client.py", line 292, in _read_status
    line = str(self.fp.readline(_MAXLINE + 1), "iso-8859-1")
               ^^^^^^^^^^^^^^^^^^^^^^^^^^^^^^
  File "/opt/hostedtoolcache/Python/3.12.12/x64/lib/python3.12/socket.py", line 720, in readinto
    return self._sock.recv_into(b)
           ^^^^^^^^^^^^^^^^^^^^^^^
TimeoutError: timed out

The above exception was the direct cause of the following exception:

Traceback (most recent call last):
  File "/opt/hostedtoolcache/Python/3.12.12/x64/lib/python3.12/site-packages/scrapy/utils/defer.py", line 343, in iter_errback
    yield next(it)
          ^^^^^^^^
  File "/opt/hostedtoolcache/Python/3.12.12/x64/lib/python3.12/site-packages/scrapy/utils/python.py", line 369, in __next__
    return next(self.data)
           ^^^^^^^^^^^^^^^
  File "/opt/hostedtoolcache/Python/3.12.12/x64/lib/python3.12/site-packages/scrapy/utils/python.py", line 369, in __next__
    return next(self.data)
           ^^^^^^^^^^^^^^^
  File "/opt/hostedtoolcache/Python/3.12.12/x64/lib/python3.12/site-packages/scrapy/core/spidermw.py", line 167, in process_sync
    yield from iterable
  File "/opt/hostedtoolcache/Python/3.12.12/x64/lib/python3.12/site-packages/scrapy/spidermiddlewares/base.py", line 58, in process_spider_output
    for o in result:
             ^^^^^^
  File "/opt/hostedtoolcache/Python/3.12.12/x64/lib/python3.12/site-packages/scrapy/core/spidermw.py", line 167, in process_sync
    yield from iterable
  File "/opt/hostedtoolcache/Python/3.12.12/x64/lib/python3.12/site-packages/scrapy/spidermiddlewares/base.py", line 58, in process_spider_output
    for o in result:
             ^^^^^^
  File "/opt/hostedtoolcache/Python/3.12.12/x64/lib/python3.12/site-packages/scrapy/core/spidermw.py", line 167, in process_sync
    yield from iterable
  File "/opt/hostedtoolcache/Python/3.12.12/x64/lib/python3.12/site-packages/scrapy/spidermiddlewares/base.py", line 58, in process_spider_output
    for o in result:
             ^^^^^^
  File "/opt/hostedtoolcache/Python/3.12.12/x64/lib/python3.12/site-packages/scrapy/core/spidermw.py", line 167, in process_sync
    yield from iterable
  File "/opt/hostedtoolcache/Python/3.12.12/x64/lib/python3.12/site-packages/scrapy/spidermiddlewares/depth.py", line 59, in process_spider_output
    yield from super().process_spider_output(response, result, spider)
  File "/opt/hostedtoolcache/Python/3.12.12/x64/lib/python3.12/site-packages/scrapy/spidermiddlewares/base.py", line 58, in process_spider_output
    for o in result:
             ^^^^^^
  File "/opt/hostedtoolcache/Python/3.12.12/x64/lib/python3.12/site-packages/scrapy/core/spidermw.py", line 167, in process_sync
    yield from iterable
  File "/home/runner/work/FreeNodes/FreeNodes/NodeScrapy/spiders/DecryptSpider.py", line 97, in parse_blog
    ok, msg = self._decrypt(response.url, method, pwd)
              ^^^^^^^^^^^^^^^^^^^^^^^^^^^^^^^^^^^^^^^^
  File "/home/runner/work/FreeNodes/FreeNodes/NodeScrapy/spiders/DecryptSpider.py", line 46, in _decrypt
    self.driver.get(url)
  File "/opt/hostedtoolcache/Python/3.12.12/x64/lib/python3.12/site-packages/selenium/webdriver/remote/webdriver.py", line 483, in get
    self.execute(Command.GET, {"url": url})
  File "/opt/hostedtoolcache/Python/3.12.12/x64/lib/python3.12/site-packages/selenium/webdriver/remote/webdriver.py", line 455, in execute
    response = cast(RemoteConnection, self.command_executor).execute(driver_command, params)
               ^^^^^^^^^^^^^^^^^^^^^^^^^^^^^^^^^^^^^^^^^^^^^^^^^^^^^^^^^^^^^^^^^^^^^^^^^^^^^
  File "/opt/hostedtoolcache/Python/3.12.12/x64/lib/python3.12/site-packages/selenium/webdriver/remote/remote_connection.py", line 407, in execute
    return self._request(command_info[0], url, body=data)
           ^^^^^^^^^^^^^^^^^^^^^^^^^^^^^^^^^^^^^^^^^^^^^^
  File "/opt/hostedtoolcache/Python/3.12.12/x64/lib/python3.12/site-packages/selenium/webdriver/remote/remote_connection.py", line 431, in _request
    response = self._conn.request(method, url, body=body, headers=headers, timeout=self._client_config.timeout)
               ^^^^^^^^^^^^^^^^^^^^^^^^^^^^^^^^^^^^^^^^^^^^^^^^^^^^^^^^^^^^^^^^^^^^^^^^^^^^^^^^^^^^^^^^^^^^^^^^
  File "/opt/hostedtoolcache/Python/3.12.12/x64/lib/python3.12/site-packages/urllib3/_request_methods.py", line 143, in request
    return self.request_encode_body(
           ^^^^^^^^^^^^^^^^^^^^^^^^^
  File "/opt/hostedtoolcache/Python/3.12.12/x64/lib/python3.12/site-packages/urllib3/_request_methods.py", line 278, in request_encode_body
    return self.urlopen(method, url, **extra_kw)
           ^^^^^^^^^^^^^^^^^^^^^^^^^^^^^^^^^^^^^
  File "/opt/hostedtoolcache/Python/3.12.12/x64/lib/python3.12/site-packages/urllib3/poolmanager.py", line 459, in urlopen
    response = conn.urlopen(method, u.request_uri, **kw)
               ^^^^^^^^^^^^^^^^^^^^^^^^^^^^^^^^^^^^^^^^^
  File "/opt/hostedtoolcache/Python/3.12.12/x64/lib/python3.12/site-packages/urllib3/connectionpool.py", line 841, in urlopen
    retries = retries.increment(
              ^^^^^^^^^^^^^^^^^^
  File "/opt/hostedtoolcache/Python/3.12.12/x64/lib/python3.12/site-packages/urllib3/util/retry.py", line 474, in increment
    raise reraise(type(error), error, _stacktrace)
          ^^^^^^^^^^^^^^^^^^^^^^^^^^^^^^^^^^^^^^^^
  File "/opt/hostedtoolcache/Python/3.12.12/x64/lib/python3.12/site-packages/urllib3/util/util.py", line 39, in reraise
    raise value
  File "/opt/hostedtoolcache/Python/3.12.12/x64/lib/python3.12/site-packages/urllib3/connectionpool.py", line 787, in urlopen
    response = self._make_request(
               ^^^^^^^^^^^^^^^^^^^
  File "/opt/hostedtoolcache/Python/3.12.12/x64/lib/python3.12/site-packages/urllib3/connectionpool.py", line 536, in _make_request
    self._raise_timeout(err=e, url=url, timeout_value=read_timeout)
  File "/opt/hostedtoolcache/Python/3.12.12/x64/lib/python3.12/site-packages/urllib3/connectionpool.py", line 367, in _raise_timeout
    raise ReadTimeoutError(
urllib3.exceptions.ReadTimeoutError: HTTPConnectionPool(host='localhost', port=50987): Read timed out. (read timeout=120)
2025-12-03 04:41:05 [scrapy.core.scraper] ERROR: Spider error processing <GET http://www.yudou6677.top/2025/12/202512031491080p4kv2rayclashsing.html?m=1> (referer: None)
Traceback (most recent call last):
  File "/opt/hostedtoolcache/Python/3.12.12/x64/lib/python3.12/site-packages/urllib3/connectionpool.py", line 534, in _make_request
    response = conn.getresponse()
               ^^^^^^^^^^^^^^^^^^
  File "/opt/hostedtoolcache/Python/3.12.12/x64/lib/python3.12/site-packages/urllib3/connection.py", line 565, in getresponse
    httplib_response = super().getresponse()
                       ^^^^^^^^^^^^^^^^^^^^^
  File "/opt/hostedtoolcache/Python/3.12.12/x64/lib/python3.12/http/client.py", line 1430, in getresponse
    response.begin()
  File "/opt/hostedtoolcache/Python/3.12.12/x64/lib/python3.12/http/client.py", line 331, in begin
    version, status, reason = self._read_status()
                              ^^^^^^^^^^^^^^^^^^^
  File "/opt/hostedtoolcache/Python/3.12.12/x64/lib/python3.12/http/client.py", line 292, in _read_status
    line = str(self.fp.readline(_MAXLINE + 1), "iso-8859-1")
               ^^^^^^^^^^^^^^^^^^^^^^^^^^^^^^
  File "/opt/hostedtoolcache/Python/3.12.12/x64/lib/python3.12/socket.py", line 720, in readinto
    return self._sock.recv_into(b)
           ^^^^^^^^^^^^^^^^^^^^^^^
TimeoutError: timed out

The above exception was the direct cause of the following exception:

Traceback (most recent call last):
  File "/opt/hostedtoolcache/Python/3.12.12/x64/lib/python3.12/site-packages/scrapy/utils/defer.py", line 343, in iter_errback
    yield next(it)
          ^^^^^^^^
  File "/opt/hostedtoolcache/Python/3.12.12/x64/lib/python3.12/site-packages/scrapy/utils/python.py", line 369, in __next__
    return next(self.data)
           ^^^^^^^^^^^^^^^
  File "/opt/hostedtoolcache/Python/3.12.12/x64/lib/python3.12/site-packages/scrapy/utils/python.py", line 369, in __next__
    return next(self.data)
           ^^^^^^^^^^^^^^^
  File "/opt/hostedtoolcache/Python/3.12.12/x64/lib/python3.12/site-packages/scrapy/core/spidermw.py", line 167, in process_sync
    yield from iterable
  File "/opt/hostedtoolcache/Python/3.12.12/x64/lib/python3.12/site-packages/scrapy/spidermiddlewares/base.py", line 58, in process_spider_output
    for o in result:
             ^^^^^^
  File "/opt/hostedtoolcache/Python/3.12.12/x64/lib/python3.12/site-packages/scrapy/core/spidermw.py", line 167, in process_sync
    yield from iterable
  File "/opt/hostedtoolcache/Python/3.12.12/x64/lib/python3.12/site-packages/scrapy/spidermiddlewares/base.py", line 58, in process_spider_output
    for o in result:
             ^^^^^^
  File "/opt/hostedtoolcache/Python/3.12.12/x64/lib/python3.12/site-packages/scrapy/core/spidermw.py", line 167, in process_sync
    yield from iterable
  File "/opt/hostedtoolcache/Python/3.12.12/x64/lib/python3.12/site-packages/scrapy/spidermiddlewares/base.py", line 58, in process_spider_output
    for o in result:
             ^^^^^^
  File "/opt/hostedtoolcache/Python/3.12.12/x64/lib/python3.12/site-packages/scrapy/core/spidermw.py", line 167, in process_sync
    yield from iterable
  File "/opt/hostedtoolcache/Python/3.12.12/x64/lib/python3.12/site-packages/scrapy/spidermiddlewares/depth.py", line 59, in process_spider_output
    yield from super().process_spider_output(response, result, spider)
  File "/opt/hostedtoolcache/Python/3.12.12/x64/lib/python3.12/site-packages/scrapy/spidermiddlewares/base.py", line 58, in process_spider_output
    for o in result:
             ^^^^^^
  File "/opt/hostedtoolcache/Python/3.12.12/x64/lib/python3.12/site-packages/scrapy/core/spidermw.py", line 167, in process_sync
    yield from iterable
  File "/home/runner/work/FreeNodes/FreeNodes/NodeScrapy/spiders/DecryptSpider.py", line 97, in parse_blog
    ok, msg = self._decrypt(response.url, method, pwd)
              ^^^^^^^^^^^^^^^^^^^^^^^^^^^^^^^^^^^^^^^^
  File "/home/runner/work/FreeNodes/FreeNodes/NodeScrapy/spiders/DecryptSpider.py", line 46, in _decrypt
    self.driver.get(url)
  File "/opt/hostedtoolcache/Python/3.12.12/x64/lib/python3.12/site-packages/selenium/webdriver/remote/webdriver.py", line 483, in get
    self.execute(Command.GET, {"url": url})
  File "/opt/hostedtoolcache/Python/3.12.12/x64/lib/python3.12/site-packages/selenium/webdriver/remote/webdriver.py", line 455, in execute
    response = cast(RemoteConnection, self.command_executor).execute(driver_command, params)
               ^^^^^^^^^^^^^^^^^^^^^^^^^^^^^^^^^^^^^^^^^^^^^^^^^^^^^^^^^^^^^^^^^^^^^^^^^^^^^
  File "/opt/hostedtoolcache/Python/3.12.12/x64/lib/python3.12/site-packages/selenium/webdriver/remote/remote_connection.py", line 407, in execute
    return self._request(command_info[0], url, body=data)
           ^^^^^^^^^^^^^^^^^^^^^^^^^^^^^^^^^^^^^^^^^^^^^^
  File "/opt/hostedtoolcache/Python/3.12.12/x64/lib/python3.12/site-packages/selenium/webdriver/remote/remote_connection.py", line 431, in _request
    response = self._conn.request(method, url, body=body, headers=headers, timeout=self._client_config.timeout)
               ^^^^^^^^^^^^^^^^^^^^^^^^^^^^^^^^^^^^^^^^^^^^^^^^^^^^^^^^^^^^^^^^^^^^^^^^^^^^^^^^^^^^^^^^^^^^^^^^
  File "/opt/hostedtoolcache/Python/3.12.12/x64/lib/python3.12/site-packages/urllib3/_request_methods.py", line 143, in request
    return self.request_encode_body(
           ^^^^^^^^^^^^^^^^^^^^^^^^^
  File "/opt/hostedtoolcache/Python/3.12.12/x64/lib/python3.12/site-packages/urllib3/_request_methods.py", line 278, in request_encode_body
    return self.urlopen(method, url, **extra_kw)
           ^^^^^^^^^^^^^^^^^^^^^^^^^^^^^^^^^^^^^
  File "/opt/hostedtoolcache/Python/3.12.12/x64/lib/python3.12/site-packages/urllib3/poolmanager.py", line 459, in urlopen
    response = conn.urlopen(method, u.request_uri, **kw)
               ^^^^^^^^^^^^^^^^^^^^^^^^^^^^^^^^^^^^^^^^^
  File "/opt/hostedtoolcache/Python/3.12.12/x64/lib/python3.12/site-packages/urllib3/connectionpool.py", line 841, in urlopen
    retries = retries.increment(
              ^^^^^^^^^^^^^^^^^^
  File "/opt/hostedtoolcache/Python/3.12.12/x64/lib/python3.12/site-packages/urllib3/util/retry.py", line 474, in increment
    raise reraise(type(error), error, _stacktrace)
          ^^^^^^^^^^^^^^^^^^^^^^^^^^^^^^^^^^^^^^^^
  File "/opt/hostedtoolcache/Python/3.12.12/x64/lib/python3.12/site-packages/urllib3/util/util.py", line 39, in reraise
    raise value
  File "/opt/hostedtoolcache/Python/3.12.12/x64/lib/python3.12/site-packages/urllib3/connectionpool.py", line 787, in urlopen
    response = self._make_request(
               ^^^^^^^^^^^^^^^^^^^
  File "/opt/hostedtoolcache/Python/3.12.12/x64/lib/python3.12/site-packages/urllib3/connectionpool.py", line 536, in _make_request
    self._raise_timeout(err=e, url=url, timeout_value=read_timeout)
  File "/opt/hostedtoolcache/Python/3.12.12/x64/lib/python3.12/site-packages/urllib3/connectionpool.py", line 367, in _raise_timeout
    raise ReadTimeoutError(
urllib3.exceptions.ReadTimeoutError: HTTPConnectionPool(host='localhost', port=50987): Read timed out. (read timeout=120)
2025-12-03 04:41:05 [scrapy.extensions.logstats] INFO: Crawled 7 pages (at 3 pages/min), scraped 0 items (at 0 items/min)
2025-12-03 04:41:06 [decrypt] INFO: Pipeline got item blues.txt
2025-12-03 04:41:06 [decrypt] INFO: Pipeline processed blues.txt
2025-12-03 04:41:06 [decrypt] INFO: Pipeline got item yudou66.txt
2025-12-03 04:41:06 [decrypt] INFO: Pipeline processed yudou66.txt
2025-12-03 04:41:07 [decrypt] INFO: Pipeline got item blues.yaml
2025-12-03 04:41:07 [decrypt] INFO: Pipeline processed blues.yaml
2025-12-03 04:41:07 [scrapy.extensions.logstats] INFO: Crawled 10 pages (at 3 pages/min), scraped 3 items (at 3 items/min)
2025-12-03 04:41:08 [decrypt] INFO: Pipeline got item yudou66.yaml
2025-12-03 04:41:08 [decrypt] INFO: Pipeline processed yudou66.yaml
2025-12-03 04:41:08 [scrapy.core.engine] INFO: Closing spider (finished)
2025-12-03 04:43:08 [urllib3.connectionpool] WARNING: Retrying (Retry(total=2, connect=None, read=None, redirect=None, status=None)) after connection broken by 'ReadTimeoutError("HTTPConnectionPool(host='localhost', port=50987): Read timed out. (read timeout=120)")': /session/bccc5eea036ff9455e10f3dd6560e200
2025-12-03 04:45:09 [urllib3.connectionpool] WARNING: Retrying (Retry(total=1, connect=None, read=None, redirect=None, status=None)) after connection broken by 'ReadTimeoutError("HTTPConnectionPool(host='localhost', port=50987): Read timed out. (read timeout=120)")': /session/bccc5eea036ff9455e10f3dd6560e200
2025-12-03 04:47:09 [urllib3.connectionpool] WARNING: Retrying (Retry(total=0, connect=None, read=None, redirect=None, status=None)) after connection broken by 'ReadTimeoutError("HTTPConnectionPool(host='localhost', port=50987): Read timed out. (read timeout=120)")': /session/bccc5eea036ff9455e10f3dd6560e200
2025-12-03 04:47:10 [scrapy.statscollectors] INFO: Dumping Scrapy stats:
{'downloader/exception_count': 2,
 'downloader/exception_type_count/twisted.internet.error.TimeoutError': 2,
 'downloader/request_bytes': 7179,
 'downloader/request_count': 19,
 'downloader/request_method_count/GET': 19,
 'downloader/response_bytes': 1137730,
 'downloader/response_count': 17,
 'downloader/response_status_count/200': 11,
 'downloader/response_status_count/302': 6,
 'elapsed_time_seconds': 723.003009,
 'finish_reason': 'finished',
 'finish_time': datetime.datetime(2025, 12, 3, 4, 47, 10, 366615, tzinfo=datetime.timezone.utc),
 'httpcompression/response_bytes': 1614430,
 'httpcompression/response_count': 9,
 'item_scraped_count': 4,
 'items_per_minute': 0.33195020746887965,
 'log_count/ERROR': 2,
 'log_count/INFO': 50,
 'log_count/WARNING': 108,
 'memusage/max': 203005952,
 'memusage/startup': 182104064,
 'request_depth_max': 2,
 'response_received_count': 11,
 'responses_per_minute': 0.9128630705394191,
 'retry/count': 2,
 'retry/reason_count/twisted.internet.error.TimeoutError': 2,
 'scheduler/dequeued': 19,
 'scheduler/dequeued/memory': 19,
 'scheduler/enqueued': 19,
 'scheduler/enqueued/memory': 19,
 'spider_exceptions/ReadTimeoutError': 2,
 'spider_exceptions/count': 2,
 'start_time': datetime.datetime(2025, 12, 3, 4, 35, 7, 363606, tzinfo=datetime.timezone.utc)}
2025-12-03 04:47:10 [scrapy.core.engine] INFO: Spider closed (finished)
