2025-12-06 04:29:34 [scrapy.middleware] INFO: Enabled downloader middlewares:
['scrapy.downloadermiddlewares.offsite.OffsiteMiddleware',
 'scrapy.downloadermiddlewares.httpauth.HttpAuthMiddleware',
 'scrapy.downloadermiddlewares.downloadtimeout.DownloadTimeoutMiddleware',
 'scrapy.downloadermiddlewares.defaultheaders.DefaultHeadersMiddleware',
 'NodeScrapy.middlewares.RandomUserAgentMiddleware',
 'scrapy.downloadermiddlewares.useragent.UserAgentMiddleware',
 'scrapy.downloadermiddlewares.retry.RetryMiddleware',
 'scrapy.downloadermiddlewares.redirect.MetaRefreshMiddleware',
 'scrapy.downloadermiddlewares.httpcompression.HttpCompressionMiddleware',
 'scrapy.downloadermiddlewares.redirect.RedirectMiddleware',
 'scrapy.downloadermiddlewares.cookies.CookiesMiddleware',
 'scrapy.downloadermiddlewares.httpproxy.HttpProxyMiddleware',
 'scrapy.downloadermiddlewares.stats.DownloaderStats']
2025-12-06 04:29:34 [scrapy.middleware] INFO: Enabled spider middlewares:
['scrapy.spidermiddlewares.start.StartSpiderMiddleware',
 'scrapy.spidermiddlewares.httperror.HttpErrorMiddleware',
 'scrapy.spidermiddlewares.referer.RefererMiddleware',
 'scrapy.spidermiddlewares.urllength.UrlLengthMiddleware',
 'scrapy.spidermiddlewares.depth.DepthMiddleware']
2025-12-06 04:29:34 [scrapy.middleware] INFO: Enabled item pipelines:
['NodeScrapy.pipelines.Pipeline']
2025-12-06 04:29:34 [scrapy.core.engine] INFO: Spider opened
2025-12-06 04:29:34 [py.warnings] WARNING: /opt/hostedtoolcache/Python/3.12.12/x64/lib/python3.12/site-packages/scrapy/core/spidermw.py:433: ScrapyDeprecationWarning: NodeScrapy.spiders.SimpleSpider.SimpleSpider defines the deprecated start_requests() method. start_requests() has been deprecated in favor of a new method, start(), to support asynchronous code execution. start_requests() will stop being called in a future version of Scrapy. If you use Scrapy 2.13 or higher only, replace start_requests() with start(); note that start() is a coroutine (async def). If you need to maintain compatibility with lower Scrapy versions, when overriding start_requests() in a spider class, override start() as well; you can use super() to reuse the inherited start() implementation without copy-pasting. See the release notes of Scrapy 2.13 for details: https://docs.scrapy.org/en/2.13/news.html
  warn(

2025-12-06 04:29:34 [scrapy.extensions.logstats] INFO: Crawled 0 pages (at 0 pages/min), scraped 0 items (at 0 items/min)
2025-12-06 04:29:34 [scrapy.extensions.telnet] INFO: Telnet console listening on 127.0.0.1:6023
2025-12-06 04:29:34 [simple] INFO: clashmeta start
2025-12-06 04:29:34 [simple] INFO: ndnode start
2025-12-06 04:29:34 [simple] INFO: nodev2ray start
2025-12-06 04:29:34 [simple] INFO: nodefree start
2025-12-06 04:29:34 [simple] INFO: v2rayshare start
2025-12-06 04:29:34 [simple] INFO: wenode start
2025-12-06 04:29:34 [simple] INFO: clashmeta found /free-nodes/2025-12-3-clash-meta-github.htm on 2025-03-01
2025-12-06 04:29:34 [simple] INFO: clashmeta found /free-nodes/2025-12-2-clash-meta-node-github.htm on 2025-03-01
2025-12-06 04:29:34 [simple] INFO: clashmeta found /free-nodes/2025-12-1-latest-clash-meta-node.htm on 2025-03-01
2025-12-06 04:29:34 [simple] INFO: clashmeta found /free-nodes/2025-11-30-free-clash-meta-node.htm on 2025-11-30
2025-12-06 04:29:34 [simple] INFO: clashmeta found /free-nodes/2025-11-30-free-clash-meta-node.htm on 2025-11-30
2025-12-06 04:29:34 [simple] INFO: clashmeta found /free-nodes/2025-11-29-node-share-links.htm on 2025-11-29
2025-12-06 04:29:34 [simple] INFO: clashmeta found /free-nodes/2025-11-29-node-share-links.htm on 2025-11-29
2025-12-06 04:29:34 [simple] INFO: clashmeta found /free-nodes/2025-11-28-clash-meta-windows.htm on 2025-11-28
2025-12-06 04:29:34 [simple] INFO: clashmeta found /free-nodes/2025-11-28-clash-meta-windows.htm on 2025-11-28
2025-12-06 04:29:34 [simple] INFO: clashmeta found /free-nodes/2025-11-26-free-node-subscribe-links.htm on 2025-11-26
2025-12-06 04:29:34 [simple] INFO: clashmeta found /free-nodes/2025-11-26-free-node-subscribe-links.htm on 2025-11-26
2025-12-06 04:29:34 [simple] INFO: clashmeta found /free-nodes/2025-11-23-latest-clash-meta-node.htm on 2025-11-23
2025-12-06 04:29:34 [simple] INFO: clashmeta found /free-nodes/2025-11-23-latest-clash-meta-node.htm on 2025-11-23
2025-12-06 04:29:34 [simple] INFO: clashmeta found /free-nodes/2025-11-22-free-node-subscribe.htm on 2025-11-22
2025-12-06 04:29:34 [simple] INFO: clashmeta found /free-nodes/2025-11-22-free-node-subscribe.htm on 2025-11-22
2025-12-06 04:29:34 [simple] INFO: clashmeta found /free-nodes/2025-11-21-free-high-speed-nodes.htm on 2025-11-21
2025-12-06 04:29:34 [simple] INFO: clashmeta found /free-nodes/2025-11-21-free-high-speed-nodes.htm on 2025-11-21
2025-12-06 04:29:34 [simple] INFO: clashmeta is up to date, exiting
2025-12-06 04:29:34 [simple] INFO: clashmeta needs update, accessing https://clash-meta.github.io/free-nodes/2025-12-3-clash-meta-github.htm
2025-12-06 04:29:34 [simple] INFO: clashmeta is up to date, exiting
2025-12-06 04:29:34 [simple] INFO: v2rayshare found https://v2rayshare.net/p/4128.html on 2025-11-30
2025-12-06 04:29:34 [simple] INFO: v2rayshare found https://v2rayshare.net/p/4129.html on 2025-11-29
2025-12-06 04:29:34 [simple] INFO: v2rayshare found https://v2rayshare.net/p/4130.html on 2025-11-28
2025-12-06 04:29:34 [simple] INFO: v2rayshare found https://v2rayshare.net/p/4131.html on 2025-11-27
2025-12-06 04:29:34 [simple] INFO: v2rayshare needs update, accessing https://v2rayshare.net/p/4122.html
2025-12-06 04:29:34 [simple] INFO: v2rayshare needs update, accessing https://v2rayshare.net/p/4123.html
2025-12-06 04:29:34 [simple] INFO: v2rayshare needs update, accessing https://v2rayshare.net/p/4124.html
2025-12-06 04:29:34 [simple] INFO: nodev2ray found /free-node/2025-11-30-free-node-subscribe-links.htm on 2025-11-30
2025-12-06 04:29:34 [simple] INFO: nodev2ray found /free-node/2025-11-29-free-ssr-node.htm on 2025-11-29
2025-12-06 04:29:34 [simple] INFO: nodev2ray found /free-node/2025-11-28-v2ray-windows.htm on 2025-11-28
2025-12-06 04:29:34 [simple] INFO: nodev2ray found /free-node/2025-11-27-shadowrocket-node.htm on 2025-11-27
2025-12-06 04:29:34 [simple] INFO: nodev2ray needs update, accessing https://nodev2ray.com/free-node/2025-12-6-v2ray-node-daily-updates.htm
2025-12-06 04:29:34 [simple] INFO: nodev2ray needs update, accessing https://nodev2ray.com/free-node/2025-12-5-clash-v2ray-ss-ssr.htm
2025-12-06 04:29:34 [simple] INFO: nodev2ray needs update, accessing https://nodev2ray.com/free-node/2025-12-4-free-node-subscribe.htm
2025-12-06 04:29:34 [simple] INFO: v2rayshare found https://v2rayshare.githubrowcontent.com/2025/12/20251206.txt
2025-12-06 04:29:34 [simple] INFO: v2rayshare found https://v2rayshare.githubrowcontent.com/2025/12/20251206.yaml
2025-12-06 04:29:34 [simple] INFO: v2rayshare found https://v2rayshare.githubrowcontent.com/2025/12/20251206.yaml
2025-12-06 04:29:34 [simple] INFO: wenode found https://oneclash.cc/a/2324.html on 2025-11-30
2025-12-06 04:29:34 [simple] INFO: wenode found https://oneclash.cc/a/2325.html on 2025-11-29
2025-12-06 04:29:34 [simple] INFO: wenode found https://oneclash.cc/a/2326.html on 2025-11-28
2025-12-06 04:29:34 [simple] INFO: wenode found https://oneclash.cc/a/2327.html on 2025-11-27
2025-12-06 04:29:34 [simple] INFO: wenode needs update, accessing https://oneclash.cc/a/2318.html
2025-12-06 04:29:34 [simple] INFO: wenode needs update, accessing https://oneclash.cc/a/2319.html
2025-12-06 04:29:34 [simple] INFO: wenode needs update, accessing https://oneclash.cc/a/2320.html
2025-12-06 04:29:34 [simple] INFO: ndnode found https://www.naidounode.com/n/3411.html on 2025-11-30
2025-12-06 04:29:34 [simple] INFO: ndnode found https://www.naidounode.com/n/3409.html on 2025-11-29
2025-12-06 04:29:34 [simple] INFO: ndnode found https://www.naidounode.com/n/3407.html on 2025-11-28
2025-12-06 04:29:34 [simple] INFO: ndnode found https://www.naidounode.com/n/3405.html on 2025-11-27
2025-12-06 04:29:34 [simple] INFO: ndnode needs update, accessing https://www.naidounode.com/n/3423.html
2025-12-06 04:29:34 [simple] INFO: ndnode needs update, accessing https://www.naidounode.com/n/3421.html
2025-12-06 04:29:34 [simple] INFO: ndnode needs update, accessing https://www.naidounode.com/n/3419.html
2025-12-06 04:29:34 [simple] INFO: v2rayshare found https://v2rayshare.githubrowcontent.com/2025/12/20251204.txt
2025-12-06 04:29:34 [simple] INFO: v2rayshare found https://v2rayshare.githubrowcontent.com/2025/12/20251204.yaml
2025-12-06 04:29:34 [simple] INFO: v2rayshare found https://v2rayshare.githubrowcontent.com/2025/12/20251204.yaml
2025-12-06 04:29:34 [simple] INFO: v2rayshare found https://v2rayshare.githubrowcontent.com/2025/12/20251205.txt
2025-12-06 04:29:34 [simple] INFO: v2rayshare found https://v2rayshare.githubrowcontent.com/2025/12/20251205.yaml
2025-12-06 04:29:34 [simple] INFO: v2rayshare found https://v2rayshare.githubrowcontent.com/2025/12/20251205.yaml
2025-12-06 04:29:34 [simple] INFO: nodefree found https://nodefree.me/p/2714.html on 2025-11-30
2025-12-06 04:29:34 [simple] INFO: nodefree found https://nodefree.me/p/2715.html on 2025-11-29
2025-12-06 04:29:34 [simple] INFO: nodefree found https://nodefree.me/p/2716.html on 2025-11-28
2025-12-06 04:29:34 [simple] INFO: nodefree found https://nodefree.me/p/2717.html on 2025-11-27
2025-12-06 04:29:34 [simple] INFO: nodefree found https://nodefree.me/p/2718.html on 2025-11-26
2025-12-06 04:29:34 [simple] INFO: nodefree needs update, accessing https://nodefree.me/p/2709.html
2025-12-06 04:29:34 [simple] INFO: nodefree needs update, accessing https://nodefree.me/p/2710.html
2025-12-06 04:29:34 [simple] INFO: nodefree needs update, accessing https://nodefree.me/p/2711.html
2025-12-06 04:29:34 [simple] WARNING: wenode could not parse https://oneclash.githubrowcontent.com/2025/1..."/, skipping
2025-12-06 04:29:34 [simple] INFO: wenode found https://oneclash.githubrowcontent.com/2025/12/20251206.txt
2025-12-06 04:29:34 [simple] INFO: wenode found https://oneclash.githubrowcontent.com/2025/12/20251206.yaml
2025-12-06 04:29:34 [simple] INFO: wenode found https://oneclash.githubrowcontent.com/2025/12/m20251206.yaml
2025-12-06 04:29:34 [simple] INFO: ndnode found http://naidounode.cczzuu.top/node/20251206-v2ray.txt
2025-12-06 04:29:34 [simple] INFO: ndnode found http://naidounode.cczzuu.top/node/20251206-clash.yaml
2025-12-06 04:29:35 [simple] WARNING: wenode could not parse https://oneclash.githubrowcontent.com/2025/1..."/, skipping
2025-12-06 04:29:35 [simple] INFO: wenode found https://oneclash.githubrowcontent.com/2025/12/20251204.txt
2025-12-06 04:29:35 [simple] INFO: wenode found https://oneclash.githubrowcontent.com/2025/12/20251204.yaml
2025-12-06 04:29:35 [simple] INFO: wenode found https://oneclash.githubrowcontent.com/2025/12/m20251204.yaml
2025-12-06 04:29:35 [simple] WARNING: wenode could not parse https://oneclash.githubrowcontent.com/2025/1..."/, skipping
2025-12-06 04:29:35 [simple] INFO: wenode found https://oneclash.githubrowcontent.com/2025/12/20251205.txt
2025-12-06 04:29:35 [simple] INFO: wenode found https://oneclash.githubrowcontent.com/2025/12/20251205.yaml
2025-12-06 04:29:35 [simple] INFO: wenode found https://oneclash.githubrowcontent.com/2025/12/m20251205.yaml
2025-12-06 04:29:35 [simple] INFO: nodefree found https://nodefree.githubrowcontent.com/2025/12/20251205.txt
2025-12-06 04:29:35 [simple] INFO: nodefree found https://nodefree.githubrowcontent.com/2025/12/20251205.yaml
2025-12-06 04:29:35 [simple] INFO: nodefree found https://nodefree.githubrowcontent.com/2025/12/m20251205.yaml
2025-12-06 04:29:35 [simple] INFO: ndnode found http://naidounode.cczzuu.top/node/20251204-v2ray.txt
2025-12-06 04:29:35 [simple] INFO: ndnode found http://naidounode.cczzuu.top/node/20251204-clash.yaml
2025-12-06 04:29:35 [simple] INFO: nodefree found https://nodefree.githubrowcontent.com/2025/12/20251203.txt
2025-12-06 04:29:35 [simple] INFO: nodefree found https://nodefree.githubrowcontent.com/2025/12/20251203.yaml
2025-12-06 04:29:35 [simple] INFO: nodefree found https://nodefree.githubrowcontent.com/2025/12/m20251203.yaml
2025-12-06 04:29:35 [simple] INFO: nodefree found https://nodefree.githubrowcontent.com/2025/12/20251204.txt
2025-12-06 04:29:35 [simple] INFO: nodefree found https://nodefree.githubrowcontent.com/2025/12/20251204.yaml
2025-12-06 04:29:35 [simple] INFO: nodefree found https://nodefree.githubrowcontent.com/2025/12/m20251204.yaml
2025-12-06 04:29:35 [simple] INFO: ndnode found http://naidounode.cczzuu.top/node/20251205-v2ray.txt
2025-12-06 04:29:35 [simple] INFO: ndnode found http://naidounode.cczzuu.top/node/20251205-clash.yaml
2025-12-06 04:29:35 [simple] INFO: nodev2ray found https://node.nodev2ray.com/uploads/2025/12/0-20251204.txt
2025-12-06 04:29:35 [simple] INFO: nodev2ray found https://node.nodev2ray.com/uploads/2025/12/1-20251204.txt
2025-12-06 04:29:35 [simple] INFO: nodev2ray found https://node.nodev2ray.com/uploads/2025/12/2-20251204.txt
2025-12-06 04:29:35 [simple] INFO: nodev2ray found https://node.nodev2ray.com/uploads/2025/12/0-20251204.yaml
2025-12-06 04:29:35 [simple] INFO: nodev2ray found https://node.nodev2ray.com/uploads/2025/12/1-20251204.yaml
2025-12-06 04:29:35 [simple] INFO: nodev2ray found https://node.nodev2ray.com/uploads/2025/12/2-20251204.yaml
2025-12-06 04:29:35 [simple] INFO: nodev2ray found https://node.nodev2ray.com/uploads/2025/12/3-20251204.yaml
2025-12-06 04:29:35 [simple] INFO: nodev2ray found https://node.nodev2ray.com/uploads/2025/12/4-20251204.yaml
2025-12-06 04:29:35 [simple] WARNING: nodev2ray could not parse https://node.nodev2ray.com/uploads/2025/12/20251204.json, skipping
2025-12-06 04:29:35 [simple] INFO: nodev2ray found https://node.nodev2ray.com/uploads/2025/12/0-20251206.txt
2025-12-06 04:29:35 [simple] INFO: nodev2ray found https://node.nodev2ray.com/uploads/2025/12/2-20251206.txt
2025-12-06 04:29:35 [simple] INFO: nodev2ray found https://node.nodev2ray.com/uploads/2025/12/3-20251206.txt
2025-12-06 04:29:35 [simple] INFO: nodev2ray found https://node.nodev2ray.com/uploads/2025/12/4-20251206.txt
2025-12-06 04:29:35 [simple] INFO: nodev2ray found https://node.nodev2ray.com/uploads/2025/12/1-20251206.yaml
2025-12-06 04:29:35 [simple] INFO: nodev2ray found https://node.nodev2ray.com/uploads/2025/12/3-20251206.yaml
2025-12-06 04:29:35 [simple] INFO: nodev2ray found https://node.nodev2ray.com/uploads/2025/12/4-20251206.yaml
2025-12-06 04:29:35 [simple] WARNING: nodev2ray could not parse https://node.nodev2ray.com/uploads/2025/12/20251206.json, skipping
2025-12-06 04:29:35 [simple] INFO: nodev2ray found https://node.nodev2ray.com/uploads/2025/12/0-20251205.txt
2025-12-06 04:29:35 [simple] INFO: nodev2ray found https://node.nodev2ray.com/uploads/2025/12/1-20251205.txt
2025-12-06 04:29:35 [simple] INFO: nodev2ray found https://node.nodev2ray.com/uploads/2025/12/2-20251205.txt
2025-12-06 04:29:35 [simple] INFO: nodev2ray found https://node.nodev2ray.com/uploads/2025/12/3-20251205.txt
2025-12-06 04:29:35 [simple] INFO: nodev2ray found https://node.nodev2ray.com/uploads/2025/12/4-20251205.txt
2025-12-06 04:29:35 [simple] INFO: nodev2ray found https://node.nodev2ray.com/uploads/2025/12/0-20251205.yaml
2025-12-06 04:29:35 [simple] INFO: nodev2ray found https://node.nodev2ray.com/uploads/2025/12/4-20251205.yaml
2025-12-06 04:29:35 [simple] WARNING: nodev2ray could not parse https://node.nodev2ray.com/uploads/2025/12/20251205.json, skipping
2025-12-06 04:29:35 [simple] INFO: Pipeline got item v2rayshare.txt
2025-12-06 04:29:35 [simple] INFO: Pipeline processed v2rayshare.txt
2025-12-06 04:29:35 [simple] INFO: Pipeline got item v2rayshare.yaml
2025-12-06 04:29:35 [simple] INFO: Pipeline processed v2rayshare.yaml
2025-12-06 04:29:35 [simple] INFO: Pipeline got item v2rayshare.txt
2025-12-06 04:29:35 [simple] INFO: Pipeline processed v2rayshare.txt
2025-12-06 04:29:35 [simple] INFO: Pipeline got item v2rayshare.txt
2025-12-06 04:29:35 [simple] INFO: Pipeline processed v2rayshare.txt
2025-12-06 04:29:35 [simple] INFO: Pipeline got item v2rayshare.yaml
2025-12-06 04:29:35 [simple] INFO: Pipeline processed v2rayshare.yaml
2025-12-06 04:29:35 [simple] INFO: Pipeline got item wenode.yaml
2025-12-06 04:29:35 [simple] INFO: Pipeline processed wenode.yaml
2025-12-06 04:29:35 [simple] INFO: Pipeline got item wenode.yaml
2025-12-06 04:29:35 [simple] INFO: Pipeline processed wenode.yaml
2025-12-06 04:29:35 [simple] INFO: Pipeline got item v2rayshare.yaml
2025-12-06 04:29:35 [simple] INFO: Pipeline processed v2rayshare.yaml
2025-12-06 04:29:35 [simple] INFO: Pipeline got item wenode.txt
2025-12-06 04:29:35 [simple] INFO: Pipeline processed wenode.txt
2025-12-06 04:29:35 [simple] INFO: Pipeline got item wenode.yaml
2025-12-06 04:29:35 [simple] INFO: Pipeline processed wenode.yaml
2025-12-06 04:29:35 [simple] INFO: Pipeline got item wenode.yaml
2025-12-06 04:29:35 [simple] INFO: Pipeline processed wenode.yaml
2025-12-06 04:29:35 [simple] INFO: Pipeline got item wenode.txt
2025-12-06 04:29:35 [simple] INFO: Pipeline processed wenode.txt
2025-12-06 04:29:35 [simple] INFO: Pipeline got item wenode.txt
2025-12-06 04:29:35 [simple] INFO: Pipeline processed wenode.txt
2025-12-06 04:29:35 [simple] INFO: Pipeline got item wenode.yaml
2025-12-06 04:29:35 [simple] INFO: Pipeline processed wenode.yaml
2025-12-06 04:29:35 [simple] INFO: Pipeline got item ndnode.txt
2025-12-06 04:29:35 [simple] INFO: Pipeline processed ndnode.txt
2025-12-06 04:29:35 [simple] INFO: Pipeline got item nodefree.yaml
2025-12-06 04:29:35 [simple] INFO: Pipeline processed nodefree.yaml
2025-12-06 04:29:35 [simple] INFO: Pipeline got item wenode.yaml
2025-12-06 04:29:35 [simple] INFO: Pipeline processed wenode.yaml
2025-12-06 04:29:35 [simple] INFO: Pipeline got item ndnode.txt
2025-12-06 04:29:35 [simple] INFO: Pipeline processed ndnode.txt
2025-12-06 04:29:35 [simple] INFO: Pipeline got item nodefree.txt
2025-12-06 04:29:35 [simple] INFO: Pipeline processed nodefree.txt
2025-12-06 04:29:35 [simple] INFO: Pipeline got item nodefree.yaml
2025-12-06 04:29:35 [simple] INFO: Pipeline processed nodefree.yaml
2025-12-06 04:29:35 [simple] INFO: Pipeline got item nodefree.yaml
2025-12-06 04:29:35 [simple] INFO: Pipeline processed nodefree.yaml
2025-12-06 04:29:35 [simple] INFO: Pipeline got item nodefree.txt
2025-12-06 04:29:35 [simple] INFO: Pipeline processed nodefree.txt
2025-12-06 04:29:36 [simple] INFO: Pipeline got item nodefree.yaml
2025-12-06 04:29:36 [simple] INFO: Pipeline processed nodefree.yaml
2025-12-06 04:29:36 [simple] INFO: Pipeline got item ndnode.txt
2025-12-06 04:29:36 [simple] INFO: Pipeline processed ndnode.txt
2025-12-06 04:29:36 [simple] INFO: Pipeline got item nodefree.yaml
2025-12-06 04:29:36 [simple] INFO: Pipeline processed nodefree.yaml
2025-12-06 04:29:36 [simple] INFO: Pipeline got item nodefree.txt
2025-12-06 04:29:36 [simple] INFO: Pipeline processed nodefree.txt
2025-12-06 04:29:36 [simple] INFO: Pipeline got item ndnode.yaml
2025-12-06 04:29:36 [simple] INFO: Pipeline processed ndnode.yaml
2025-12-06 04:29:36 [simple] INFO: Pipeline got item ndnode.yaml
2025-12-06 04:29:36 [simple] INFO: Pipeline processed ndnode.yaml
2025-12-06 04:29:36 [simple] INFO: Pipeline got item nodefree.yaml
2025-12-06 04:29:36 [simple] INFO: Pipeline processed nodefree.yaml
2025-12-06 04:29:36 [simple] INFO: Pipeline got item nodev2ray.txt
2025-12-06 04:29:36 [simple] INFO: Pipeline processed nodev2ray.txt
2025-12-06 04:29:36 [simple] INFO: Pipeline got item nodev2ray.txt
2025-12-06 04:29:36 [simple] INFO: Pipeline processed nodev2ray.txt
2025-12-06 04:29:36 [simple] INFO: Pipeline got item nodev2ray.yaml
2025-12-06 04:29:36 [simple] INFO: Pipeline processed nodev2ray.yaml
2025-12-06 04:29:36 [simple] INFO: Pipeline got item nodev2ray.yaml
2025-12-06 04:29:36 [simple] INFO: Pipeline processed nodev2ray.yaml
2025-12-06 04:29:36 [simple] INFO: Pipeline got item nodev2ray.txt
2025-12-06 04:29:36 [simple] INFO: Pipeline processed nodev2ray.txt
2025-12-06 04:29:36 [simple] INFO: Pipeline got item ndnode.yaml
2025-12-06 04:29:37 [simple] INFO: Pipeline processed ndnode.yaml
2025-12-06 04:29:37 [simple] INFO: Pipeline got item nodev2ray.yaml
2025-12-06 04:29:37 [simple] INFO: Pipeline processed nodev2ray.yaml
2025-12-06 04:29:37 [simple] INFO: Pipeline got item nodev2ray.txt
2025-12-06 04:29:37 [simple] INFO: Pipeline processed nodev2ray.txt
2025-12-06 04:29:37 [simple] INFO: Pipeline got item nodev2ray.txt
2025-12-06 04:29:37 [simple] INFO: Pipeline processed nodev2ray.txt
2025-12-06 04:29:37 [simple] INFO: Pipeline got item nodev2ray.txt
2025-12-06 04:29:37 [simple] INFO: Pipeline processed nodev2ray.txt
2025-12-06 04:29:37 [simple] INFO: Pipeline got item nodev2ray.txt
2025-12-06 04:29:37 [simple] INFO: Pipeline processed nodev2ray.txt
2025-12-06 04:29:37 [simple] INFO: Pipeline got item nodev2ray.yaml
2025-12-06 04:29:37 [simple] INFO: Pipeline processed nodev2ray.yaml
2025-12-06 04:29:37 [simple] INFO: Pipeline got item nodev2ray.yaml
2025-12-06 04:29:38 [simple] INFO: Pipeline processed nodev2ray.yaml
2025-12-06 04:29:38 [simple] INFO: Pipeline got item nodev2ray.txt
2025-12-06 04:29:38 [simple] INFO: Pipeline processed nodev2ray.txt
2025-12-06 04:29:38 [simple] INFO: Pipeline got item nodev2ray.yaml
2025-12-06 04:29:40 [simple] INFO: Pipeline processed nodev2ray.yaml
2025-12-06 04:29:40 [simple] INFO: Pipeline got item nodev2ray.yaml
2025-12-06 04:29:41 [simple] INFO: Pipeline processed nodev2ray.yaml
2025-12-06 04:29:41 [simple] INFO: Pipeline got item nodev2ray.txt
2025-12-06 04:29:41 [simple] INFO: Pipeline processed nodev2ray.txt
2025-12-06 04:29:41 [simple] INFO: Pipeline got item nodev2ray.txt
2025-12-06 04:29:41 [simple] INFO: Pipeline processed nodev2ray.txt
2025-12-06 04:29:41 [simple] INFO: Pipeline got item nodev2ray.txt
2025-12-06 04:29:41 [simple] INFO: Pipeline processed nodev2ray.txt
2025-12-06 04:29:41 [simple] INFO: Pipeline got item nodev2ray.yaml
2025-12-06 04:29:41 [simple] INFO: Pipeline processed nodev2ray.yaml
2025-12-06 04:29:41 [simple] INFO: Pipeline got item nodev2ray.txt
2025-12-06 04:29:41 [simple] INFO: Pipeline processed nodev2ray.txt
2025-12-06 04:29:41 [simple] INFO: Pipeline got item nodev2ray.yaml
2025-12-06 04:29:42 [simple] INFO: Pipeline processed nodev2ray.yaml
2025-12-06 04:29:42 [simple] INFO: Pipeline got item nodev2ray.yaml
2025-12-06 04:29:46 [simple] INFO: Pipeline processed nodev2ray.yaml
2025-12-06 04:29:46 [scrapy.core.engine] INFO: Closing spider (finished)
2025-12-06 04:29:46 [scrapy.statscollectors] INFO: Dumping Scrapy stats:
{'downloader/request_bytes': 31908,
 'downloader/request_count': 77,
 'downloader/request_method_count/GET': 77,
 'downloader/response_bytes': 6049186,
 'downloader/response_count': 77,
 'downloader/response_status_count/200': 74,
 'downloader/response_status_count/301': 3,
 'dupefilter/filtered': 3,
 'elapsed_time_seconds': 12.278236,
 'finish_reason': 'finished',
 'finish_time': datetime.datetime(2025, 12, 6, 4, 29, 46, 402743, tzinfo=datetime.timezone.utc),
 'httpcompression/response_bytes': 1700823,
 'httpcompression/response_count': 46,
 'item_scraped_count': 52,
 'items_per_minute': 260.0,
 'log_count/INFO': 231,
 'log_count/WARNING': 8,
 'memusage/max': 182194176,
 'memusage/startup': 182194176,
 'request_depth_max': 2,
 'response_received_count': 74,
 'responses_per_minute': 370.0,
 'scheduler/dequeued': 77,
 'scheduler/dequeued/memory': 77,
 'scheduler/enqueued': 77,
 'scheduler/enqueued/memory': 77,
 'start_time': datetime.datetime(2025, 12, 6, 4, 29, 34, 124507, tzinfo=datetime.timezone.utc)}
2025-12-06 04:29:46 [scrapy.core.engine] INFO: Spider closed (finished)
2025-12-06 04:29:54 [scrapy.addons] INFO: Enabled addons:
[]
2025-12-06 04:29:54 [py.warnings] WARNING: /opt/hostedtoolcache/Python/3.12.12/x64/lib/python3.12/site-packages/scrapy/utils/request.py:120: ScrapyDeprecationWarning: 'REQUEST_FINGERPRINTER_IMPLEMENTATION' is a deprecated setting.
It will be removed in a future version of Scrapy.
  return cls(crawler)

2025-12-06 04:29:54 [scrapy.extensions.telnet] INFO: Telnet Password: 3b3bbfe8c29940b4
2025-12-06 04:29:54 [scrapy.middleware] INFO: Enabled extensions:
['scrapy.extensions.corestats.CoreStats',
 'scrapy.extensions.telnet.TelnetConsole',
 'scrapy.extensions.memusage.MemoryUsage',
 'scrapy.extensions.logstats.LogStats']
2025-12-06 04:29:54 [scrapy.crawler] INFO: Overridden settings:
{'BOT_NAME': 'NodeScrapy',
 'FEED_EXPORT_ENCODING': 'utf-8',
 'LOG_FILE': 'scrapy.log',
 'LOG_LEVEL': 'INFO',
 'NEWSPIDER_MODULE': 'NodeScrapy.spiders',
 'REQUEST_FINGERPRINTER_IMPLEMENTATION': '2.7',
 'SPIDER_MODULES': ['NodeScrapy.spiders']}
2025-12-06 04:29:54 [scrapy.middleware] INFO: Enabled downloader middlewares:
['scrapy.downloadermiddlewares.offsite.OffsiteMiddleware',
 'scrapy.downloadermiddlewares.httpauth.HttpAuthMiddleware',
 'scrapy.downloadermiddlewares.downloadtimeout.DownloadTimeoutMiddleware',
 'scrapy.downloadermiddlewares.defaultheaders.DefaultHeadersMiddleware',
 'NodeScrapy.middlewares.RandomUserAgentMiddleware',
 'scrapy.downloadermiddlewares.useragent.UserAgentMiddleware',
 'scrapy.downloadermiddlewares.retry.RetryMiddleware',
 'scrapy.downloadermiddlewares.redirect.MetaRefreshMiddleware',
 'scrapy.downloadermiddlewares.httpcompression.HttpCompressionMiddleware',
 'scrapy.downloadermiddlewares.redirect.RedirectMiddleware',
 'scrapy.downloadermiddlewares.cookies.CookiesMiddleware',
 'scrapy.downloadermiddlewares.httpproxy.HttpProxyMiddleware',
 'scrapy.downloadermiddlewares.stats.DownloaderStats']
2025-12-06 04:29:54 [scrapy.middleware] INFO: Enabled spider middlewares:
['scrapy.spidermiddlewares.start.StartSpiderMiddleware',
 'scrapy.spidermiddlewares.httperror.HttpErrorMiddleware',
 'scrapy.spidermiddlewares.referer.RefererMiddleware',
 'scrapy.spidermiddlewares.urllength.UrlLengthMiddleware',
 'scrapy.spidermiddlewares.depth.DepthMiddleware']
2025-12-06 04:29:54 [scrapy.middleware] INFO: Enabled item pipelines:
['NodeScrapy.pipelines.Pipeline']
2025-12-06 04:29:54 [scrapy.core.engine] INFO: Spider opened
2025-12-06 04:29:54 [py.warnings] WARNING: /opt/hostedtoolcache/Python/3.12.12/x64/lib/python3.12/site-packages/scrapy/core/spidermw.py:433: ScrapyDeprecationWarning: NodeScrapy.spiders.SimpleSpider.SimpleSpider (inherited by NodeScrapy.spiders.DecryptSpider.DecryptSpider) defines the deprecated start_requests() method. start_requests() has been deprecated in favor of a new method, start(), to support asynchronous code execution. start_requests() will stop being called in a future version of Scrapy. If you use Scrapy 2.13 or higher only, replace start_requests() with start(); note that start() is a coroutine (async def). If you need to maintain compatibility with lower Scrapy versions, when overriding start_requests() in a spider class, override start() as well; you can use super() to reuse the inherited start() implementation without copy-pasting. See the release notes of Scrapy 2.13 for details: https://docs.scrapy.org/en/2.13/news.html
  warn(

2025-12-06 04:29:54 [scrapy.extensions.logstats] INFO: Crawled 0 pages (at 0 pages/min), scraped 0 items (at 0 items/min)
2025-12-06 04:29:54 [scrapy.extensions.telnet] INFO: Telnet console listening on 127.0.0.1:6023
2025-12-06 04:29:54 [decrypt] INFO: yudou66 start
2025-12-06 04:29:54 [decrypt] INFO: blues start
2025-12-06 04:29:55 [decrypt] INFO: blues found https://blues2022.blogspot.com/2025/11/202511304kchatgpt4k8kclashv2ray.html on 2025-11-30
2025-12-06 04:29:55 [decrypt] INFO: blues found https://blues2022.blogspot.com/2025/11/202511294kchatgpt4k8kclashv2ray.html on 2025-11-29
2025-12-06 04:29:55 [decrypt] INFO: blues found https://blues2022.blogspot.com/2025/11/202511284kchatgpt4k8kclashv2ray.html on 2025-11-28
2025-12-06 04:29:55 [decrypt] INFO: blues found https://blues2022.blogspot.com/2025/11/202511274kchatgpt4k8kclashv2ray.html on 2025-11-27
2025-12-06 04:29:55 [decrypt] INFO: blues found https://blues2022.blogspot.com/2025/11/202511264kchatgpt4k8kclashv2ray.html on 2025-11-26
2025-12-06 04:29:55 [decrypt] INFO: blues needs update, accessing https://blues2022.blogspot.com/2025/12/20251254kchatgpt4k8kclashv2ray.html
2025-12-06 04:29:55 [decrypt] INFO: blues needs update, accessing https://blues2022.blogspot.com/2025/12/20251244kchatgpt4k8kclashv2ray.html
2025-12-06 04:29:55 [decrypt] INFO: blues needs update, accessing https://blues2022.blogspot.com/2025/12/20251234kchatgpt4k8kclashv2ray.html
2025-12-06 04:29:55 [decrypt] INFO: yudou66 found http://www.yudou6677.top/2025/11/202511301361080p4kv2rayclashsing.html on 2025-11-30
2025-12-06 04:29:55 [decrypt] INFO: yudou66 found http://www.yudou6677.top/2025/11/202511291391080p4kv2rayclashsing.html on 2025-11-29
2025-12-06 04:29:55 [decrypt] INFO: yudou66 found http://www.yudou6677.top/2025/11/202511281401080p4kv2rayclashsing.html on 2025-11-28
2025-12-06 04:29:55 [decrypt] INFO: yudou66 needs update, accessing http://www.yudou6677.top/2025/12/202512061581080p4kv2rayclashsing.html
2025-12-06 04:29:55 [decrypt] INFO: yudou66 needs update, accessing http://www.yudou6677.top/2025/12/20251205951080p4kv2rayclashsing.html
2025-12-06 04:29:55 [decrypt] INFO: yudou66 needs update, accessing http://www.yudou6677.top/2025/12/20251204921080p4kv2rayclashsing.html
2025-12-06 04:29:58 [decrypt] WARNING: blues 8866 got 密碼錯誤
2025-12-06 04:30:00 [decrypt] WARNING: blues 0000 got 密碼錯誤
2025-12-06 04:30:00 [decrypt] WARNING: blues 0011 got 密碼錯誤
2025-12-06 04:30:01 [decrypt] WARNING: blues 0022 got 密碼錯誤
2025-12-06 04:30:02 [decrypt] WARNING: blues 0033 got 密碼錯誤
2025-12-06 04:30:04 [decrypt] WARNING: blues 0044 got 密碼錯誤
2025-12-06 04:30:07 [decrypt] INFO: blues saved new password 0055
2025-12-06 04:30:08 [decrypt] WARNING: blues 0055 got 密碼錯誤
2025-12-06 04:30:10 [decrypt] WARNING: blues 0000 got 密碼錯誤
2025-12-06 04:30:11 [decrypt] WARNING: blues 0011 got 密碼錯誤
2025-12-06 04:30:12 [decrypt] WARNING: blues 0022 got 密碼錯誤
2025-12-06 04:30:13 [decrypt] WARNING: blues 0033 got 密碼錯誤
2025-12-06 04:30:14 [decrypt] WARNING: blues 0044 got 密碼錯誤
2025-12-06 04:30:15 [decrypt] WARNING: blues 0055 got 密碼錯誤
2025-12-06 04:30:19 [decrypt] INFO: blues saved new password 0066
2025-12-06 04:30:19 [decrypt] INFO: yudou66 found https://yy.yudou66.top/202512/20251204bas2se.txt
2025-12-06 04:30:19 [decrypt] WARNING: yudou66 8899 got 密碼錯誤
2025-12-06 04:30:20 [decrypt] WARNING: yudou66 0000 got 密碼錯誤
2025-12-06 04:30:20 [decrypt] WARNING: yudou66 0011 got 密碼錯誤
2025-12-06 04:30:20 [decrypt] WARNING: yudou66 0022 got 密碼錯誤
2025-12-06 04:30:21 [decrypt] WARNING: yudou66 0033 got 密碼錯誤
2025-12-06 04:30:21 [decrypt] WARNING: yudou66 0044 got 密碼錯誤
2025-12-06 04:30:21 [decrypt] WARNING: yudou66 0055 got 密碼錯誤
2025-12-06 04:30:22 [decrypt] WARNING: yudou66 0066 got 密碼錯誤
2025-12-06 04:30:22 [decrypt] WARNING: yudou66 0077 got 密碼錯誤
2025-12-06 04:32:22 [scrapy.core.scraper] ERROR: Spider error processing <GET http://www.yudou6677.top/2025/12/202512061581080p4kv2rayclashsing.html?m=1> (referer: None)
Traceback (most recent call last):
  File "/opt/hostedtoolcache/Python/3.12.12/x64/lib/python3.12/site-packages/urllib3/connectionpool.py", line 534, in _make_request
    response = conn.getresponse()
               ^^^^^^^^^^^^^^^^^^
  File "/opt/hostedtoolcache/Python/3.12.12/x64/lib/python3.12/site-packages/urllib3/connection.py", line 571, in getresponse
    httplib_response = super().getresponse()
                       ^^^^^^^^^^^^^^^^^^^^^
  File "/opt/hostedtoolcache/Python/3.12.12/x64/lib/python3.12/http/client.py", line 1430, in getresponse
    response.begin()
  File "/opt/hostedtoolcache/Python/3.12.12/x64/lib/python3.12/http/client.py", line 331, in begin
    version, status, reason = self._read_status()
                              ^^^^^^^^^^^^^^^^^^^
  File "/opt/hostedtoolcache/Python/3.12.12/x64/lib/python3.12/http/client.py", line 292, in _read_status
    line = str(self.fp.readline(_MAXLINE + 1), "iso-8859-1")
               ^^^^^^^^^^^^^^^^^^^^^^^^^^^^^^
  File "/opt/hostedtoolcache/Python/3.12.12/x64/lib/python3.12/socket.py", line 720, in readinto
    return self._sock.recv_into(b)
           ^^^^^^^^^^^^^^^^^^^^^^^
TimeoutError: timed out

The above exception was the direct cause of the following exception:

Traceback (most recent call last):
  File "/opt/hostedtoolcache/Python/3.12.12/x64/lib/python3.12/site-packages/scrapy/utils/defer.py", line 343, in iter_errback
    yield next(it)
          ^^^^^^^^
  File "/opt/hostedtoolcache/Python/3.12.12/x64/lib/python3.12/site-packages/scrapy/utils/python.py", line 369, in __next__
    return next(self.data)
           ^^^^^^^^^^^^^^^
  File "/opt/hostedtoolcache/Python/3.12.12/x64/lib/python3.12/site-packages/scrapy/utils/python.py", line 369, in __next__
    return next(self.data)
           ^^^^^^^^^^^^^^^
  File "/opt/hostedtoolcache/Python/3.12.12/x64/lib/python3.12/site-packages/scrapy/core/spidermw.py", line 167, in process_sync
    yield from iterable
  File "/opt/hostedtoolcache/Python/3.12.12/x64/lib/python3.12/site-packages/scrapy/spidermiddlewares/base.py", line 58, in process_spider_output
    for o in result:
             ^^^^^^
  File "/opt/hostedtoolcache/Python/3.12.12/x64/lib/python3.12/site-packages/scrapy/core/spidermw.py", line 167, in process_sync
    yield from iterable
  File "/opt/hostedtoolcache/Python/3.12.12/x64/lib/python3.12/site-packages/scrapy/spidermiddlewares/base.py", line 58, in process_spider_output
    for o in result:
             ^^^^^^
  File "/opt/hostedtoolcache/Python/3.12.12/x64/lib/python3.12/site-packages/scrapy/core/spidermw.py", line 167, in process_sync
    yield from iterable
  File "/opt/hostedtoolcache/Python/3.12.12/x64/lib/python3.12/site-packages/scrapy/spidermiddlewares/base.py", line 58, in process_spider_output
    for o in result:
             ^^^^^^
  File "/opt/hostedtoolcache/Python/3.12.12/x64/lib/python3.12/site-packages/scrapy/core/spidermw.py", line 167, in process_sync
    yield from iterable
  File "/opt/hostedtoolcache/Python/3.12.12/x64/lib/python3.12/site-packages/scrapy/spidermiddlewares/depth.py", line 59, in process_spider_output
    yield from super().process_spider_output(response, result, spider)
  File "/opt/hostedtoolcache/Python/3.12.12/x64/lib/python3.12/site-packages/scrapy/spidermiddlewares/base.py", line 58, in process_spider_output
    for o in result:
             ^^^^^^
  File "/opt/hostedtoolcache/Python/3.12.12/x64/lib/python3.12/site-packages/scrapy/core/spidermw.py", line 167, in process_sync
    yield from iterable
  File "/home/runner/work/FreeNodes/FreeNodes/NodeScrapy/spiders/DecryptSpider.py", line 97, in parse_blog
    ok, msg = self._decrypt(response.url, method, pwd)
              ^^^^^^^^^^^^^^^^^^^^^^^^^^^^^^^^^^^^^^^^
  File "/home/runner/work/FreeNodes/FreeNodes/NodeScrapy/spiders/DecryptSpider.py", line 46, in _decrypt
    self.driver.get(url)
  File "/opt/hostedtoolcache/Python/3.12.12/x64/lib/python3.12/site-packages/selenium/webdriver/remote/webdriver.py", line 483, in get
    self.execute(Command.GET, {"url": url})
  File "/opt/hostedtoolcache/Python/3.12.12/x64/lib/python3.12/site-packages/selenium/webdriver/remote/webdriver.py", line 455, in execute
    response = cast(RemoteConnection, self.command_executor).execute(driver_command, params)
               ^^^^^^^^^^^^^^^^^^^^^^^^^^^^^^^^^^^^^^^^^^^^^^^^^^^^^^^^^^^^^^^^^^^^^^^^^^^^^
  File "/opt/hostedtoolcache/Python/3.12.12/x64/lib/python3.12/site-packages/selenium/webdriver/remote/remote_connection.py", line 407, in execute
    return self._request(command_info[0], url, body=data)
           ^^^^^^^^^^^^^^^^^^^^^^^^^^^^^^^^^^^^^^^^^^^^^^
  File "/opt/hostedtoolcache/Python/3.12.12/x64/lib/python3.12/site-packages/selenium/webdriver/remote/remote_connection.py", line 431, in _request
    response = self._conn.request(method, url, body=body, headers=headers, timeout=self._client_config.timeout)
               ^^^^^^^^^^^^^^^^^^^^^^^^^^^^^^^^^^^^^^^^^^^^^^^^^^^^^^^^^^^^^^^^^^^^^^^^^^^^^^^^^^^^^^^^^^^^^^^^
  File "/opt/hostedtoolcache/Python/3.12.12/x64/lib/python3.12/site-packages/urllib3/_request_methods.py", line 143, in request
    return self.request_encode_body(
           ^^^^^^^^^^^^^^^^^^^^^^^^^
  File "/opt/hostedtoolcache/Python/3.12.12/x64/lib/python3.12/site-packages/urllib3/_request_methods.py", line 278, in request_encode_body
    return self.urlopen(method, url, **extra_kw)
           ^^^^^^^^^^^^^^^^^^^^^^^^^^^^^^^^^^^^^
  File "/opt/hostedtoolcache/Python/3.12.12/x64/lib/python3.12/site-packages/urllib3/poolmanager.py", line 457, in urlopen
    response = conn.urlopen(method, u.request_uri, **kw)
               ^^^^^^^^^^^^^^^^^^^^^^^^^^^^^^^^^^^^^^^^^
  File "/opt/hostedtoolcache/Python/3.12.12/x64/lib/python3.12/site-packages/urllib3/connectionpool.py", line 841, in urlopen
    retries = retries.increment(
              ^^^^^^^^^^^^^^^^^^
  File "/opt/hostedtoolcache/Python/3.12.12/x64/lib/python3.12/site-packages/urllib3/util/retry.py", line 474, in increment
    raise reraise(type(error), error, _stacktrace)
          ^^^^^^^^^^^^^^^^^^^^^^^^^^^^^^^^^^^^^^^^
  File "/opt/hostedtoolcache/Python/3.12.12/x64/lib/python3.12/site-packages/urllib3/util/util.py", line 39, in reraise
    raise value
  File "/opt/hostedtoolcache/Python/3.12.12/x64/lib/python3.12/site-packages/urllib3/connectionpool.py", line 787, in urlopen
    response = self._make_request(
               ^^^^^^^^^^^^^^^^^^^
  File "/opt/hostedtoolcache/Python/3.12.12/x64/lib/python3.12/site-packages/urllib3/connectionpool.py", line 536, in _make_request
    self._raise_timeout(err=e, url=url, timeout_value=read_timeout)
  File "/opt/hostedtoolcache/Python/3.12.12/x64/lib/python3.12/site-packages/urllib3/connectionpool.py", line 367, in _raise_timeout
    raise ReadTimeoutError(
urllib3.exceptions.ReadTimeoutError: HTTPConnectionPool(host='localhost', port=49269): Read timed out. (read timeout=120)
2025-12-06 04:34:22 [scrapy.core.scraper] ERROR: Spider error processing <GET https://blues2022.blogspot.com/2025/12/20251254kchatgpt4k8kclashv2ray.html?m=1> (referer: https://blues2022.blogspot.com/?m=1)
Traceback (most recent call last):
  File "/opt/hostedtoolcache/Python/3.12.12/x64/lib/python3.12/site-packages/urllib3/connectionpool.py", line 534, in _make_request
    response = conn.getresponse()
               ^^^^^^^^^^^^^^^^^^
  File "/opt/hostedtoolcache/Python/3.12.12/x64/lib/python3.12/site-packages/urllib3/connection.py", line 571, in getresponse
    httplib_response = super().getresponse()
                       ^^^^^^^^^^^^^^^^^^^^^
  File "/opt/hostedtoolcache/Python/3.12.12/x64/lib/python3.12/http/client.py", line 1430, in getresponse
    response.begin()
  File "/opt/hostedtoolcache/Python/3.12.12/x64/lib/python3.12/http/client.py", line 331, in begin
    version, status, reason = self._read_status()
                              ^^^^^^^^^^^^^^^^^^^
  File "/opt/hostedtoolcache/Python/3.12.12/x64/lib/python3.12/http/client.py", line 292, in _read_status
    line = str(self.fp.readline(_MAXLINE + 1), "iso-8859-1")
               ^^^^^^^^^^^^^^^^^^^^^^^^^^^^^^
  File "/opt/hostedtoolcache/Python/3.12.12/x64/lib/python3.12/socket.py", line 720, in readinto
    return self._sock.recv_into(b)
           ^^^^^^^^^^^^^^^^^^^^^^^
TimeoutError: timed out

The above exception was the direct cause of the following exception:

Traceback (most recent call last):
  File "/opt/hostedtoolcache/Python/3.12.12/x64/lib/python3.12/site-packages/scrapy/utils/defer.py", line 343, in iter_errback
    yield next(it)
          ^^^^^^^^
  File "/opt/hostedtoolcache/Python/3.12.12/x64/lib/python3.12/site-packages/scrapy/utils/python.py", line 369, in __next__
    return next(self.data)
           ^^^^^^^^^^^^^^^
  File "/opt/hostedtoolcache/Python/3.12.12/x64/lib/python3.12/site-packages/scrapy/utils/python.py", line 369, in __next__
    return next(self.data)
           ^^^^^^^^^^^^^^^
  File "/opt/hostedtoolcache/Python/3.12.12/x64/lib/python3.12/site-packages/scrapy/core/spidermw.py", line 167, in process_sync
    yield from iterable
  File "/opt/hostedtoolcache/Python/3.12.12/x64/lib/python3.12/site-packages/scrapy/spidermiddlewares/base.py", line 58, in process_spider_output
    for o in result:
             ^^^^^^
  File "/opt/hostedtoolcache/Python/3.12.12/x64/lib/python3.12/site-packages/scrapy/core/spidermw.py", line 167, in process_sync
    yield from iterable
  File "/opt/hostedtoolcache/Python/3.12.12/x64/lib/python3.12/site-packages/scrapy/spidermiddlewares/base.py", line 58, in process_spider_output
    for o in result:
             ^^^^^^
  File "/opt/hostedtoolcache/Python/3.12.12/x64/lib/python3.12/site-packages/scrapy/core/spidermw.py", line 167, in process_sync
    yield from iterable
  File "/opt/hostedtoolcache/Python/3.12.12/x64/lib/python3.12/site-packages/scrapy/spidermiddlewares/base.py", line 58, in process_spider_output
    for o in result:
             ^^^^^^
  File "/opt/hostedtoolcache/Python/3.12.12/x64/lib/python3.12/site-packages/scrapy/core/spidermw.py", line 167, in process_sync
    yield from iterable
  File "/opt/hostedtoolcache/Python/3.12.12/x64/lib/python3.12/site-packages/scrapy/spidermiddlewares/depth.py", line 59, in process_spider_output
    yield from super().process_spider_output(response, result, spider)
  File "/opt/hostedtoolcache/Python/3.12.12/x64/lib/python3.12/site-packages/scrapy/spidermiddlewares/base.py", line 58, in process_spider_output
    for o in result:
             ^^^^^^
  File "/opt/hostedtoolcache/Python/3.12.12/x64/lib/python3.12/site-packages/scrapy/core/spidermw.py", line 167, in process_sync
    yield from iterable
  File "/home/runner/work/FreeNodes/FreeNodes/NodeScrapy/spiders/DecryptSpider.py", line 97, in parse_blog
    ok, msg = self._decrypt(response.url, method, pwd)
              ^^^^^^^^^^^^^^^^^^^^^^^^^^^^^^^^^^^^^^^^
  File "/home/runner/work/FreeNodes/FreeNodes/NodeScrapy/spiders/DecryptSpider.py", line 46, in _decrypt
    self.driver.get(url)
  File "/opt/hostedtoolcache/Python/3.12.12/x64/lib/python3.12/site-packages/selenium/webdriver/remote/webdriver.py", line 483, in get
    self.execute(Command.GET, {"url": url})
  File "/opt/hostedtoolcache/Python/3.12.12/x64/lib/python3.12/site-packages/selenium/webdriver/remote/webdriver.py", line 455, in execute
    response = cast(RemoteConnection, self.command_executor).execute(driver_command, params)
               ^^^^^^^^^^^^^^^^^^^^^^^^^^^^^^^^^^^^^^^^^^^^^^^^^^^^^^^^^^^^^^^^^^^^^^^^^^^^^
  File "/opt/hostedtoolcache/Python/3.12.12/x64/lib/python3.12/site-packages/selenium/webdriver/remote/remote_connection.py", line 407, in execute
    return self._request(command_info[0], url, body=data)
           ^^^^^^^^^^^^^^^^^^^^^^^^^^^^^^^^^^^^^^^^^^^^^^
  File "/opt/hostedtoolcache/Python/3.12.12/x64/lib/python3.12/site-packages/selenium/webdriver/remote/remote_connection.py", line 431, in _request
    response = self._conn.request(method, url, body=body, headers=headers, timeout=self._client_config.timeout)
               ^^^^^^^^^^^^^^^^^^^^^^^^^^^^^^^^^^^^^^^^^^^^^^^^^^^^^^^^^^^^^^^^^^^^^^^^^^^^^^^^^^^^^^^^^^^^^^^^
  File "/opt/hostedtoolcache/Python/3.12.12/x64/lib/python3.12/site-packages/urllib3/_request_methods.py", line 143, in request
    return self.request_encode_body(
           ^^^^^^^^^^^^^^^^^^^^^^^^^
  File "/opt/hostedtoolcache/Python/3.12.12/x64/lib/python3.12/site-packages/urllib3/_request_methods.py", line 278, in request_encode_body
    return self.urlopen(method, url, **extra_kw)
           ^^^^^^^^^^^^^^^^^^^^^^^^^^^^^^^^^^^^^
  File "/opt/hostedtoolcache/Python/3.12.12/x64/lib/python3.12/site-packages/urllib3/poolmanager.py", line 457, in urlopen
    response = conn.urlopen(method, u.request_uri, **kw)
               ^^^^^^^^^^^^^^^^^^^^^^^^^^^^^^^^^^^^^^^^^
  File "/opt/hostedtoolcache/Python/3.12.12/x64/lib/python3.12/site-packages/urllib3/connectionpool.py", line 841, in urlopen
    retries = retries.increment(
              ^^^^^^^^^^^^^^^^^^
  File "/opt/hostedtoolcache/Python/3.12.12/x64/lib/python3.12/site-packages/urllib3/util/retry.py", line 474, in increment
    raise reraise(type(error), error, _stacktrace)
          ^^^^^^^^^^^^^^^^^^^^^^^^^^^^^^^^^^^^^^^^
  File "/opt/hostedtoolcache/Python/3.12.12/x64/lib/python3.12/site-packages/urllib3/util/util.py", line 39, in reraise
    raise value
  File "/opt/hostedtoolcache/Python/3.12.12/x64/lib/python3.12/site-packages/urllib3/connectionpool.py", line 787, in urlopen
    response = self._make_request(
               ^^^^^^^^^^^^^^^^^^^
  File "/opt/hostedtoolcache/Python/3.12.12/x64/lib/python3.12/site-packages/urllib3/connectionpool.py", line 536, in _make_request
    self._raise_timeout(err=e, url=url, timeout_value=read_timeout)
  File "/opt/hostedtoolcache/Python/3.12.12/x64/lib/python3.12/site-packages/urllib3/connectionpool.py", line 367, in _raise_timeout
    raise ReadTimeoutError(
urllib3.exceptions.ReadTimeoutError: HTTPConnectionPool(host='localhost', port=49269): Read timed out. (read timeout=120)
2025-12-06 04:36:22 [scrapy.core.scraper] ERROR: Spider error processing <GET http://www.yudou6677.top/2025/12/20251205951080p4kv2rayclashsing.html> (referer: None)
Traceback (most recent call last):
  File "/opt/hostedtoolcache/Python/3.12.12/x64/lib/python3.12/site-packages/urllib3/connectionpool.py", line 534, in _make_request
    response = conn.getresponse()
               ^^^^^^^^^^^^^^^^^^
  File "/opt/hostedtoolcache/Python/3.12.12/x64/lib/python3.12/site-packages/urllib3/connection.py", line 571, in getresponse
    httplib_response = super().getresponse()
                       ^^^^^^^^^^^^^^^^^^^^^
  File "/opt/hostedtoolcache/Python/3.12.12/x64/lib/python3.12/http/client.py", line 1430, in getresponse
    response.begin()
  File "/opt/hostedtoolcache/Python/3.12.12/x64/lib/python3.12/http/client.py", line 331, in begin
    version, status, reason = self._read_status()
                              ^^^^^^^^^^^^^^^^^^^
  File "/opt/hostedtoolcache/Python/3.12.12/x64/lib/python3.12/http/client.py", line 292, in _read_status
    line = str(self.fp.readline(_MAXLINE + 1), "iso-8859-1")
               ^^^^^^^^^^^^^^^^^^^^^^^^^^^^^^
  File "/opt/hostedtoolcache/Python/3.12.12/x64/lib/python3.12/socket.py", line 720, in readinto
    return self._sock.recv_into(b)
           ^^^^^^^^^^^^^^^^^^^^^^^
TimeoutError: timed out

The above exception was the direct cause of the following exception:

Traceback (most recent call last):
  File "/opt/hostedtoolcache/Python/3.12.12/x64/lib/python3.12/site-packages/scrapy/utils/defer.py", line 343, in iter_errback
    yield next(it)
          ^^^^^^^^
  File "/opt/hostedtoolcache/Python/3.12.12/x64/lib/python3.12/site-packages/scrapy/utils/python.py", line 369, in __next__
    return next(self.data)
           ^^^^^^^^^^^^^^^
  File "/opt/hostedtoolcache/Python/3.12.12/x64/lib/python3.12/site-packages/scrapy/utils/python.py", line 369, in __next__
    return next(self.data)
           ^^^^^^^^^^^^^^^
  File "/opt/hostedtoolcache/Python/3.12.12/x64/lib/python3.12/site-packages/scrapy/core/spidermw.py", line 167, in process_sync
    yield from iterable
  File "/opt/hostedtoolcache/Python/3.12.12/x64/lib/python3.12/site-packages/scrapy/spidermiddlewares/base.py", line 58, in process_spider_output
    for o in result:
             ^^^^^^
  File "/opt/hostedtoolcache/Python/3.12.12/x64/lib/python3.12/site-packages/scrapy/core/spidermw.py", line 167, in process_sync
    yield from iterable
  File "/opt/hostedtoolcache/Python/3.12.12/x64/lib/python3.12/site-packages/scrapy/spidermiddlewares/base.py", line 58, in process_spider_output
    for o in result:
             ^^^^^^
  File "/opt/hostedtoolcache/Python/3.12.12/x64/lib/python3.12/site-packages/scrapy/core/spidermw.py", line 167, in process_sync
    yield from iterable
  File "/opt/hostedtoolcache/Python/3.12.12/x64/lib/python3.12/site-packages/scrapy/spidermiddlewares/base.py", line 58, in process_spider_output
    for o in result:
             ^^^^^^
  File "/opt/hostedtoolcache/Python/3.12.12/x64/lib/python3.12/site-packages/scrapy/core/spidermw.py", line 167, in process_sync
    yield from iterable
  File "/opt/hostedtoolcache/Python/3.12.12/x64/lib/python3.12/site-packages/scrapy/spidermiddlewares/depth.py", line 59, in process_spider_output
    yield from super().process_spider_output(response, result, spider)
  File "/opt/hostedtoolcache/Python/3.12.12/x64/lib/python3.12/site-packages/scrapy/spidermiddlewares/base.py", line 58, in process_spider_output
    for o in result:
             ^^^^^^
  File "/opt/hostedtoolcache/Python/3.12.12/x64/lib/python3.12/site-packages/scrapy/core/spidermw.py", line 167, in process_sync
    yield from iterable
  File "/home/runner/work/FreeNodes/FreeNodes/NodeScrapy/spiders/DecryptSpider.py", line 97, in parse_blog
    ok, msg = self._decrypt(response.url, method, pwd)
              ^^^^^^^^^^^^^^^^^^^^^^^^^^^^^^^^^^^^^^^^
  File "/home/runner/work/FreeNodes/FreeNodes/NodeScrapy/spiders/DecryptSpider.py", line 46, in _decrypt
    self.driver.get(url)
  File "/opt/hostedtoolcache/Python/3.12.12/x64/lib/python3.12/site-packages/selenium/webdriver/remote/webdriver.py", line 483, in get
    self.execute(Command.GET, {"url": url})
  File "/opt/hostedtoolcache/Python/3.12.12/x64/lib/python3.12/site-packages/selenium/webdriver/remote/webdriver.py", line 455, in execute
    response = cast(RemoteConnection, self.command_executor).execute(driver_command, params)
               ^^^^^^^^^^^^^^^^^^^^^^^^^^^^^^^^^^^^^^^^^^^^^^^^^^^^^^^^^^^^^^^^^^^^^^^^^^^^^
  File "/opt/hostedtoolcache/Python/3.12.12/x64/lib/python3.12/site-packages/selenium/webdriver/remote/remote_connection.py", line 407, in execute
    return self._request(command_info[0], url, body=data)
           ^^^^^^^^^^^^^^^^^^^^^^^^^^^^^^^^^^^^^^^^^^^^^^
  File "/opt/hostedtoolcache/Python/3.12.12/x64/lib/python3.12/site-packages/selenium/webdriver/remote/remote_connection.py", line 431, in _request
    response = self._conn.request(method, url, body=body, headers=headers, timeout=self._client_config.timeout)
               ^^^^^^^^^^^^^^^^^^^^^^^^^^^^^^^^^^^^^^^^^^^^^^^^^^^^^^^^^^^^^^^^^^^^^^^^^^^^^^^^^^^^^^^^^^^^^^^^
  File "/opt/hostedtoolcache/Python/3.12.12/x64/lib/python3.12/site-packages/urllib3/_request_methods.py", line 143, in request
    return self.request_encode_body(
           ^^^^^^^^^^^^^^^^^^^^^^^^^
  File "/opt/hostedtoolcache/Python/3.12.12/x64/lib/python3.12/site-packages/urllib3/_request_methods.py", line 278, in request_encode_body
    return self.urlopen(method, url, **extra_kw)
           ^^^^^^^^^^^^^^^^^^^^^^^^^^^^^^^^^^^^^
  File "/opt/hostedtoolcache/Python/3.12.12/x64/lib/python3.12/site-packages/urllib3/poolmanager.py", line 457, in urlopen
    response = conn.urlopen(method, u.request_uri, **kw)
               ^^^^^^^^^^^^^^^^^^^^^^^^^^^^^^^^^^^^^^^^^
  File "/opt/hostedtoolcache/Python/3.12.12/x64/lib/python3.12/site-packages/urllib3/connectionpool.py", line 841, in urlopen
    retries = retries.increment(
              ^^^^^^^^^^^^^^^^^^
  File "/opt/hostedtoolcache/Python/3.12.12/x64/lib/python3.12/site-packages/urllib3/util/retry.py", line 474, in increment
    raise reraise(type(error), error, _stacktrace)
          ^^^^^^^^^^^^^^^^^^^^^^^^^^^^^^^^^^^^^^^^
  File "/opt/hostedtoolcache/Python/3.12.12/x64/lib/python3.12/site-packages/urllib3/util/util.py", line 39, in reraise
    raise value
  File "/opt/hostedtoolcache/Python/3.12.12/x64/lib/python3.12/site-packages/urllib3/connectionpool.py", line 787, in urlopen
    response = self._make_request(
               ^^^^^^^^^^^^^^^^^^^
  File "/opt/hostedtoolcache/Python/3.12.12/x64/lib/python3.12/site-packages/urllib3/connectionpool.py", line 536, in _make_request
    self._raise_timeout(err=e, url=url, timeout_value=read_timeout)
  File "/opt/hostedtoolcache/Python/3.12.12/x64/lib/python3.12/site-packages/urllib3/connectionpool.py", line 367, in _raise_timeout
    raise ReadTimeoutError(
urllib3.exceptions.ReadTimeoutError: HTTPConnectionPool(host='localhost', port=49269): Read timed out. (read timeout=120)
2025-12-06 04:36:22 [scrapy.extensions.logstats] INFO: Crawled 8 pages (at 8 pages/min), scraped 0 items (at 0 items/min)
2025-12-06 04:36:23 [scrapy.spidermiddlewares.httperror] INFO: Ignoring response <403 https://f2rvk.69zto.icu/mian.html>: HTTP status code is not handled or not allowed
2025-12-06 04:36:23 [scrapy.core.engine] INFO: Closing spider (finished)
2025-12-06 04:38:23 [urllib3.connectionpool] WARNING: Retrying (Retry(total=2, connect=None, read=None, redirect=None, status=None)) after connection broken by 'ReadTimeoutError("HTTPConnectionPool(host='localhost', port=49269): Read timed out. (read timeout=120)")': /session/5cc04ab117fc437f939db7df390bc9fc
2025-12-06 04:40:23 [urllib3.connectionpool] WARNING: Retrying (Retry(total=1, connect=None, read=None, redirect=None, status=None)) after connection broken by 'ReadTimeoutError("HTTPConnectionPool(host='localhost', port=49269): Read timed out. (read timeout=120)")': /session/5cc04ab117fc437f939db7df390bc9fc
2025-12-06 04:40:27 [scrapy.statscollectors] INFO: Dumping Scrapy stats:
{'downloader/request_bytes': 6459,
 'downloader/request_count': 17,
 'downloader/request_method_count/GET': 17,
 'downloader/response_bytes': 330102,
 'downloader/response_count': 17,
 'downloader/response_status_count/200': 8,
 'downloader/response_status_count/302': 8,
 'downloader/response_status_count/403': 1,
 'elapsed_time_seconds': 632.110636,
 'finish_reason': 'finished',
 'finish_time': datetime.datetime(2025, 12, 6, 4, 40, 27, 96710, tzinfo=datetime.timezone.utc),
 'httpcompression/response_bytes': 1681921,
 'httpcompression/response_count': 9,
 'httperror/response_ignored_count': 1,
 'httperror/response_ignored_status_count/403': 1,
 'items_per_minute': 0.0,
 'log_count/ERROR': 3,
 'log_count/INFO': 31,
 'log_count/WARNING': 26,
 'memusage/max': 192028672,
 'memusage/startup': 181334016,
 'request_depth_max': 2,
 'response_received_count': 9,
 'responses_per_minute': 0.8544303797468354,
 'scheduler/dequeued': 17,
 'scheduler/dequeued/memory': 17,
 'scheduler/enqueued': 17,
 'scheduler/enqueued/memory': 17,
 'spider_exceptions/ReadTimeoutError': 3,
 'spider_exceptions/count': 3,
 'start_time': datetime.datetime(2025, 12, 6, 4, 29, 54, 986074, tzinfo=datetime.timezone.utc)}
2025-12-06 04:40:27 [scrapy.core.engine] INFO: Spider closed (finished)
