2025-12-09 04:34:49 [scrapy.middleware] INFO: Enabled downloader middlewares:
['scrapy.downloadermiddlewares.offsite.OffsiteMiddleware',
 'scrapy.downloadermiddlewares.httpauth.HttpAuthMiddleware',
 'scrapy.downloadermiddlewares.downloadtimeout.DownloadTimeoutMiddleware',
 'scrapy.downloadermiddlewares.defaultheaders.DefaultHeadersMiddleware',
 'NodeScrapy.middlewares.RandomUserAgentMiddleware',
 'scrapy.downloadermiddlewares.useragent.UserAgentMiddleware',
 'scrapy.downloadermiddlewares.retry.RetryMiddleware',
 'scrapy.downloadermiddlewares.redirect.MetaRefreshMiddleware',
 'scrapy.downloadermiddlewares.httpcompression.HttpCompressionMiddleware',
 'scrapy.downloadermiddlewares.redirect.RedirectMiddleware',
 'scrapy.downloadermiddlewares.cookies.CookiesMiddleware',
 'scrapy.downloadermiddlewares.httpproxy.HttpProxyMiddleware',
 'scrapy.downloadermiddlewares.stats.DownloaderStats']
2025-12-09 04:34:49 [scrapy.middleware] INFO: Enabled spider middlewares:
['scrapy.spidermiddlewares.start.StartSpiderMiddleware',
 'scrapy.spidermiddlewares.httperror.HttpErrorMiddleware',
 'scrapy.spidermiddlewares.referer.RefererMiddleware',
 'scrapy.spidermiddlewares.urllength.UrlLengthMiddleware',
 'scrapy.spidermiddlewares.depth.DepthMiddleware']
2025-12-09 04:34:49 [scrapy.middleware] INFO: Enabled item pipelines:
['NodeScrapy.pipelines.Pipeline']
2025-12-09 04:34:49 [scrapy.core.engine] INFO: Spider opened
2025-12-09 04:34:49 [py.warnings] WARNING: /opt/hostedtoolcache/Python/3.12.12/x64/lib/python3.12/site-packages/scrapy/core/spidermw.py:433: ScrapyDeprecationWarning: NodeScrapy.spiders.SimpleSpider.SimpleSpider defines the deprecated start_requests() method. start_requests() has been deprecated in favor of a new method, start(), to support asynchronous code execution. start_requests() will stop being called in a future version of Scrapy. If you use Scrapy 2.13 or higher only, replace start_requests() with start(); note that start() is a coroutine (async def). If you need to maintain compatibility with lower Scrapy versions, when overriding start_requests() in a spider class, override start() as well; you can use super() to reuse the inherited start() implementation without copy-pasting. See the release notes of Scrapy 2.13 for details: https://docs.scrapy.org/en/2.13/news.html
  warn(

2025-12-09 04:34:49 [scrapy.extensions.logstats] INFO: Crawled 0 pages (at 0 pages/min), scraped 0 items (at 0 items/min)
2025-12-09 04:34:49 [scrapy.extensions.telnet] INFO: Telnet console listening on 127.0.0.1:6023
2025-12-09 04:34:49 [simple] INFO: clashmeta start
2025-12-09 04:34:49 [simple] INFO: ndnode start
2025-12-09 04:34:49 [simple] INFO: nodev2ray start
2025-12-09 04:34:49 [simple] INFO: nodefree start
2025-12-09 04:34:49 [simple] INFO: v2rayshare start
2025-12-09 04:34:49 [simple] INFO: wenode start
2025-12-09 04:34:49 [simple] INFO: clashmeta found /free-nodes/2025-12-3-clash-meta-github.htm on 2025-03-01
2025-12-09 04:34:49 [simple] INFO: clashmeta found /free-nodes/2025-12-2-clash-meta-node-github.htm on 2025-03-01
2025-12-09 04:34:49 [simple] INFO: clashmeta found /free-nodes/2025-12-1-latest-clash-meta-node.htm on 2025-03-01
2025-12-09 04:34:49 [simple] INFO: clashmeta found /free-nodes/2025-11-30-free-clash-meta-node.htm on 2025-11-30
2025-12-09 04:34:49 [simple] INFO: clashmeta found /free-nodes/2025-11-30-free-clash-meta-node.htm on 2025-11-30
2025-12-09 04:34:49 [simple] INFO: clashmeta found /free-nodes/2025-11-29-node-share-links.htm on 2025-11-29
2025-12-09 04:34:49 [simple] INFO: clashmeta found /free-nodes/2025-11-29-node-share-links.htm on 2025-11-29
2025-12-09 04:34:49 [simple] INFO: clashmeta found /free-nodes/2025-11-28-clash-meta-windows.htm on 2025-11-28
2025-12-09 04:34:49 [simple] INFO: clashmeta found /free-nodes/2025-11-28-clash-meta-windows.htm on 2025-11-28
2025-12-09 04:34:49 [simple] INFO: clashmeta found /free-nodes/2025-11-26-free-node-subscribe-links.htm on 2025-11-26
2025-12-09 04:34:49 [simple] INFO: clashmeta found /free-nodes/2025-11-26-free-node-subscribe-links.htm on 2025-11-26
2025-12-09 04:34:49 [simple] INFO: clashmeta found /free-nodes/2025-11-23-latest-clash-meta-node.htm on 2025-11-23
2025-12-09 04:34:49 [simple] INFO: clashmeta found /free-nodes/2025-11-23-latest-clash-meta-node.htm on 2025-11-23
2025-12-09 04:34:49 [simple] INFO: clashmeta found /free-nodes/2025-11-22-free-node-subscribe.htm on 2025-11-22
2025-12-09 04:34:49 [simple] INFO: clashmeta found /free-nodes/2025-11-22-free-node-subscribe.htm on 2025-11-22
2025-12-09 04:34:49 [simple] INFO: clashmeta found /free-nodes/2025-11-21-free-high-speed-nodes.htm on 2025-11-21
2025-12-09 04:34:49 [simple] INFO: clashmeta found /free-nodes/2025-11-21-free-high-speed-nodes.htm on 2025-11-21
2025-12-09 04:34:49 [simple] INFO: clashmeta is up to date, exiting
2025-12-09 04:34:49 [simple] INFO: clashmeta needs update, accessing https://clash-meta.github.io/free-nodes/2025-12-3-clash-meta-github.htm
2025-12-09 04:34:49 [simple] INFO: clashmeta is up to date, exiting
2025-12-09 04:34:50 [simple] INFO: v2rayshare found https://v2rayshare.net/p/4128.html on 2025-11-30
2025-12-09 04:34:50 [simple] INFO: v2rayshare needs update, accessing https://v2rayshare.net/p/4119.html
2025-12-09 04:34:50 [simple] INFO: v2rayshare needs update, accessing https://v2rayshare.net/p/4120.html
2025-12-09 04:34:50 [simple] INFO: v2rayshare needs update, accessing https://v2rayshare.net/p/4121.html
2025-12-09 04:34:50 [simple] INFO: nodev2ray found /free-node/2025-11-30-free-node-subscribe-links.htm on 2025-11-30
2025-12-09 04:34:50 [simple] INFO: nodev2ray needs update, accessing https://nodev2ray.com/free-node/2025-12-9-node-share-links.htm
2025-12-09 04:34:50 [simple] INFO: nodev2ray needs update, accessing https://nodev2ray.com/free-node/2025-12-8-free-clash.htm
2025-12-09 04:34:50 [simple] INFO: nodev2ray needs update, accessing https://nodev2ray.com/free-node/2025-12-7-free-clash-subscribe.htm
2025-12-09 04:34:50 [simple] INFO: ndnode found https://www.naidounode.com/n/3411.html on 2025-11-30
2025-12-09 04:34:50 [simple] INFO: ndnode needs update, accessing https://www.naidounode.com/n/3429.html
2025-12-09 04:34:50 [simple] INFO: ndnode needs update, accessing https://www.naidounode.com/n/3427.html
2025-12-09 04:34:50 [simple] INFO: ndnode needs update, accessing https://www.naidounode.com/n/3425.html
2025-12-09 04:34:50 [simple] INFO: v2rayshare found https://v2rayshare.githubrowcontent.com/2025/12/20251209.txt
2025-12-09 04:34:50 [simple] INFO: v2rayshare found https://v2rayshare.githubrowcontent.com/2025/12/20251209.yaml
2025-12-09 04:34:50 [simple] INFO: v2rayshare found https://v2rayshare.githubrowcontent.com/2025/12/20251209.yaml
2025-12-09 04:34:50 [simple] INFO: v2rayshare found https://v2rayshare.githubrowcontent.com/2025/12/20251207.txt
2025-12-09 04:34:50 [simple] INFO: v2rayshare found https://v2rayshare.githubrowcontent.com/2025/12/20251207.yaml
2025-12-09 04:34:50 [simple] INFO: v2rayshare found https://v2rayshare.githubrowcontent.com/2025/12/20251207.yaml
2025-12-09 04:34:50 [simple] INFO: wenode found https://oneclash.cc/a/2324.html on 2025-11-30
2025-12-09 04:34:50 [simple] INFO: wenode needs update, accessing https://oneclash.cc/a/2315.html
2025-12-09 04:34:50 [simple] INFO: wenode needs update, accessing https://oneclash.cc/a/2316.html
2025-12-09 04:34:50 [simple] INFO: wenode needs update, accessing https://oneclash.cc/a/2317.html
2025-12-09 04:34:50 [simple] INFO: v2rayshare found https://v2rayshare.githubrowcontent.com/2025/12/20251208.txt
2025-12-09 04:34:50 [simple] INFO: v2rayshare found https://v2rayshare.githubrowcontent.com/2025/12/20251208.yaml
2025-12-09 04:34:50 [simple] INFO: v2rayshare found https://v2rayshare.githubrowcontent.com/2025/12/20251208.yaml
2025-12-09 04:34:50 [simple] INFO: ndnode found http://naidounode.cczzuu.top/node/20251209-v2ray.txt
2025-12-09 04:34:50 [simple] INFO: ndnode found http://naidounode.cczzuu.top/node/20251209-clash.yaml
2025-12-09 04:34:50 [simple] WARNING: wenode could not parse https://oneclash.githubrowcontent.com/2025/1..."/, skipping
2025-12-09 04:34:50 [simple] INFO: wenode found https://oneclash.githubrowcontent.com/2025/12/20251209.txt
2025-12-09 04:34:50 [simple] INFO: wenode found https://oneclash.githubrowcontent.com/2025/12/20251209.yaml
2025-12-09 04:34:50 [simple] INFO: wenode found https://oneclash.githubrowcontent.com/2025/12/m20251209.yaml
2025-12-09 04:34:50 [simple] INFO: nodev2ray found https://node.nodev2ray.com/uploads/2025/12/1-20251209.txt
2025-12-09 04:34:50 [simple] INFO: nodev2ray found https://node.nodev2ray.com/uploads/2025/12/4-20251209.txt
2025-12-09 04:34:50 [simple] INFO: nodev2ray found https://node.nodev2ray.com/uploads/2025/12/0-20251209.yaml
2025-12-09 04:34:50 [simple] INFO: nodev2ray found https://node.nodev2ray.com/uploads/2025/12/3-20251209.yaml
2025-12-09 04:34:50 [simple] WARNING: nodev2ray could not parse https://node.nodev2ray.com/uploads/2025/12/20251209.json, skipping
2025-12-09 04:34:50 [simple] INFO: ndnode found http://naidounode.cczzuu.top/node/20251207-v2ray.txt
2025-12-09 04:34:50 [simple] INFO: ndnode found http://naidounode.cczzuu.top/node/20251207-clash.yaml
2025-12-09 04:34:50 [simple] INFO: ndnode found http://naidounode.cczzuu.top/node/20251208-v2ray.txt
2025-12-09 04:34:50 [simple] INFO: ndnode found http://naidounode.cczzuu.top/node/20251208-clash.yaml
2025-12-09 04:34:50 [simple] WARNING: wenode could not parse https://oneclash.githubrowcontent.com/2025/1..."/, skipping
2025-12-09 04:34:50 [simple] INFO: wenode found https://oneclash.githubrowcontent.com/2025/12/20251208.txt
2025-12-09 04:34:50 [simple] INFO: wenode found https://oneclash.githubrowcontent.com/2025/12/20251208.yaml
2025-12-09 04:34:50 [simple] INFO: wenode found https://oneclash.githubrowcontent.com/2025/12/m20251208.yaml
2025-12-09 04:34:50 [simple] WARNING: wenode could not parse https://oneclash.githubrowcontent.com/2025/1..."/, skipping
2025-12-09 04:34:50 [simple] INFO: wenode found https://oneclash.githubrowcontent.com/2025/12/20251207.txt
2025-12-09 04:34:50 [simple] INFO: wenode found https://oneclash.githubrowcontent.com/2025/12/20251207.yaml
2025-12-09 04:34:50 [simple] INFO: wenode found https://oneclash.githubrowcontent.com/2025/12/m20251207.yaml
2025-12-09 04:34:50 [simple] INFO: nodefree found https://nodefree.me/p/2714.html on 2025-11-30
2025-12-09 04:34:50 [simple] INFO: nodefree needs update, accessing https://nodefree.me/p/2705.html
2025-12-09 04:34:50 [simple] INFO: nodefree needs update, accessing https://nodefree.me/p/2706.html
2025-12-09 04:34:50 [simple] INFO: nodefree needs update, accessing https://nodefree.me/p/2707.html
2025-12-09 04:34:50 [simple] INFO: nodev2ray found https://node.nodev2ray.com/uploads/2025/12/0-20251208.txt
2025-12-09 04:34:50 [simple] INFO: nodev2ray found https://node.nodev2ray.com/uploads/2025/12/1-20251208.txt
2025-12-09 04:34:50 [simple] INFO: nodev2ray found https://node.nodev2ray.com/uploads/2025/12/3-20251208.txt
2025-12-09 04:34:50 [simple] INFO: nodev2ray found https://node.nodev2ray.com/uploads/2025/12/0-20251208.yaml
2025-12-09 04:34:50 [simple] INFO: nodev2ray found https://node.nodev2ray.com/uploads/2025/12/1-20251208.yaml
2025-12-09 04:34:50 [simple] INFO: nodev2ray found https://node.nodev2ray.com/uploads/2025/12/4-20251208.yaml
2025-12-09 04:34:50 [simple] WARNING: nodev2ray could not parse https://node.nodev2ray.com/uploads/2025/12/20251208.json, skipping
2025-12-09 04:34:50 [simple] INFO: nodev2ray found https://node.nodev2ray.com/uploads/2025/12/0-20251207.txt
2025-12-09 04:34:50 [simple] INFO: nodev2ray found https://node.nodev2ray.com/uploads/2025/12/1-20251207.txt
2025-12-09 04:34:50 [simple] INFO: nodev2ray found https://node.nodev2ray.com/uploads/2025/12/2-20251207.txt
2025-12-09 04:34:50 [simple] INFO: nodev2ray found https://node.nodev2ray.com/uploads/2025/12/4-20251207.txt
2025-12-09 04:34:50 [simple] INFO: nodev2ray found https://node.nodev2ray.com/uploads/2025/12/3-20251207.yaml
2025-12-09 04:34:50 [simple] INFO: nodev2ray found https://node.nodev2ray.com/uploads/2025/12/4-20251207.yaml
2025-12-09 04:34:50 [simple] WARNING: nodev2ray could not parse https://node.nodev2ray.com/uploads/2025/12/20251207.json, skipping
2025-12-09 04:34:50 [simple] INFO: Pipeline got item v2rayshare.txt
2025-12-09 04:34:50 [simple] INFO: Pipeline processed v2rayshare.txt
2025-12-09 04:34:50 [simple] INFO: Pipeline got item v2rayshare.yaml
2025-12-09 04:34:50 [simple] INFO: Pipeline processed v2rayshare.yaml
2025-12-09 04:34:50 [simple] INFO: Pipeline got item v2rayshare.yaml
2025-12-09 04:34:50 [simple] INFO: Pipeline processed v2rayshare.yaml
2025-12-09 04:34:50 [simple] INFO: Pipeline got item v2rayshare.txt
2025-12-09 04:34:50 [simple] INFO: Pipeline processed v2rayshare.txt
2025-12-09 04:34:50 [simple] INFO: Pipeline got item v2rayshare.yaml
2025-12-09 04:34:50 [simple] INFO: Pipeline processed v2rayshare.yaml
2025-12-09 04:34:50 [simple] INFO: Pipeline got item v2rayshare.txt
2025-12-09 04:34:50 [simple] INFO: Pipeline processed v2rayshare.txt
2025-12-09 04:34:50 [simple] INFO: Pipeline got item nodev2ray.yaml
2025-12-09 04:34:51 [simple] INFO: Pipeline processed nodev2ray.yaml
2025-12-09 04:34:51 [simple] INFO: Pipeline got item nodev2ray.yaml
2025-12-09 04:34:51 [simple] INFO: Pipeline processed nodev2ray.yaml
2025-12-09 04:34:51 [simple] INFO: Pipeline got item nodev2ray.txt
2025-12-09 04:34:51 [simple] INFO: Pipeline processed nodev2ray.txt
2025-12-09 04:34:51 [simple] INFO: Pipeline got item wenode.txt
2025-12-09 04:34:51 [simple] INFO: Pipeline processed wenode.txt
2025-12-09 04:34:51 [simple] INFO: Pipeline got item wenode.yaml
2025-12-09 04:34:51 [simple] INFO: Pipeline processed wenode.yaml
2025-12-09 04:34:51 [simple] INFO: Pipeline got item wenode.yaml
2025-12-09 04:34:51 [simple] INFO: Pipeline processed wenode.yaml
2025-12-09 04:34:51 [simple] INFO: Pipeline got item wenode.yaml
2025-12-09 04:34:51 [simple] INFO: Pipeline processed wenode.yaml
2025-12-09 04:34:51 [simple] INFO: Pipeline got item wenode.txt
2025-12-09 04:34:51 [simple] INFO: Pipeline processed wenode.txt
2025-12-09 04:34:51 [simple] INFO: Pipeline got item wenode.yaml
2025-12-09 04:34:51 [simple] INFO: Pipeline processed wenode.yaml
2025-12-09 04:34:51 [simple] INFO: Pipeline got item wenode.yaml
2025-12-09 04:34:51 [simple] INFO: Pipeline processed wenode.yaml
2025-12-09 04:34:51 [simple] INFO: Pipeline got item nodev2ray.txt
2025-12-09 04:34:51 [simple] INFO: Pipeline processed nodev2ray.txt
2025-12-09 04:34:51 [simple] INFO: Pipeline got item wenode.txt
2025-12-09 04:34:51 [simple] INFO: Pipeline processed wenode.txt
2025-12-09 04:34:51 [simple] INFO: nodefree found https://nodefree.githubrowcontent.com/2025/12/20251209.txt
2025-12-09 04:34:51 [simple] INFO: nodefree found https://nodefree.githubrowcontent.com/2025/12/20251209.yaml
2025-12-09 04:34:51 [simple] INFO: nodefree found https://nodefree.githubrowcontent.com/2025/12/m20251209.yaml
2025-12-09 04:34:51 [simple] INFO: Pipeline got item nodev2ray.txt
2025-12-09 04:34:51 [simple] INFO: Pipeline processed nodev2ray.txt
2025-12-09 04:34:51 [simple] INFO: Pipeline got item nodev2ray.txt
2025-12-09 04:34:51 [simple] INFO: Pipeline processed nodev2ray.txt
2025-12-09 04:34:51 [simple] INFO: Pipeline got item ndnode.txt
2025-12-09 04:34:51 [simple] INFO: Pipeline processed ndnode.txt
2025-12-09 04:34:51 [simple] INFO: Pipeline got item ndnode.yaml
2025-12-09 04:34:51 [simple] INFO: Pipeline processed ndnode.yaml
2025-12-09 04:34:51 [simple] INFO: Pipeline got item nodev2ray.txt
2025-12-09 04:34:51 [simple] INFO: Pipeline processed nodev2ray.txt
2025-12-09 04:34:51 [simple] INFO: Pipeline got item ndnode.txt
2025-12-09 04:34:51 [simple] INFO: Pipeline processed ndnode.txt
2025-12-09 04:34:51 [simple] INFO: Pipeline got item ndnode.txt
2025-12-09 04:34:51 [simple] INFO: Pipeline processed ndnode.txt
2025-12-09 04:34:51 [simple] INFO: Pipeline got item nodev2ray.yaml
2025-12-09 04:34:51 [simple] INFO: Pipeline processed nodev2ray.yaml
2025-12-09 04:34:51 [simple] INFO: Pipeline got item nodev2ray.yaml
2025-12-09 04:34:51 [simple] INFO: Pipeline processed nodev2ray.yaml
2025-12-09 04:34:51 [simple] INFO: nodefree found https://nodefree.githubrowcontent.com/2025/12/20251207.txt
2025-12-09 04:34:51 [simple] INFO: nodefree found https://nodefree.githubrowcontent.com/2025/12/20251207.yaml
2025-12-09 04:34:51 [simple] INFO: nodefree found https://nodefree.githubrowcontent.com/2025/12/m20251207.yaml
2025-12-09 04:34:51 [simple] INFO: nodefree found https://nodefree.githubrowcontent.com/2025/12/20251208.txt
2025-12-09 04:34:51 [simple] INFO: nodefree found https://nodefree.githubrowcontent.com/2025/12/20251208.yaml
2025-12-09 04:34:51 [simple] INFO: nodefree found https://nodefree.githubrowcontent.com/2025/12/m20251208.yaml
2025-12-09 04:34:51 [simple] INFO: Pipeline got item nodev2ray.txt
2025-12-09 04:34:51 [simple] INFO: Pipeline processed nodev2ray.txt
2025-12-09 04:34:51 [simple] INFO: Pipeline got item nodev2ray.txt
2025-12-09 04:34:51 [simple] INFO: Pipeline processed nodev2ray.txt
2025-12-09 04:34:51 [simple] INFO: Pipeline got item nodev2ray.txt
2025-12-09 04:34:51 [simple] INFO: Pipeline processed nodev2ray.txt
2025-12-09 04:34:51 [simple] INFO: Pipeline got item wenode.yaml
2025-12-09 04:34:51 [simple] INFO: Pipeline processed wenode.yaml
2025-12-09 04:34:51 [simple] INFO: Pipeline got item nodev2ray.txt
2025-12-09 04:34:51 [simple] INFO: Pipeline processed nodev2ray.txt
2025-12-09 04:34:51 [simple] INFO: Pipeline got item ndnode.yaml
2025-12-09 04:34:51 [simple] INFO: Pipeline processed ndnode.yaml
2025-12-09 04:34:51 [simple] INFO: Pipeline got item ndnode.yaml
2025-12-09 04:34:52 [simple] INFO: Pipeline processed ndnode.yaml
2025-12-09 04:34:52 [simple] INFO: Pipeline got item nodev2ray.yaml
2025-12-09 04:34:52 [simple] INFO: Pipeline processed nodev2ray.yaml
2025-12-09 04:34:52 [simple] INFO: Pipeline got item nodev2ray.yaml
2025-12-09 04:34:56 [simple] INFO: Pipeline processed nodev2ray.yaml
2025-12-09 04:34:56 [simple] INFO: Pipeline got item nodev2ray.yaml
2025-12-09 04:34:59 [simple] INFO: Pipeline processed nodev2ray.yaml
2025-12-09 04:34:59 [simple] INFO: Pipeline got item nodefree.txt
2025-12-09 04:34:59 [simple] INFO: Pipeline processed nodefree.txt
2025-12-09 04:34:59 [simple] INFO: Pipeline got item nodefree.yaml
2025-12-09 04:34:59 [simple] INFO: Pipeline processed nodefree.yaml
2025-12-09 04:34:59 [simple] INFO: Pipeline got item nodefree.yaml
2025-12-09 04:34:59 [simple] INFO: Pipeline processed nodefree.yaml
2025-12-09 04:34:59 [simple] INFO: Pipeline got item nodefree.yaml
2025-12-09 04:34:59 [simple] INFO: Pipeline processed nodefree.yaml
2025-12-09 04:34:59 [simple] INFO: Pipeline got item nodefree.yaml
2025-12-09 04:35:00 [simple] INFO: Pipeline processed nodefree.yaml
2025-12-09 04:35:00 [simple] INFO: Pipeline got item nodefree.txt
2025-12-09 04:35:00 [simple] INFO: Pipeline processed nodefree.txt
2025-12-09 04:35:00 [simple] INFO: Pipeline got item nodefree.yaml
2025-12-09 04:35:00 [simple] INFO: Pipeline processed nodefree.yaml
2025-12-09 04:35:00 [simple] INFO: Pipeline got item nodefree.txt
2025-12-09 04:35:00 [simple] INFO: Pipeline processed nodefree.txt
2025-12-09 04:35:00 [simple] INFO: Pipeline got item nodefree.yaml
2025-12-09 04:35:00 [simple] INFO: Pipeline processed nodefree.yaml
2025-12-09 04:35:00 [scrapy.core.engine] INFO: Closing spider (finished)
2025-12-09 04:35:00 [scrapy.statscollectors] INFO: Dumping Scrapy stats:
{'downloader/request_bytes': 28845,
 'downloader/request_count': 71,
 'downloader/request_method_count/GET': 71,
 'downloader/response_bytes': 4571122,
 'downloader/response_count': 71,
 'downloader/response_status_count/200': 68,
 'downloader/response_status_count/301': 3,
 'dupefilter/filtered': 3,
 'elapsed_time_seconds': 10.590997,
 'finish_reason': 'finished',
 'finish_time': datetime.datetime(2025, 12, 9, 4, 35, 0, 131338, tzinfo=datetime.timezone.utc),
 'httpcompression/response_bytes': 1945425,
 'httpcompression/response_count': 42,
 'item_scraped_count': 46,
 'items_per_minute': 276.0,
 'log_count/INFO': 197,
 'log_count/WARNING': 8,
 'memusage/max': 182005760,
 'memusage/startup': 182005760,
 'request_depth_max': 2,
 'response_received_count': 68,
 'responses_per_minute': 408.0,
 'scheduler/dequeued': 71,
 'scheduler/dequeued/memory': 71,
 'scheduler/enqueued': 71,
 'scheduler/enqueued/memory': 71,
 'start_time': datetime.datetime(2025, 12, 9, 4, 34, 49, 540341, tzinfo=datetime.timezone.utc)}
2025-12-09 04:35:00 [scrapy.core.engine] INFO: Spider closed (finished)
2025-12-09 04:35:06 [scrapy.addons] INFO: Enabled addons:
[]
2025-12-09 04:35:06 [py.warnings] WARNING: /opt/hostedtoolcache/Python/3.12.12/x64/lib/python3.12/site-packages/scrapy/utils/request.py:120: ScrapyDeprecationWarning: 'REQUEST_FINGERPRINTER_IMPLEMENTATION' is a deprecated setting.
It will be removed in a future version of Scrapy.
  return cls(crawler)

2025-12-09 04:35:06 [scrapy.extensions.telnet] INFO: Telnet Password: 9ac6ba24c627a6a8
2025-12-09 04:35:06 [scrapy.middleware] INFO: Enabled extensions:
['scrapy.extensions.corestats.CoreStats',
 'scrapy.extensions.telnet.TelnetConsole',
 'scrapy.extensions.memusage.MemoryUsage',
 'scrapy.extensions.logstats.LogStats']
2025-12-09 04:35:06 [scrapy.crawler] INFO: Overridden settings:
{'BOT_NAME': 'NodeScrapy',
 'FEED_EXPORT_ENCODING': 'utf-8',
 'LOG_FILE': 'scrapy.log',
 'LOG_LEVEL': 'INFO',
 'NEWSPIDER_MODULE': 'NodeScrapy.spiders',
 'REQUEST_FINGERPRINTER_IMPLEMENTATION': '2.7',
 'SPIDER_MODULES': ['NodeScrapy.spiders']}
2025-12-09 04:35:07 [scrapy.middleware] INFO: Enabled downloader middlewares:
['scrapy.downloadermiddlewares.offsite.OffsiteMiddleware',
 'scrapy.downloadermiddlewares.httpauth.HttpAuthMiddleware',
 'scrapy.downloadermiddlewares.downloadtimeout.DownloadTimeoutMiddleware',
 'scrapy.downloadermiddlewares.defaultheaders.DefaultHeadersMiddleware',
 'NodeScrapy.middlewares.RandomUserAgentMiddleware',
 'scrapy.downloadermiddlewares.useragent.UserAgentMiddleware',
 'scrapy.downloadermiddlewares.retry.RetryMiddleware',
 'scrapy.downloadermiddlewares.redirect.MetaRefreshMiddleware',
 'scrapy.downloadermiddlewares.httpcompression.HttpCompressionMiddleware',
 'scrapy.downloadermiddlewares.redirect.RedirectMiddleware',
 'scrapy.downloadermiddlewares.cookies.CookiesMiddleware',
 'scrapy.downloadermiddlewares.httpproxy.HttpProxyMiddleware',
 'scrapy.downloadermiddlewares.stats.DownloaderStats']
2025-12-09 04:35:07 [scrapy.middleware] INFO: Enabled spider middlewares:
['scrapy.spidermiddlewares.start.StartSpiderMiddleware',
 'scrapy.spidermiddlewares.httperror.HttpErrorMiddleware',
 'scrapy.spidermiddlewares.referer.RefererMiddleware',
 'scrapy.spidermiddlewares.urllength.UrlLengthMiddleware',
 'scrapy.spidermiddlewares.depth.DepthMiddleware']
2025-12-09 04:35:07 [scrapy.middleware] INFO: Enabled item pipelines:
['NodeScrapy.pipelines.Pipeline']
2025-12-09 04:35:07 [scrapy.core.engine] INFO: Spider opened
2025-12-09 04:35:07 [py.warnings] WARNING: /opt/hostedtoolcache/Python/3.12.12/x64/lib/python3.12/site-packages/scrapy/core/spidermw.py:433: ScrapyDeprecationWarning: NodeScrapy.spiders.SimpleSpider.SimpleSpider (inherited by NodeScrapy.spiders.DecryptSpider.DecryptSpider) defines the deprecated start_requests() method. start_requests() has been deprecated in favor of a new method, start(), to support asynchronous code execution. start_requests() will stop being called in a future version of Scrapy. If you use Scrapy 2.13 or higher only, replace start_requests() with start(); note that start() is a coroutine (async def). If you need to maintain compatibility with lower Scrapy versions, when overriding start_requests() in a spider class, override start() as well; you can use super() to reuse the inherited start() implementation without copy-pasting. See the release notes of Scrapy 2.13 for details: https://docs.scrapy.org/en/2.13/news.html
  warn(

2025-12-09 04:35:07 [scrapy.extensions.logstats] INFO: Crawled 0 pages (at 0 pages/min), scraped 0 items (at 0 items/min)
2025-12-09 04:35:07 [scrapy.extensions.telnet] INFO: Telnet console listening on 127.0.0.1:6023
2025-12-09 04:35:07 [decrypt] INFO: yudou66 start
2025-12-09 04:35:07 [decrypt] INFO: blues start
2025-12-09 04:35:07 [decrypt] INFO: blues found https://blues2022.blogspot.com/2025/11/202511304kchatgpt4k8kclashv2ray.html on 2025-11-30
2025-12-09 04:35:07 [decrypt] INFO: blues found https://blues2022.blogspot.com/2025/11/202511294kchatgpt4k8kclashv2ray.html on 2025-11-29
2025-12-09 04:35:07 [decrypt] INFO: blues needs update, accessing https://blues2022.blogspot.com/2025/12/20251284kchatgpt4k8kclashv2ray.html
2025-12-09 04:35:07 [decrypt] INFO: blues needs update, accessing https://blues2022.blogspot.com/2025/12/20251274kchatgpt4k8kclashv2ray.html
2025-12-09 04:35:07 [decrypt] INFO: blues needs update, accessing https://blues2022.blogspot.com/2025/12/20251264kchatgpt4k8kclashv2ray.html
2025-12-09 04:35:10 [decrypt] WARNING: blues 4499 got 密碼錯誤
2025-12-09 04:35:11 [decrypt] WARNING: blues 0000 got 密碼錯誤
2025-12-09 04:35:14 [decrypt] INFO: blues saved new password 0011
2025-12-09 04:35:16 [decrypt] WARNING: blues 0011 got 密碼錯誤
2025-12-09 04:35:17 [decrypt] WARNING: blues 0000 got 密碼錯誤
2025-12-09 04:35:18 [decrypt] WARNING: blues 0011 got 密碼錯誤
2025-12-09 04:35:19 [decrypt] WARNING: blues 0022 got 密碼錯誤
2025-12-09 04:35:20 [decrypt] WARNING: blues 0033 got 密碼錯誤
2025-12-09 04:35:22 [decrypt] WARNING: blues 0044 got 密碼錯誤
2025-12-09 04:35:23 [decrypt] WARNING: blues 0055 got 密碼錯誤
2025-12-09 04:35:24 [decrypt] WARNING: blues 0066 got 密碼錯誤
2025-12-09 04:35:25 [decrypt] WARNING: blues 0077 got 密碼錯誤
2025-12-09 04:35:26 [decrypt] WARNING: blues 0088 got 密碼錯誤
2025-12-09 04:35:29 [decrypt] INFO: blues saved new password 0099
2025-12-09 04:35:30 [decrypt] WARNING: blues 0099 got 密碼錯誤
2025-12-09 04:35:31 [decrypt] WARNING: blues 0000 got 密碼錯誤
2025-12-09 04:35:32 [decrypt] WARNING: blues 0011 got 密碼錯誤
2025-12-09 04:35:33 [decrypt] WARNING: blues 0022 got 密碼錯誤
2025-12-09 04:35:34 [decrypt] WARNING: blues 0033 got 密碼錯誤
2025-12-09 04:35:35 [decrypt] WARNING: blues 0044 got 密碼錯誤
2025-12-09 04:35:36 [decrypt] WARNING: blues 0055 got 密碼錯誤
2025-12-09 04:35:37 [decrypt] WARNING: blues 0066 got 密碼錯誤
2025-12-09 04:35:38 [decrypt] WARNING: blues 0077 got 密碼錯誤
2025-12-09 04:35:40 [decrypt] WARNING: blues 0088 got 密碼錯誤
2025-12-09 04:35:41 [decrypt] WARNING: blues 0099 got 密碼錯誤
2025-12-09 04:35:42 [decrypt] WARNING: blues 1100 got 密碼錯誤
2025-12-09 04:35:43 [decrypt] WARNING: blues 1111 got 密碼錯誤
2025-12-09 04:35:44 [decrypt] WARNING: blues 1122 got 密碼錯誤
2025-12-09 04:35:45 [decrypt] WARNING: blues 1133 got 密碼錯誤
2025-12-09 04:35:46 [decrypt] WARNING: blues 1144 got 密碼錯誤
2025-12-09 04:35:47 [decrypt] WARNING: blues 1155 got 密碼錯誤
2025-12-09 04:35:47 [decrypt] WARNING: blues 1166 got 密碼錯誤
2025-12-09 04:35:49 [decrypt] WARNING: blues 1177 got 密碼錯誤
2025-12-09 04:35:50 [decrypt] WARNING: blues 1188 got 密碼錯誤
2025-12-09 04:35:50 [decrypt] WARNING: blues 1199 got 密碼錯誤
2025-12-09 04:35:51 [decrypt] WARNING: blues 2200 got 密碼錯誤
2025-12-09 04:35:52 [decrypt] WARNING: blues 2211 got 密碼錯誤
2025-12-09 04:35:53 [decrypt] WARNING: blues 2222 got 密碼錯誤
2025-12-09 04:35:55 [decrypt] WARNING: blues 2233 got 密碼錯誤
2025-12-09 04:35:55 [decrypt] WARNING: blues 2244 got 密碼錯誤
2025-12-09 04:35:57 [decrypt] WARNING: blues 2255 got 密碼錯誤
2025-12-09 04:35:57 [decrypt] WARNING: blues 2266 got 密碼錯誤
2025-12-09 04:35:58 [decrypt] WARNING: blues 2277 got 密碼錯誤
2025-12-09 04:35:59 [decrypt] WARNING: blues 2288 got 密碼錯誤
2025-12-09 04:36:00 [decrypt] WARNING: blues 2299 got 密碼錯誤
2025-12-09 04:36:01 [decrypt] WARNING: blues 3300 got 密碼錯誤
2025-12-09 04:36:04 [decrypt] INFO: blues saved new password 3311
2025-12-09 04:36:04 [decrypt] INFO: yudou66 needs update, accessing http://www.yudou6677.top/2025/12/20251209851080p4kv2rayclashsing.html
2025-12-09 04:36:04 [decrypt] INFO: yudou66 needs update, accessing http://www.yudou6677.top/2025/12/202512081001080p4kv2rayclashsing.html
2025-12-09 04:36:04 [decrypt] INFO: yudou66 needs update, accessing http://www.yudou6677.top/2025/12/20251207941080p4kv2rayclashsing.html
2025-12-09 04:36:05 [decrypt] WARNING: yudou66 6699 got 密碼錯誤
2025-12-09 04:36:05 [decrypt] WARNING: yudou66 0000 got 密碼錯誤
2025-12-09 04:36:06 [decrypt] WARNING: yudou66 0011 got 密碼錯誤
2025-12-09 04:36:06 [decrypt] WARNING: yudou66 0022 got 密碼錯誤
2025-12-09 04:36:06 [decrypt] WARNING: yudou66 0033 got 密碼錯誤
2025-12-09 04:36:07 [decrypt] WARNING: yudou66 0044 got 密碼錯誤
2025-12-09 04:38:07 [scrapy.core.scraper] ERROR: Spider error processing <GET http://www.yudou6677.top/2025/12/20251209851080p4kv2rayclashsing.html> (referer: None)
Traceback (most recent call last):
  File "/opt/hostedtoolcache/Python/3.12.12/x64/lib/python3.12/site-packages/urllib3/connectionpool.py", line 534, in _make_request
    response = conn.getresponse()
               ^^^^^^^^^^^^^^^^^^
  File "/opt/hostedtoolcache/Python/3.12.12/x64/lib/python3.12/site-packages/urllib3/connection.py", line 571, in getresponse
    httplib_response = super().getresponse()
                       ^^^^^^^^^^^^^^^^^^^^^
  File "/opt/hostedtoolcache/Python/3.12.12/x64/lib/python3.12/http/client.py", line 1430, in getresponse
    response.begin()
  File "/opt/hostedtoolcache/Python/3.12.12/x64/lib/python3.12/http/client.py", line 331, in begin
    version, status, reason = self._read_status()
                              ^^^^^^^^^^^^^^^^^^^
  File "/opt/hostedtoolcache/Python/3.12.12/x64/lib/python3.12/http/client.py", line 292, in _read_status
    line = str(self.fp.readline(_MAXLINE + 1), "iso-8859-1")
               ^^^^^^^^^^^^^^^^^^^^^^^^^^^^^^
  File "/opt/hostedtoolcache/Python/3.12.12/x64/lib/python3.12/socket.py", line 720, in readinto
    return self._sock.recv_into(b)
           ^^^^^^^^^^^^^^^^^^^^^^^
TimeoutError: timed out

The above exception was the direct cause of the following exception:

Traceback (most recent call last):
  File "/opt/hostedtoolcache/Python/3.12.12/x64/lib/python3.12/site-packages/scrapy/utils/defer.py", line 343, in iter_errback
    yield next(it)
          ^^^^^^^^
  File "/opt/hostedtoolcache/Python/3.12.12/x64/lib/python3.12/site-packages/scrapy/utils/python.py", line 369, in __next__
    return next(self.data)
           ^^^^^^^^^^^^^^^
  File "/opt/hostedtoolcache/Python/3.12.12/x64/lib/python3.12/site-packages/scrapy/utils/python.py", line 369, in __next__
    return next(self.data)
           ^^^^^^^^^^^^^^^
  File "/opt/hostedtoolcache/Python/3.12.12/x64/lib/python3.12/site-packages/scrapy/core/spidermw.py", line 167, in process_sync
    yield from iterable
  File "/opt/hostedtoolcache/Python/3.12.12/x64/lib/python3.12/site-packages/scrapy/spidermiddlewares/base.py", line 58, in process_spider_output
    for o in result:
             ^^^^^^
  File "/opt/hostedtoolcache/Python/3.12.12/x64/lib/python3.12/site-packages/scrapy/core/spidermw.py", line 167, in process_sync
    yield from iterable
  File "/opt/hostedtoolcache/Python/3.12.12/x64/lib/python3.12/site-packages/scrapy/spidermiddlewares/base.py", line 58, in process_spider_output
    for o in result:
             ^^^^^^
  File "/opt/hostedtoolcache/Python/3.12.12/x64/lib/python3.12/site-packages/scrapy/core/spidermw.py", line 167, in process_sync
    yield from iterable
  File "/opt/hostedtoolcache/Python/3.12.12/x64/lib/python3.12/site-packages/scrapy/spidermiddlewares/base.py", line 58, in process_spider_output
    for o in result:
             ^^^^^^
  File "/opt/hostedtoolcache/Python/3.12.12/x64/lib/python3.12/site-packages/scrapy/core/spidermw.py", line 167, in process_sync
    yield from iterable
  File "/opt/hostedtoolcache/Python/3.12.12/x64/lib/python3.12/site-packages/scrapy/spidermiddlewares/depth.py", line 59, in process_spider_output
    yield from super().process_spider_output(response, result, spider)
  File "/opt/hostedtoolcache/Python/3.12.12/x64/lib/python3.12/site-packages/scrapy/spidermiddlewares/base.py", line 58, in process_spider_output
    for o in result:
             ^^^^^^
  File "/opt/hostedtoolcache/Python/3.12.12/x64/lib/python3.12/site-packages/scrapy/core/spidermw.py", line 167, in process_sync
    yield from iterable
  File "/home/runner/work/FreeNodes/FreeNodes/NodeScrapy/spiders/DecryptSpider.py", line 97, in parse_blog
    ok, msg = self._decrypt(response.url, method, pwd)
              ^^^^^^^^^^^^^^^^^^^^^^^^^^^^^^^^^^^^^^^^
  File "/home/runner/work/FreeNodes/FreeNodes/NodeScrapy/spiders/DecryptSpider.py", line 46, in _decrypt
    self.driver.get(url)
  File "/opt/hostedtoolcache/Python/3.12.12/x64/lib/python3.12/site-packages/selenium/webdriver/remote/webdriver.py", line 452, in get
    self.execute(Command.GET, {"url": url})
  File "/opt/hostedtoolcache/Python/3.12.12/x64/lib/python3.12/site-packages/selenium/webdriver/remote/webdriver.py", line 429, in execute
    response = cast(RemoteConnection, self.command_executor).execute(driver_command, params)
               ^^^^^^^^^^^^^^^^^^^^^^^^^^^^^^^^^^^^^^^^^^^^^^^^^^^^^^^^^^^^^^^^^^^^^^^^^^^^^
  File "/opt/hostedtoolcache/Python/3.12.12/x64/lib/python3.12/site-packages/selenium/webdriver/remote/remote_connection.py", line 405, in execute
    return self._request(command_info[0], url, body=data)
           ^^^^^^^^^^^^^^^^^^^^^^^^^^^^^^^^^^^^^^^^^^^^^^
  File "/opt/hostedtoolcache/Python/3.12.12/x64/lib/python3.12/site-packages/selenium/webdriver/remote/remote_connection.py", line 429, in _request
    response = self._conn.request(method, url, body=body, headers=headers, timeout=self._client_config.timeout)
               ^^^^^^^^^^^^^^^^^^^^^^^^^^^^^^^^^^^^^^^^^^^^^^^^^^^^^^^^^^^^^^^^^^^^^^^^^^^^^^^^^^^^^^^^^^^^^^^^
  File "/opt/hostedtoolcache/Python/3.12.12/x64/lib/python3.12/site-packages/urllib3/_request_methods.py", line 143, in request
    return self.request_encode_body(
           ^^^^^^^^^^^^^^^^^^^^^^^^^
  File "/opt/hostedtoolcache/Python/3.12.12/x64/lib/python3.12/site-packages/urllib3/_request_methods.py", line 278, in request_encode_body
    return self.urlopen(method, url, **extra_kw)
           ^^^^^^^^^^^^^^^^^^^^^^^^^^^^^^^^^^^^^
  File "/opt/hostedtoolcache/Python/3.12.12/x64/lib/python3.12/site-packages/urllib3/poolmanager.py", line 457, in urlopen
    response = conn.urlopen(method, u.request_uri, **kw)
               ^^^^^^^^^^^^^^^^^^^^^^^^^^^^^^^^^^^^^^^^^
  File "/opt/hostedtoolcache/Python/3.12.12/x64/lib/python3.12/site-packages/urllib3/connectionpool.py", line 841, in urlopen
    retries = retries.increment(
              ^^^^^^^^^^^^^^^^^^
  File "/opt/hostedtoolcache/Python/3.12.12/x64/lib/python3.12/site-packages/urllib3/util/retry.py", line 474, in increment
    raise reraise(type(error), error, _stacktrace)
          ^^^^^^^^^^^^^^^^^^^^^^^^^^^^^^^^^^^^^^^^
  File "/opt/hostedtoolcache/Python/3.12.12/x64/lib/python3.12/site-packages/urllib3/util/util.py", line 39, in reraise
    raise value
  File "/opt/hostedtoolcache/Python/3.12.12/x64/lib/python3.12/site-packages/urllib3/connectionpool.py", line 787, in urlopen
    response = self._make_request(
               ^^^^^^^^^^^^^^^^^^^
  File "/opt/hostedtoolcache/Python/3.12.12/x64/lib/python3.12/site-packages/urllib3/connectionpool.py", line 536, in _make_request
    self._raise_timeout(err=e, url=url, timeout_value=read_timeout)
  File "/opt/hostedtoolcache/Python/3.12.12/x64/lib/python3.12/site-packages/urllib3/connectionpool.py", line 367, in _raise_timeout
    raise ReadTimeoutError(
urllib3.exceptions.ReadTimeoutError: HTTPConnectionPool(host='localhost', port=46175): Read timed out. (read timeout=120)
2025-12-09 04:38:07 [scrapy.extensions.logstats] INFO: Crawled 8 pages (at 8 pages/min), scraped 0 items (at 0 items/min)
2025-12-09 04:38:07 [decrypt] INFO: yudou66 found https://yy.yudou66.top/202512/20251207bh5ase.txt
2025-12-09 04:40:07 [scrapy.core.scraper] ERROR: Spider error processing <GET http://www.yudou6677.top/2025/12/202512081001080p4kv2rayclashsing.html?m=1> (referer: None)
Traceback (most recent call last):
  File "/opt/hostedtoolcache/Python/3.12.12/x64/lib/python3.12/site-packages/urllib3/connectionpool.py", line 534, in _make_request
    response = conn.getresponse()
               ^^^^^^^^^^^^^^^^^^
  File "/opt/hostedtoolcache/Python/3.12.12/x64/lib/python3.12/site-packages/urllib3/connection.py", line 571, in getresponse
    httplib_response = super().getresponse()
                       ^^^^^^^^^^^^^^^^^^^^^
  File "/opt/hostedtoolcache/Python/3.12.12/x64/lib/python3.12/http/client.py", line 1430, in getresponse
    response.begin()
  File "/opt/hostedtoolcache/Python/3.12.12/x64/lib/python3.12/http/client.py", line 331, in begin
    version, status, reason = self._read_status()
                              ^^^^^^^^^^^^^^^^^^^
  File "/opt/hostedtoolcache/Python/3.12.12/x64/lib/python3.12/http/client.py", line 292, in _read_status
    line = str(self.fp.readline(_MAXLINE + 1), "iso-8859-1")
               ^^^^^^^^^^^^^^^^^^^^^^^^^^^^^^
  File "/opt/hostedtoolcache/Python/3.12.12/x64/lib/python3.12/socket.py", line 720, in readinto
    return self._sock.recv_into(b)
           ^^^^^^^^^^^^^^^^^^^^^^^
TimeoutError: timed out

The above exception was the direct cause of the following exception:

Traceback (most recent call last):
  File "/opt/hostedtoolcache/Python/3.12.12/x64/lib/python3.12/site-packages/scrapy/utils/defer.py", line 343, in iter_errback
    yield next(it)
          ^^^^^^^^
  File "/opt/hostedtoolcache/Python/3.12.12/x64/lib/python3.12/site-packages/scrapy/utils/python.py", line 369, in __next__
    return next(self.data)
           ^^^^^^^^^^^^^^^
  File "/opt/hostedtoolcache/Python/3.12.12/x64/lib/python3.12/site-packages/scrapy/utils/python.py", line 369, in __next__
    return next(self.data)
           ^^^^^^^^^^^^^^^
  File "/opt/hostedtoolcache/Python/3.12.12/x64/lib/python3.12/site-packages/scrapy/core/spidermw.py", line 167, in process_sync
    yield from iterable
  File "/opt/hostedtoolcache/Python/3.12.12/x64/lib/python3.12/site-packages/scrapy/spidermiddlewares/base.py", line 58, in process_spider_output
    for o in result:
             ^^^^^^
  File "/opt/hostedtoolcache/Python/3.12.12/x64/lib/python3.12/site-packages/scrapy/core/spidermw.py", line 167, in process_sync
    yield from iterable
  File "/opt/hostedtoolcache/Python/3.12.12/x64/lib/python3.12/site-packages/scrapy/spidermiddlewares/base.py", line 58, in process_spider_output
    for o in result:
             ^^^^^^
  File "/opt/hostedtoolcache/Python/3.12.12/x64/lib/python3.12/site-packages/scrapy/core/spidermw.py", line 167, in process_sync
    yield from iterable
  File "/opt/hostedtoolcache/Python/3.12.12/x64/lib/python3.12/site-packages/scrapy/spidermiddlewares/base.py", line 58, in process_spider_output
    for o in result:
             ^^^^^^
  File "/opt/hostedtoolcache/Python/3.12.12/x64/lib/python3.12/site-packages/scrapy/core/spidermw.py", line 167, in process_sync
    yield from iterable
  File "/opt/hostedtoolcache/Python/3.12.12/x64/lib/python3.12/site-packages/scrapy/spidermiddlewares/depth.py", line 59, in process_spider_output
    yield from super().process_spider_output(response, result, spider)
  File "/opt/hostedtoolcache/Python/3.12.12/x64/lib/python3.12/site-packages/scrapy/spidermiddlewares/base.py", line 58, in process_spider_output
    for o in result:
             ^^^^^^
  File "/opt/hostedtoolcache/Python/3.12.12/x64/lib/python3.12/site-packages/scrapy/core/spidermw.py", line 167, in process_sync
    yield from iterable
  File "/home/runner/work/FreeNodes/FreeNodes/NodeScrapy/spiders/DecryptSpider.py", line 97, in parse_blog
    ok, msg = self._decrypt(response.url, method, pwd)
              ^^^^^^^^^^^^^^^^^^^^^^^^^^^^^^^^^^^^^^^^
  File "/home/runner/work/FreeNodes/FreeNodes/NodeScrapy/spiders/DecryptSpider.py", line 46, in _decrypt
    self.driver.get(url)
  File "/opt/hostedtoolcache/Python/3.12.12/x64/lib/python3.12/site-packages/selenium/webdriver/remote/webdriver.py", line 452, in get
    self.execute(Command.GET, {"url": url})
  File "/opt/hostedtoolcache/Python/3.12.12/x64/lib/python3.12/site-packages/selenium/webdriver/remote/webdriver.py", line 429, in execute
    response = cast(RemoteConnection, self.command_executor).execute(driver_command, params)
               ^^^^^^^^^^^^^^^^^^^^^^^^^^^^^^^^^^^^^^^^^^^^^^^^^^^^^^^^^^^^^^^^^^^^^^^^^^^^^
  File "/opt/hostedtoolcache/Python/3.12.12/x64/lib/python3.12/site-packages/selenium/webdriver/remote/remote_connection.py", line 405, in execute
    return self._request(command_info[0], url, body=data)
           ^^^^^^^^^^^^^^^^^^^^^^^^^^^^^^^^^^^^^^^^^^^^^^
  File "/opt/hostedtoolcache/Python/3.12.12/x64/lib/python3.12/site-packages/selenium/webdriver/remote/remote_connection.py", line 429, in _request
    response = self._conn.request(method, url, body=body, headers=headers, timeout=self._client_config.timeout)
               ^^^^^^^^^^^^^^^^^^^^^^^^^^^^^^^^^^^^^^^^^^^^^^^^^^^^^^^^^^^^^^^^^^^^^^^^^^^^^^^^^^^^^^^^^^^^^^^^
  File "/opt/hostedtoolcache/Python/3.12.12/x64/lib/python3.12/site-packages/urllib3/_request_methods.py", line 143, in request
    return self.request_encode_body(
           ^^^^^^^^^^^^^^^^^^^^^^^^^
  File "/opt/hostedtoolcache/Python/3.12.12/x64/lib/python3.12/site-packages/urllib3/_request_methods.py", line 278, in request_encode_body
    return self.urlopen(method, url, **extra_kw)
           ^^^^^^^^^^^^^^^^^^^^^^^^^^^^^^^^^^^^^
  File "/opt/hostedtoolcache/Python/3.12.12/x64/lib/python3.12/site-packages/urllib3/poolmanager.py", line 457, in urlopen
    response = conn.urlopen(method, u.request_uri, **kw)
               ^^^^^^^^^^^^^^^^^^^^^^^^^^^^^^^^^^^^^^^^^
  File "/opt/hostedtoolcache/Python/3.12.12/x64/lib/python3.12/site-packages/urllib3/connectionpool.py", line 841, in urlopen
    retries = retries.increment(
              ^^^^^^^^^^^^^^^^^^
  File "/opt/hostedtoolcache/Python/3.12.12/x64/lib/python3.12/site-packages/urllib3/util/retry.py", line 474, in increment
    raise reraise(type(error), error, _stacktrace)
          ^^^^^^^^^^^^^^^^^^^^^^^^^^^^^^^^^^^^^^^^
  File "/opt/hostedtoolcache/Python/3.12.12/x64/lib/python3.12/site-packages/urllib3/util/util.py", line 39, in reraise
    raise value
  File "/opt/hostedtoolcache/Python/3.12.12/x64/lib/python3.12/site-packages/urllib3/connectionpool.py", line 787, in urlopen
    response = self._make_request(
               ^^^^^^^^^^^^^^^^^^^
  File "/opt/hostedtoolcache/Python/3.12.12/x64/lib/python3.12/site-packages/urllib3/connectionpool.py", line 536, in _make_request
    self._raise_timeout(err=e, url=url, timeout_value=read_timeout)
  File "/opt/hostedtoolcache/Python/3.12.12/x64/lib/python3.12/site-packages/urllib3/connectionpool.py", line 367, in _raise_timeout
    raise ReadTimeoutError(
urllib3.exceptions.ReadTimeoutError: HTTPConnectionPool(host='localhost', port=46175): Read timed out. (read timeout=120)
2025-12-09 04:40:07 [scrapy.extensions.logstats] INFO: Crawled 8 pages (at 0 pages/min), scraped 0 items (at 0 items/min)
2025-12-09 04:40:08 [decrypt] INFO: Pipeline got item yudou66.txt
2025-12-09 04:40:08 [decrypt] INFO: Pipeline processed yudou66.txt
2025-12-09 04:40:08 [scrapy.core.engine] INFO: Closing spider (finished)
2025-12-09 04:42:08 [urllib3.connectionpool] WARNING: Retrying (Retry(total=2, connect=None, read=None, redirect=None, status=None)) after connection broken by 'ReadTimeoutError("HTTPConnectionPool(host='localhost', port=46175): Read timed out. (read timeout=120)")': /session/d0c565cb4a78de4db9b94ff4b6c52479
2025-12-09 04:44:08 [urllib3.connectionpool] WARNING: Retrying (Retry(total=1, connect=None, read=None, redirect=None, status=None)) after connection broken by 'ReadTimeoutError("HTTPConnectionPool(host='localhost', port=46175): Read timed out. (read timeout=120)")': /session/d0c565cb4a78de4db9b94ff4b6c52479
2025-12-09 04:46:08 [urllib3.connectionpool] WARNING: Retrying (Retry(total=0, connect=None, read=None, redirect=None, status=None)) after connection broken by 'ReadTimeoutError("HTTPConnectionPool(host='localhost', port=46175): Read timed out. (read timeout=120)")': /session/d0c565cb4a78de4db9b94ff4b6c52479
2025-12-09 04:46:11 [scrapy.statscollectors] INFO: Dumping Scrapy stats:
{'downloader/request_bytes': 5200,
 'downloader/request_count': 14,
 'downloader/request_method_count/GET': 14,
 'downloader/response_bytes': 335717,
 'downloader/response_count': 14,
 'downloader/response_status_count/200': 9,
 'downloader/response_status_count/302': 5,
 'elapsed_time_seconds': 664.088855,
 'finish_reason': 'finished',
 'finish_time': datetime.datetime(2025, 12, 9, 4, 46, 11, 150835, tzinfo=datetime.timezone.utc),
 'httpcompression/response_bytes': 1724592,
 'httpcompression/response_count': 9,
 'item_scraped_count': 1,
 'items_per_minute': 0.09036144578313253,
 'log_count/ERROR': 2,
 'log_count/INFO': 28,
 'log_count/WARNING': 55,
 'memusage/max': 189296640,
 'memusage/startup': 181116928,
 'request_depth_max': 2,
 'response_received_count': 9,
 'responses_per_minute': 0.8132530120481928,
 'scheduler/dequeued': 14,
 'scheduler/dequeued/memory': 14,
 'scheduler/enqueued': 14,
 'scheduler/enqueued/memory': 14,
 'spider_exceptions/ReadTimeoutError': 2,
 'spider_exceptions/count': 2,
 'start_time': datetime.datetime(2025, 12, 9, 4, 35, 7, 61980, tzinfo=datetime.timezone.utc)}
2025-12-09 04:46:11 [scrapy.core.engine] INFO: Spider closed (finished)
